<?xml version="1.0" encoding="UTF-8"?>
<coverage generated="1578383115834" clover="3.2.0">
  <project timestamp="1578383115834" name="All files">
    <metrics statements="842" coveredstatements="732" conditionals="457" coveredconditionals="360" methods="91" coveredmethods="87" elements="1390" coveredelements="1179" complexity="0" loc="842" ncloc="842" packages="7" files="9" classes="9"/>
    <package name="controller.objects">
      <metrics statements="338" coveredstatements="279" conditionals="196" coveredconditionals="141" methods="40" coveredmethods="37"/>
      <file name="series.ts" path="C:\Users\dbergmann\Desktop\list-manager\src\backend\controller\objects\series.ts">
        <metrics statements="338" coveredstatements="279" conditionals="196" coveredconditionals="141" methods="40" coveredmethods="37"/>
        <line num="1" count="41" type="stmt"/>
        <line num="2" count="41" type="stmt"/>
        <line num="3" count="41" type="stmt"/>
        <line num="4" count="41" type="stmt"/>
        <line num="5" count="41" type="stmt"/>
        <line num="6" count="41" type="stmt"/>
        <line num="7" count="41" type="stmt"/>
        <line num="8" count="41" type="stmt"/>
        <line num="9" count="41" type="stmt"/>
        <line num="10" count="41" type="stmt"/>
        <line num="11" count="41" type="stmt"/>
        <line num="14" count="41" type="stmt"/>
        <line num="15" count="41" type="stmt"/>
        <line num="16" count="41" type="stmt"/>
        <line num="19" count="41" type="stmt"/>
        <line num="20" count="41" type="stmt"/>
        <line num="22" count="41" type="stmt"/>
        <line num="24" count="41" type="stmt"/>
        <line num="26" count="41" type="stmt"/>
        <line num="27" count="41" type="stmt"/>
        <line num="29" count="41" type="stmt"/>
        <line num="30" count="41" type="stmt"/>
        <line num="32" count="7526" type="stmt"/>
        <line num="33" count="7526" type="stmt"/>
        <line num="34" count="7526" type="stmt"/>
        <line num="35" count="7526" type="stmt"/>
        <line num="39" count="7526" type="stmt"/>
        <line num="40" count="7526" type="stmt"/>
        <line num="44" count="7526" type="stmt"/>
        <line num="46" count="7526" type="stmt"/>
        <line num="50" count="8802" type="stmt"/>
        <line num="51" count="8802" type="stmt"/>
        <line num="52" count="8802" type="stmt"/>
        <line num="53" count="8802" type="stmt"/>
        <line num="57" count="77" type="stmt"/>
        <line num="58" count="77" type="stmt"/>
        <line num="59" count="77" type="stmt"/>
        <line num="60" count="324" type="cond" truecount="2" falsecount="0"/>
        <line num="61" count="24" type="stmt"/>
        <line num="64" count="77" type="stmt"/>
        <line num="71" count="107091" type="stmt"/>
        <line num="72" count="107091" type="stmt"/>
        <line num="79" count="117914" type="stmt"/>
        <line num="80" count="117914" type="stmt"/>
        <line num="81" count="127000" type="stmt"/>
        <line num="82" count="127000" type="stmt"/>
        <line num="84" count="0" type="stmt"/>
        <line num="87" count="117914" type="stmt"/>
        <line num="95" count="3" type="stmt"/>
        <line num="96" count="3" type="stmt"/>
        <line num="97" count="3" type="stmt"/>
        <line num="99" count="3" type="stmt"/>
        <line num="112" count="0" type="stmt"/>
        <line num="113" count="0" type="stmt"/>
        <line num="114" count="0" type="stmt"/>
        <line num="115" count="0" type="stmt"/>
        <line num="116" count="0" type="cond" truecount="0" falsecount="4"/>
        <line num="117" count="0" type="stmt"/>
        <line num="118" count="0" type="cond" truecount="0" falsecount="2"/>
        <line num="119" count="0" type="stmt"/>
        <line num="120" count="0" type="cond" truecount="0" falsecount="2"/>
        <line num="121" count="0" type="stmt"/>
        <line num="126" count="0" type="stmt"/>
        <line num="133" count="9" type="stmt"/>
        <line num="134" count="9" type="stmt"/>
        <line num="135" count="9" type="stmt"/>
        <line num="136" count="9" type="stmt"/>
        <line num="137" count="7" type="cond" truecount="1" falsecount="1"/>
        <line num="138" count="0" type="stmt"/>
        <line num="140" count="7" type="stmt"/>
        <line num="147" count="1" type="stmt"/>
        <line num="148" count="2" type="stmt"/>
        <line num="149" count="1" type="stmt"/>
        <line num="157" count="6287" type="stmt"/>
        <line num="159" count="6287" type="stmt"/>
        <line num="160" count="6634" type="stmt"/>
        <line num="162" count="0" type="stmt"/>
        <line num="164" count="6287" type="cond" truecount="1" falsecount="1"/>
        <line num="165" count="6287" type="stmt"/>
        <line num="167" count="0" type="stmt"/>
        <line num="175" count="16104" type="stmt"/>
        <line num="176" count="16104" type="cond" truecount="5" falsecount="0"/>
        <line num="177" count="8049" type="stmt"/>
        <line num="178" count="8049" type="cond" truecount="4" falsecount="0"/>
        <line num="180" count="90" type="cond" truecount="5" falsecount="0"/>
        <line num="181" count="19" type="cond" truecount="2" falsecount="0"/>
        <line num="182" count="18" type="stmt"/>
        <line num="183" count="18" type="stmt"/>
        <line num="184" count="18" type="stmt"/>
        <line num="185" count="18" type="stmt"/>
        <line num="188" count="90" type="stmt"/>
        <line num="189" count="90" type="stmt"/>
        <line num="190" count="7959" type="cond" truecount="2" falsecount="0"/>
        <line num="191" count="330" type="stmt"/>
        <line num="193" count="7629" type="stmt"/>
        <line num="194" count="7629" type="stmt"/>
        <line num="197" count="16014" type="cond" truecount="2" falsecount="0"/>
        <line num="198" count="655" type="stmt"/>
        <line num="200" count="15359" type="stmt"/>
        <line num="204" count="84" type="stmt"/>
        <line num="205" count="84" type="stmt"/>
        <line num="206" count="84" type="stmt"/>
        <line num="207" count="84" type="stmt"/>
        <line num="208" count="85" type="cond" truecount="4" falsecount="0"/>
        <line num="209" count="84" type="stmt"/>
        <line num="210" count="84" type="stmt"/>
        <line num="211" count="89" type="stmt"/>
        <line num="213" count="240" type="cond" truecount="2" falsecount="0"/>
        <line num="214" count="89" type="cond" truecount="2" falsecount="0"/>
        <line num="215" count="29" type="stmt"/>
        <line num="223" count="0" type="stmt"/>
        <line num="225" count="55" type="stmt"/>
        <line num="229" count="255" type="cond" truecount="2" falsecount="0"/>
        <line num="230" count="85" type="stmt"/>
        <line num="232" count="255" type="cond" truecount="1" falsecount="1"/>
        <line num="233" count="0" type="stmt"/>
        <line num="235" count="255" type="stmt"/>
        <line num="236" count="255" type="stmt"/>
        <line num="237" count="255" type="stmt"/>
        <line num="238" count="255" type="stmt"/>
        <line num="239" count="726" type="stmt"/>
        <line num="240" count="726" type="cond" truecount="4" falsecount="0"/>
        <line num="241" count="216" type="stmt"/>
        <line num="242" count="257" type="stmt"/>
        <line num="243" count="877" type="cond" truecount="2" falsecount="0"/>
        <line num="244" count="248" type="cond" truecount="2" falsecount="0"/>
        <line num="245" count="38" type="stmt"/>
        <line num="254" count="0" type="stmt"/>
        <line num="256" count="217" type="stmt"/>
        <line num="260" count="47" type="cond" truecount="1" falsecount="1"/>
        <line num="261" count="0" type="stmt"/>
        <line num="263" count="47" type="stmt"/>
        <line num="264" count="47" type="stmt"/>
        <line num="265" count="45" type="stmt"/>
        <line num="267" count="2" type="stmt"/>
        <line num="268" count="2" type="stmt"/>
        <line num="270" count="47" type="stmt"/>
        <line num="274" count="59079" type="stmt"/>
        <line num="275" count="84679" type="stmt"/>
        <line num="276" count="59079" type="cond" truecount="1" falsecount="1"/>
        <line num="277" count="59079" type="stmt"/>
        <line num="279" count="0" type="stmt"/>
        <line num="288" count="37" type="stmt"/>
        <line num="289" count="37" type="stmt"/>
        <line num="291" count="37" type="stmt"/>
        <line num="292" count="37" type="stmt"/>
        <line num="293" count="37" type="stmt"/>
        <line num="294" count="37" type="cond" truecount="2" falsecount="0"/>
        <line num="295" count="26" type="stmt"/>
        <line num="296" count="26" type="stmt"/>
        <line num="298" count="37" type="stmt"/>
        <line num="299" count="37" type="stmt"/>
        <line num="300" count="37" type="stmt"/>
        <line num="302" count="37" type="cond" truecount="1" falsecount="1"/>
        <line num="303" count="0" type="stmt"/>
        <line num="305" count="37" type="stmt"/>
        <line num="308" count="37" type="cond" truecount="2" falsecount="0"/>
        <line num="309" count="4" type="stmt"/>
        <line num="311" count="33" type="stmt"/>
        <line num="314" count="37" type="stmt"/>
        <line num="318" count="4" type="stmt"/>
        <line num="319" count="3" type="stmt"/>
        <line num="320" count="3" type="cond" truecount="1" falsecount="1"/>
        <line num="321" count="3" type="stmt"/>
        <line num="322" count="3" type="cond" truecount="1" falsecount="1"/>
        <line num="323" count="0" type="stmt"/>
        <line num="326" count="3" type="stmt"/>
        <line num="327" count="3" type="cond" truecount="1" falsecount="1"/>
        <line num="328" count="3" type="stmt"/>
        <line num="330" count="0" type="stmt"/>
        <line num="333" count="0" type="stmt"/>
        <line num="341" count="1" type="stmt"/>
        <line num="342" count="1" type="cond" truecount="1" falsecount="1"/>
        <line num="343" count="0" type="stmt"/>
        <line num="346" count="1" type="cond" truecount="1" falsecount="1"/>
        <line num="347" count="1" type="stmt"/>
        <line num="349" count="1" type="cond" truecount="1" falsecount="1"/>
        <line num="350" count="0" type="stmt"/>
        <line num="351" count="0" type="cond" truecount="0" falsecount="2"/>
        <line num="352" count="0" type="stmt"/>
        <line num="354" count="0" type="stmt"/>
        <line num="358" count="1" type="cond" truecount="1" falsecount="1"/>
        <line num="359" count="1" type="stmt"/>
        <line num="360" count="1" type="stmt"/>
        <line num="361" count="1" type="cond" truecount="1" falsecount="1"/>
        <line num="362" count="1" type="stmt"/>
        <line num="363" count="1" type="stmt"/>
        <line num="368" count="0" type="stmt"/>
        <line num="378" count="4153" type="stmt"/>
        <line num="380" count="4153" type="stmt"/>
        <line num="381" count="4213" type="stmt"/>
        <line num="382" count="40433" type="cond" truecount="2" falsecount="0"/>
        <line num="383" count="40253" type="stmt"/>
        <line num="384" count="40253" type="stmt"/>
        <line num="386" count="40193" type="stmt"/>
        <line num="391" count="4153" type="cond" truecount="2" falsecount="0"/>
        <line num="392" count="4152" type="stmt"/>
        <line num="395" count="4153" type="stmt"/>
        <line num="399" count="870" type="stmt"/>
        <line num="400" count="1009" type="cond" truecount="2" falsecount="0"/>
        <line num="401" count="174" type="stmt"/>
        <line num="404" count="696" type="stmt"/>
        <line num="405" count="432" type="cond" truecount="2" falsecount="0"/>
        <line num="406" count="1" type="stmt"/>
        <line num="409" count="695" type="stmt"/>
        <line num="413" count="893" type="stmt"/>
        <line num="414" count="1080" type="cond" truecount="2" falsecount="0"/>
        <line num="415" count="85" type="stmt"/>
        <line num="418" count="808" type="stmt"/>
        <line num="419" count="731" type="cond" truecount="1" falsecount="1"/>
        <line num="420" count="0" type="stmt"/>
        <line num="423" count="808" type="stmt"/>
        <line num="428" count="251081" type="stmt"/>
        <line num="429" count="251081" type="stmt"/>
        <line num="430" count="251081" type="stmt"/>
        <line num="431" count="251081" type="stmt"/>
        <line num="435" count="92066" type="stmt"/>
        <line num="436" count="92066" type="stmt"/>
        <line num="437" count="97860" type="cond" truecount="2" falsecount="0"/>
        <line num="438" count="804" type="stmt"/>
        <line num="442" count="92066" type="stmt"/>
        <line num="444" count="92066" type="cond" truecount="2" falsecount="0"/>
        <line num="445" count="91418" type="stmt"/>
        <line num="446" count="91418" type="stmt"/>
        <line num="448" count="648" type="stmt"/>
        <line num="449" count="648" type="cond" truecount="1" falsecount="1"/>
        <line num="450" count="648" type="stmt"/>
        <line num="451" count="648" type="stmt"/>
        <line num="454" count="0" type="stmt"/>
        <line num="455" count="0" type="stmt"/>
        <line num="463" count="13904" type="stmt"/>
        <line num="464" count="13904" type="stmt"/>
        <line num="465" count="16291" type="cond" truecount="2" falsecount="0"/>
        <line num="466" count="14160" type="stmt"/>
        <line num="469" count="13904" type="stmt"/>
        <line num="476" count="0" type="stmt"/>
        <line num="477" count="0" type="cond" truecount="0" falsecount="2"/>
        <line num="478" count="0" type="stmt"/>
        <line num="480" count="0" type="stmt"/>
        <line num="481" count="0" type="cond" truecount="0" falsecount="2"/>
        <line num="482" count="0" type="stmt"/>
        <line num="485" count="0" type="stmt"/>
        <line num="489" count="14" type="stmt"/>
        <line num="490" count="92" type="stmt"/>
        <line num="491" count="14" type="stmt"/>
        <line num="492" count="14" type="stmt"/>
        <line num="496" count="40253" type="stmt"/>
        <line num="497" count="40253" type="stmt"/>
        <line num="498" count="40253" type="cond" truecount="5" falsecount="0"/>
        <line num="499" count="40248" type="stmt"/>
        <line num="500" count="43954" type="stmt"/>
        <line num="501" count="43954" type="stmt"/>
        <line num="502" count="43976" type="cond" truecount="2" falsecount="0"/>
        <line num="503" count="155" type="stmt"/>
        <line num="504" count="155" type="stmt"/>
        <line num="505" count="155" type="cond" truecount="3" falsecount="1"/>
        <line num="506" count="0" type="stmt"/>
        <line num="507" count="155" type="cond" truecount="4" falsecount="0"/>
        <line num="508" count="10" type="stmt"/>
        <line num="510" count="145" type="stmt"/>
        <line num="511" count="67" type="cond" truecount="2" falsecount="0"/>
        <line num="512" count="23" type="stmt"/>
        <line num="515" count="122" type="stmt"/>
        <line num="516" count="24" type="cond" truecount="2" falsecount="0"/>
        <line num="517" count="12" type="stmt"/>
        <line num="520" count="110" type="stmt"/>
        <line num="521" count="58" type="cond" truecount="2" falsecount="0"/>
        <line num="522" count="11" type="stmt"/>
        <line num="525" count="99" type="stmt"/>
        <line num="526" count="26" type="cond" truecount="2" falsecount="0"/>
        <line num="527" count="4" type="stmt"/>
        <line num="534" count="40193" type="stmt"/>
        <line num="541" count="92066" type="stmt"/>
        <line num="542" count="92066" type="stmt"/>
        <line num="543" count="97880" type="stmt"/>
        <line num="544" count="97880" type="cond" truecount="2" falsecount="0"/>
        <line num="545" count="134" type="stmt"/>
        <line num="548" count="92066" type="stmt"/>
        <line num="558" count="47" type="cond" truecount="2" falsecount="0"/>
        <line num="559" count="30" type="stmt"/>
        <line num="561" count="17" type="stmt"/>
        <line num="562" count="17" type="stmt"/>
        <line num="563" count="17" type="stmt"/>
        <line num="565" count="0" type="stmt"/>
        <line num="566" count="0" type="stmt"/>
        <line num="568" count="17" type="cond" truecount="1" falsecount="1"/>
        <line num="569" count="0" type="stmt"/>
        <line num="571" count="17" type="stmt"/>
        <line num="572" count="17" type="cond" truecount="2" falsecount="0"/>
        <line num="573" count="1" type="stmt"/>
        <line num="574" count="1" type="stmt"/>
        <line num="575" count="2" type="stmt"/>
        <line num="576" count="2" type="cond" truecount="3" falsecount="1"/>
        <line num="577" count="2" type="cond" truecount="4" falsecount="0"/>
        <line num="578" count="1" type="stmt"/>
        <line num="584" count="15" type="stmt"/>
        <line num="585" count="30" type="stmt"/>
        <line num="586" count="30" type="cond" truecount="5" falsecount="0"/>
        <line num="587" count="14" type="stmt"/>
        <line num="588" count="14" type="stmt"/>
        <line num="589" count="14" type="cond" truecount="4" falsecount="1"/>
        <line num="590" count="0" type="cond" truecount="0" falsecount="2"/>
        <line num="591" count="0" type="stmt"/>
        <line num="595" count="0" type="cond" truecount="0" falsecount="2"/>
        <line num="596" count="0" type="cond" truecount="0" falsecount="4"/>
        <line num="597" count="0" type="stmt"/>
        <line num="598" count="0" type="cond" truecount="0" falsecount="2"/>
        <line num="599" count="0" type="stmt"/>
        <line num="600" count="0" type="cond" truecount="0" falsecount="2"/>
        <line num="601" count="0" type="stmt"/>
        <line num="603" count="0" type="stmt"/>
        <line num="604" count="0" type="stmt"/>
        <line num="607" count="0" type="stmt"/>
        <line num="614" count="15" type="stmt"/>
        <line num="621" count="21" type="stmt"/>
        <line num="622" count="21" type="stmt"/>
        <line num="623" count="21" type="stmt"/>
        <line num="624" count="21" type="cond" truecount="1" falsecount="1"/>
        <line num="625" count="21" type="stmt"/>
        <line num="626" count="41" type="cond" truecount="1" falsecount="1"/>
        <line num="627" count="41" type="cond" truecount="1" falsecount="1"/>
        <line num="628" count="41" type="cond" truecount="2" falsecount="0"/>
        <line num="629" count="21" type="stmt"/>
        <line num="631" count="20" type="cond" truecount="2" falsecount="0"/>
        <line num="632" count="20" type="cond" truecount="2" falsecount="0"/>
        <line num="633" count="20" type="cond" truecount="2" falsecount="2"/>
        <line num="634" count="0" type="cond" truecount="0" falsecount="2"/>
        <line num="635" count="0" type="stmt"/>
        <line num="637" count="20" type="cond" truecount="1" falsecount="1"/>
        <line num="638" count="0" type="stmt"/>
        <line num="645" count="21" type="stmt"/>
        <line num="650" count="41" type="cond" truecount="2" falsecount="0"/>
        <line num="652" count="41" type="stmt"/>
        <line num="654" count="41" type="stmt"/>
        <line num="656" count="41" type="stmt"/>
        <line num="658" count="41" type="stmt"/>
        <line num="660" count="41" type="stmt"/>
        <line num="662" count="41" type="stmt"/>
      </file>
    </package>
    <package name="controller.objects.extension.provider-extension">
      <metrics statements="34" coveredstatements="34" conditionals="12" coveredconditionals="11" methods="10" coveredmethods="10"/>
      <file name="series-provider-extension.ts" path="C:\Users\dbergmann\Desktop\list-manager\src\backend\controller\objects\extension\provider-extension\series-provider-extension.ts">
        <metrics statements="34" coveredstatements="34" conditionals="12" coveredconditionals="11" methods="10" coveredmethods="10"/>
        <line num="1" count="41" type="stmt"/>
        <line num="2" count="41" type="stmt"/>
        <line num="5" count="41" type="stmt"/>
        <line num="6" count="41" type="stmt"/>
        <line num="7" count="41" type="stmt"/>
        <line num="8" count="41" type="stmt"/>
        <line num="12" count="41" type="stmt"/>
        <line num="13" count="7526" type="stmt"/>
        <line num="14" count="7526" type="stmt"/>
        <line num="21" count="535" type="stmt"/>
        <line num="22" count="411" type="cond" truecount="2" falsecount="0"/>
        <line num="23" count="254" type="stmt"/>
        <line num="24" count="254" type="stmt"/>
        <line num="26" count="157" type="stmt"/>
        <line num="35" count="989" type="stmt"/>
        <line num="36" count="989" type="cond" truecount="2" falsecount="0"/>
        <line num="37" count="868" type="stmt"/>
        <line num="38" count="868" type="stmt"/>
        <line num="40" count="121" type="stmt"/>
        <line num="45" count="4929" type="stmt"/>
        <line num="46" count="962" type="cond" truecount="2" falsecount="0"/>
        <line num="47" count="626" type="stmt"/>
        <line num="48" count="336" type="cond" truecount="2" falsecount="0"/>
        <line num="49" count="322" type="stmt"/>
        <line num="55" count="380" type="stmt"/>
        <line num="56" count="101" type="cond" truecount="2" falsecount="0"/>
        <line num="57" count="32" type="stmt"/>
        <line num="58" count="69" type="cond" truecount="1" falsecount="1"/>
        <line num="59" count="69" type="stmt"/>
        <line num="65" count="354961" type="stmt"/>
        <line num="66" count="354961" type="stmt"/>
        <line num="70" count="252660" type="stmt"/>
        <line num="71" count="252660" type="stmt"/>
        <line num="75" count="59097" type="stmt"/>
      </file>
    </package>
    <package name="controller.objects.extension.provider-extension.binding">
      <metrics statements="12" coveredstatements="12" conditionals="2" coveredconditionals="2" methods="3" coveredmethods="3"/>
      <file name="info-local-data-bind.ts" path="C:\Users\dbergmann\Desktop\list-manager\src\backend\controller\objects\extension\provider-extension\binding\info-local-data-bind.ts">
        <metrics statements="3" coveredstatements="3" conditionals="0" coveredconditionals="0" methods="1" coveredmethods="1"/>
        <line num="2" count="41" type="stmt"/>
        <line num="4" count="41" type="stmt"/>
        <line num="6" count="254" type="stmt"/>
      </file>
      <file name="list-local-data-bind.ts" path="C:\Users\dbergmann\Desktop\list-manager\src\backend\controller\objects\extension\provider-extension\binding\list-local-data-bind.ts">
        <metrics statements="3" coveredstatements="3" conditionals="0" coveredconditionals="0" methods="1" coveredmethods="1"/>
        <line num="3" count="41" type="stmt"/>
        <line num="5" count="41" type="stmt"/>
        <line num="7" count="868" type="stmt"/>
      </file>
      <file name="local-data-bind.ts" path="C:\Users\dbergmann\Desktop\list-manager\src\backend\controller\objects\extension\provider-extension\binding\local-data-bind.ts">
        <metrics statements="6" coveredstatements="6" conditionals="2" coveredconditionals="2" methods="1" coveredmethods="1"/>
        <line num="4" count="41" type="stmt"/>
        <line num="10" count="1122" type="stmt"/>
        <line num="11" count="1122" type="stmt"/>
        <line num="12" count="1122" type="cond" truecount="2" falsecount="0"/>
        <line num="13" count="9" type="stmt"/>
        <line num="15" count="1113" type="stmt"/>
      </file>
    </package>
    <package name="helpFunctions.comperators">
      <metrics statements="53" coveredstatements="50" conditionals="27" coveredconditionals="24" methods="1" coveredmethods="1"/>
      <file name="multi-provider-results-comperator.ts" path="C:\Users\dbergmann\Desktop\list-manager\src\backend\helpFunctions\comperators\multi-provider-results-comperator.ts">
        <metrics statements="53" coveredstatements="50" conditionals="27" coveredconditionals="24" methods="1" coveredmethods="1"/>
        <line num="2" count="41" type="stmt"/>
        <line num="3" count="41" type="stmt"/>
        <line num="4" count="41" type="stmt"/>
        <line num="5" count="41" type="stmt"/>
        <line num="6" count="41" type="stmt"/>
        <line num="7" count="41" type="stmt"/>
        <line num="8" count="41" type="stmt"/>
        <line num="9" count="41" type="stmt"/>
        <line num="10" count="41" type="stmt"/>
        <line num="11" count="41" type="stmt"/>
        <line num="13" count="41" type="stmt"/>
        <line num="15" count="347" type="stmt"/>
        <line num="17" count="347" type="stmt"/>
        <line num="18" count="347" type="stmt"/>
        <line num="19" count="347" type="stmt"/>
        <line num="20" count="347" type="stmt"/>
        <line num="22" count="347" type="stmt"/>
        <line num="23" count="347" type="cond" truecount="2" falsecount="0"/>
        <line num="24" count="70" type="stmt"/>
        <line num="25" count="70" type="cond" truecount="2" falsecount="0"/>
        <line num="26" count="32" type="cond" truecount="2" falsecount="0"/>
        <line num="27" count="18" type="stmt"/>
        <line num="28" count="18" type="cond" truecount="2" falsecount="0"/>
        <line num="29" count="8" type="stmt"/>
        <line num="30" count="8" type="stmt"/>
        <line num="31" count="10" type="cond" truecount="5" falsecount="0"/>
        <line num="32" count="8" type="stmt"/>
        <line num="33" count="8" type="stmt"/>
        <line num="34" count="2" type="cond" truecount="3" falsecount="1"/>
        <line num="37" count="0" type="stmt"/>
        <line num="41" count="38" type="stmt"/>
        <line num="44" count="277" type="stmt"/>
        <line num="47" count="347" type="stmt"/>
        <line num="48" count="347" type="stmt"/>
        <line num="49" count="347" type="stmt"/>
        <line num="50" count="347" type="cond" truecount="2" falsecount="0"/>
        <line num="51" count="70" type="stmt"/>
        <line num="54" count="347" type="stmt"/>
        <line num="55" count="347" type="stmt"/>
        <line num="56" count="347" type="stmt"/>
        <line num="58" count="347" type="stmt"/>
        <line num="59" count="347" type="stmt"/>
        <line num="60" count="347" type="stmt"/>
        <line num="61" count="347" type="stmt"/>
        <line num="62" count="347" type="cond" truecount="2" falsecount="0"/>
        <line num="63" count="10" type="stmt"/>
        <line num="67" count="347" type="cond" truecount="4" falsecount="0"/>
        <line num="68" count="53" type="stmt"/>
        <line num="69" count="24" type="stmt"/>
        <line num="70" count="0" type="cond" truecount="0" falsecount="2"/>
        <line num="71" count="0" type="stmt"/>
        <line num="76" count="294" type="stmt"/>
        <line num="78" count="347" type="stmt"/>
      </file>
    </package>
    <package name="helpFunctions.provider">
      <metrics statements="161" coveredstatements="140" conditionals="82" coveredconditionals="67" methods="22" coveredmethods="22"/>
      <file name="provider-helper.ts" path="C:\Users\dbergmann\Desktop\list-manager\src\backend\helpFunctions\provider\provider-helper.ts">
        <metrics statements="161" coveredstatements="140" conditionals="82" coveredconditionals="67" methods="22" coveredmethods="22"/>
        <line num="4" count="41" type="stmt"/>
        <line num="5" count="41" type="stmt"/>
        <line num="7" count="41" type="stmt"/>
        <line num="8" count="41" type="stmt"/>
        <line num="9" count="41" type="stmt"/>
        <line num="10" count="41" type="stmt"/>
        <line num="11" count="41" type="stmt"/>
        <line num="14" count="41" type="stmt"/>
        <line num="17" count="193" type="cond" truecount="4" falsecount="0"/>
        <line num="19" count="190" type="stmt"/>
        <line num="20" count="190" type="cond" truecount="2" falsecount="0"/>
        <line num="21" count="168" type="stmt"/>
        <line num="22" count="168" type="stmt"/>
        <line num="25" count="190" type="stmt"/>
        <line num="26" count="190" type="stmt"/>
        <line num="28" count="190" type="cond" truecount="2" falsecount="0"/>
        <line num="29" count="22" type="stmt"/>
        <line num="30" count="22" type="stmt"/>
        <line num="33" count="190" type="stmt"/>
        <line num="35" count="193" type="stmt"/>
        <line num="42" count="4365" type="stmt"/>
        <line num="43" count="4365" type="stmt"/>
        <line num="44" count="4365" type="stmt"/>
        <line num="45" count="4365" type="stmt"/>
        <line num="46" count="0" type="stmt"/>
        <line num="47" count="0" type="stmt"/>
        <line num="48" count="0" type="cond" truecount="0" falsecount="4"/>
        <line num="49" count="0" type="stmt"/>
        <line num="51" count="0" type="stmt"/>
        <line num="52" count="0" type="stmt"/>
        <line num="54" count="0" type="stmt"/>
        <line num="58" count="4365" type="stmt"/>
        <line num="59" count="4365" type="stmt"/>
        <line num="60" count="4365" type="stmt"/>
        <line num="61" count="4365" type="stmt"/>
        <line num="63" count="4372" type="stmt"/>
        <line num="64" count="4372" type="cond" truecount="2" falsecount="0"/>
        <line num="65" count="7" type="stmt"/>
        <line num="67" count="4372" type="stmt"/>
        <line num="68" count="67" type="stmt"/>
        <line num="69" count="67" type="cond" truecount="3" falsecount="1"/>
        <line num="70" count="0" type="stmt"/>
        <line num="72" count="67" type="stmt"/>
        <line num="74" count="4305" type="stmt"/>
        <line num="78" count="4365" type="cond" truecount="2" falsecount="0"/>
        <line num="79" count="60" type="stmt"/>
        <line num="81" count="4365" type="stmt"/>
        <line num="85" count="4372" type="cond" truecount="4" falsecount="0"/>
        <line num="86" count="7" type="cond" truecount="1" falsecount="1"/>
        <line num="87" count="0" type="cond" truecount="0" falsecount="2"/>
        <line num="88" count="0" type="stmt"/>
        <line num="91" count="4365" type="cond" truecount="4" falsecount="0"/>
        <line num="92" count="60" type="cond" truecount="2" falsecount="0"/>
        <line num="93" count="7" type="stmt"/>
        <line num="96" count="4365" type="stmt"/>
        <line num="103" count="190" type="stmt"/>
        <line num="104" count="190" type="stmt"/>
        <line num="105" count="4414" type="cond" truecount="2" falsecount="0"/>
        <line num="106" count="196" type="stmt"/>
        <line num="108" count="4144" type="stmt"/>
        <line num="109" count="4144" type="cond" truecount="2" falsecount="0"/>
        <line num="110" count="4098" type="stmt"/>
        <line num="113" count="22" type="stmt"/>
        <line num="117" count="190" type="stmt"/>
        <line num="121" count="190" type="stmt"/>
        <line num="122" count="190" type="stmt"/>
        <line num="123" count="190" type="stmt"/>
        <line num="125" count="190" type="stmt"/>
        <line num="126" count="190" type="stmt"/>
        <line num="127" count="4291" type="stmt"/>
        <line num="128" count="4312" type="stmt"/>
        <line num="129" count="4291" type="cond" truecount="4" falsecount="1"/>
        <line num="130" count="4291" type="stmt"/>
        <line num="131" count="4291" type="stmt"/>
        <line num="132" count="4291" type="stmt"/>
        <line num="133" count="4291" type="stmt"/>
        <line num="134" count="4291" type="stmt"/>
        <line num="135" count="62" type="stmt"/>
        <line num="140" count="0" type="stmt"/>
        <line num="143" count="190" type="stmt"/>
        <line num="147" count="190" type="stmt"/>
        <line num="148" count="190" type="stmt"/>
        <line num="149" count="190" type="stmt"/>
        <line num="150" count="190" type="stmt"/>
        <line num="151" count="190" type="stmt"/>
        <line num="152" count="74" type="stmt"/>
        <line num="153" count="74" type="stmt"/>
        <line num="154" count="74" type="stmt"/>
        <line num="155" count="74" type="stmt"/>
        <line num="156" count="39" type="stmt"/>
        <line num="159" count="0" type="stmt"/>
        <line num="162" count="190" type="stmt"/>
        <line num="166" count="205" type="stmt"/>
        <line num="167" count="190" type="stmt"/>
        <line num="171" count="195" type="stmt"/>
        <line num="172" count="195" type="cond" truecount="2" falsecount="0"/>
        <line num="173" count="191" type="stmt"/>
        <line num="175" count="4" type="stmt"/>
        <line num="179" count="191" type="stmt"/>
        <line num="180" count="191" type="stmt"/>
        <line num="181" count="191" type="stmt"/>
        <line num="182" count="91" type="stmt"/>
        <line num="183" count="91" type="stmt"/>
        <line num="184" count="228" type="cond" truecount="2" falsecount="0"/>
        <line num="185" count="16" type="cond" truecount="1" falsecount="1"/>
        <line num="186" count="16" type="stmt"/>
        <line num="188" count="16" type="stmt"/>
        <line num="191" count="91" type="cond" truecount="2" falsecount="0"/>
        <line num="192" count="75" type="stmt"/>
        <line num="195" count="191" type="stmt"/>
        <line num="199" count="190" type="stmt"/>
        <line num="200" count="190" type="stmt"/>
        <line num="201" count="190" type="stmt"/>
        <line num="203" count="190" type="stmt"/>
        <line num="204" count="58582" type="cond" truecount="2" falsecount="0"/>
        <line num="205" count="4294" type="stmt"/>
        <line num="206" count="4294" type="cond" truecount="2" falsecount="0"/>
        <line num="207" count="196" type="cond" truecount="4" falsecount="0"/>
        <line num="208" count="193" type="stmt"/>
        <line num="211" count="4098" type="stmt"/>
        <line num="215" count="9459" type="stmt"/>
        <line num="216" count="190" type="stmt"/>
        <line num="225" count="9510" type="stmt"/>
        <line num="226" count="9497" type="stmt"/>
        <line num="227" count="9468" type="cond" truecount="2" falsecount="0"/>
        <line num="228" count="839" type="stmt"/>
        <line num="229" count="8629" type="cond" truecount="2" falsecount="0"/>
        <line num="230" count="34" type="stmt"/>
        <line num="232" count="8595" type="stmt"/>
        <line num="240" count="19" type="stmt"/>
        <line num="241" count="19" type="stmt"/>
        <line num="242" count="19" type="cond" truecount="1" falsecount="1"/>
        <line num="243" count="19" type="stmt"/>
        <line num="244" count="19" type="stmt"/>
        <line num="245" count="19" type="cond" truecount="1" falsecount="1"/>
        <line num="246" count="0" type="stmt"/>
        <line num="247" count="0" type="stmt"/>
        <line num="249" count="19" type="cond" truecount="1" falsecount="1"/>
        <line num="250" count="0" type="stmt"/>
        <line num="251" count="0" type="stmt"/>
        <line num="255" count="0" type="stmt"/>
        <line num="257" count="19" type="stmt"/>
        <line num="263" count="4294" type="stmt"/>
        <line num="264" count="4340" type="cond" truecount="2" falsecount="0"/>
        <line num="265" count="196" type="stmt"/>
        <line num="271" count="4365" type="stmt"/>
        <line num="272" count="4365" type="stmt"/>
        <line num="273" count="4606" type="stmt"/>
        <line num="274" count="4606" type="cond" truecount="2" falsecount="0"/>
        <line num="275" count="4412" type="cond" truecount="1" falsecount="1"/>
        <line num="276" count="0" type="stmt"/>
        <line num="277" count="0" type="stmt"/>
        <line num="278" count="0" type="stmt"/>
        <line num="280" count="0" type="stmt"/>
        <line num="285" count="76" type="stmt"/>
        <line num="288" count="4365" type="stmt"/>
        <line num="292" count="4413" type="cond" truecount="2" falsecount="0"/>
        <line num="293" count="4296" type="stmt"/>
        <line num="294" count="53" type="cond" truecount="2" falsecount="0"/>
        <line num="295" count="1" type="stmt"/>
        <line num="299" count="4336" type="stmt"/>
      </file>
    </package>
    <package name="helpFunctions.provider.provider-info-downloader">
      <metrics statements="122" coveredstatements="109" conditionals="50" coveredconditionals="41" methods="11" coveredmethods="10"/>
      <file name="provider-info-downloaderhelper.ts" path="C:\Users\dbergmann\Desktop\list-manager\src\backend\helpFunctions\provider\provider-info-downloader\provider-info-downloaderhelper.ts">
        <metrics statements="122" coveredstatements="109" conditionals="50" coveredconditionals="41" methods="11" coveredmethods="10"/>
        <line num="2" count="41" type="stmt"/>
        <line num="3" count="41" type="stmt"/>
        <line num="4" count="41" type="stmt"/>
        <line num="5" count="41" type="stmt"/>
        <line num="7" count="41" type="stmt"/>
        <line num="8" count="41" type="stmt"/>
        <line num="9" count="41" type="stmt"/>
        <line num="11" count="41" type="stmt"/>
        <line num="12" count="41" type="stmt"/>
        <line num="13" count="41" type="stmt"/>
        <line num="14" count="41" type="stmt"/>
        <line num="15" count="41" type="stmt"/>
        <line num="16" count="41" type="stmt"/>
        <line num="17" count="41" type="stmt"/>
        <line num="18" count="41" type="stmt"/>
        <line num="19" count="41" type="stmt"/>
        <line num="20" count="41" type="stmt"/>
        <line num="24" count="41" type="stmt"/>
        <line num="30" count="4" type="stmt"/>
        <line num="31" count="4" type="stmt"/>
        <line num="32" count="4" type="stmt"/>
        <line num="33" count="4" type="cond" truecount="2" falsecount="0"/>
        <line num="34" count="1" type="stmt"/>
        <line num="35" count="1" type="stmt"/>
        <line num="40" count="0" type="stmt"/>
        <line num="41" count="0" type="stmt"/>
        <line num="43" count="3" type="stmt"/>
        <line num="47" count="4389" type="cond" truecount="1" falsecount="1"/>
        <line num="48" count="4389" type="stmt"/>
        <line num="49" count="4389" type="stmt"/>
        <line num="50" count="4389" type="stmt"/>
        <line num="52" count="4389" type="stmt"/>
        <line num="53" count="4641" type="stmt"/>
        <line num="54" count="4389" type="cond" truecount="2" falsecount="0"/>
        <line num="55" count="4187" type="cond" truecount="4" falsecount="0"/>
        <line num="56" count="4166" type="stmt"/>
        <line num="57" count="4166" type="stmt"/>
        <line num="58" count="4" type="stmt"/>
        <line num="59" count="4162" type="stmt"/>
        <line num="61" count="4162" type="stmt"/>
        <line num="62" count="4162" type="stmt"/>
        <line num="63" count="4162" type="stmt"/>
        <line num="64" count="4161" type="stmt"/>
        <line num="65" count="4161" type="cond" truecount="3" falsecount="1"/>
        <line num="66" count="4161" type="cond" truecount="1" falsecount="1"/>
        <line num="67" count="0" type="stmt"/>
        <line num="69" count="4161" type="stmt"/>
        <line num="71" count="4161" type="stmt"/>
        <line num="72" count="48" type="cond" truecount="1" falsecount="1"/>
        <line num="73" count="48" type="stmt"/>
        <line num="74" count="48" type="stmt"/>
        <line num="76" count="0" type="stmt"/>
        <line num="78" count="0" type="stmt"/>
        <line num="80" count="0" type="stmt"/>
        <line num="83" count="21" type="stmt"/>
        <line num="86" count="202" type="stmt"/>
        <line num="87" count="30" type="stmt"/>
        <line num="89" count="30" type="stmt"/>
        <line num="90" count="30" type="stmt"/>
        <line num="93" count="1" type="stmt"/>
        <line num="94" count="1" type="stmt"/>
        <line num="96" count="0" type="stmt"/>
        <line num="100" count="4168" type="cond" truecount="2" falsecount="0"/>
        <line num="101" count="4136" type="stmt"/>
        <line num="102" count="4136" type="cond" truecount="2" falsecount="0"/>
        <line num="103" count="16" type="stmt"/>
        <line num="104" count="18" type="stmt"/>
        <line num="105" count="18" type="stmt"/>
        <line num="106" count="70" type="stmt"/>
        <line num="107" count="18" type="cond" truecount="2" falsecount="0"/>
        <line num="108" count="14" type="stmt"/>
        <line num="109" count="14" type="cond" truecount="1" falsecount="1"/>
        <line num="110" count="14" type="stmt"/>
        <line num="111" count="14" type="cond" truecount="2" falsecount="0"/>
        <line num="112" count="6" type="cond" truecount="1" falsecount="1"/>
        <line num="113" count="6" type="stmt"/>
        <line num="114" count="6" type="stmt"/>
        <line num="115" count="6" type="stmt"/>
        <line num="116" count="6" type="stmt"/>
        <line num="117" count="0" type="cond" truecount="0" falsecount="2"/>
        <line num="118" count="0" type="stmt"/>
        <line num="119" count="0" type="stmt"/>
        <line num="120" count="0" type="stmt"/>
        <line num="121" count="0" type="stmt"/>
        <line num="127" count="0" type="stmt"/>
        <line num="132" count="4162" type="stmt"/>
        <line num="136" count="14" type="stmt"/>
        <line num="138" count="233" type="cond" truecount="2" falsecount="0"/>
        <line num="139" count="6" type="stmt"/>
        <line num="142" count="8" type="stmt"/>
        <line num="150" count="4162" type="stmt"/>
        <line num="151" count="4162" type="stmt"/>
        <line num="152" count="4162" type="stmt"/>
        <line num="154" count="4162" type="stmt"/>
        <line num="156" count="1" type="stmt"/>
        <line num="157" count="1" type="stmt"/>
        <line num="159" count="4162" type="stmt"/>
        <line num="170" count="4162" type="stmt"/>
        <line num="171" count="4162" type="stmt"/>
        <line num="172" count="4162" type="stmt"/>
        <line num="173" count="4162" type="cond" truecount="5" falsecount="0"/>
        <line num="174" count="186" type="stmt"/>
        <line num="175" count="186" type="stmt"/>
        <line num="177" count="64" type="cond" truecount="4" falsecount="0"/>
        <line num="178" count="55" type="stmt"/>
        <line num="179" count="55" type="stmt"/>
        <line num="180" count="346" type="stmt"/>
        <line num="181" count="346" type="stmt"/>
        <line num="183" count="55" type="cond" truecount="1" falsecount="1"/>
        <line num="184" count="686" type="stmt"/>
        <line num="185" count="55" type="stmt"/>
        <line num="186" count="250" type="cond" truecount="2" falsecount="0"/>
        <line num="188" count="39" type="stmt"/>
        <line num="189" count="39" type="stmt"/>
        <line num="192" count="16" type="stmt"/>
        <line num="193" count="123" type="cond" truecount="2" falsecount="0"/>
        <line num="194" count="10" type="stmt"/>
        <line num="196" count="10" type="stmt"/>
        <line num="197" count="10" type="stmt"/>
        <line num="202" count="9" type="stmt"/>
        <line num="205" count="3976" type="stmt"/>
        <line num="207" count="3991" type="stmt"/>
      </file>
    </package>
    <package name="helpFunctions.season-helper">
      <metrics statements="122" coveredstatements="108" conditionals="88" coveredconditionals="74" methods="4" coveredmethods="4"/>
      <file name="season-helper.ts" path="C:\Users\dbergmann\Desktop\list-manager\src\backend\helpFunctions\season-helper\season-helper.ts">
        <metrics statements="122" coveredstatements="108" conditionals="88" coveredconditionals="74" methods="4" coveredmethods="4"/>
        <line num="3" count="41" type="stmt"/>
        <line num="4" count="41" type="stmt"/>
        <line num="6" count="41" type="stmt"/>
        <line num="7" count="41" type="stmt"/>
        <line num="8" count="41" type="stmt"/>
        <line num="9" count="41" type="stmt"/>
        <line num="10" count="41" type="stmt"/>
        <line num="11" count="41" type="stmt"/>
        <line num="12" count="41" type="stmt"/>
        <line num="13" count="41" type="stmt"/>
        <line num="14" count="41" type="stmt"/>
        <line num="15" count="41" type="stmt"/>
        <line num="35" count="541" type="stmt"/>
        <line num="36" count="541" type="stmt"/>
        <line num="37" count="541" type="cond" truecount="4" falsecount="0"/>
        <line num="38" count="82" type="stmt"/>
        <line num="39" count="82" type="stmt"/>
        <line num="40" count="82" type="stmt"/>
        <line num="41" count="82" type="cond" truecount="2" falsecount="0"/>
        <line num="42" count="55" type="stmt"/>
        <line num="44" count="27" type="stmt"/>
        <line num="45" count="27" type="stmt"/>
        <line num="47" count="29" type="stmt"/>
        <line num="48" count="29" type="cond" truecount="2" falsecount="0"/>
        <line num="49" count="13" type="stmt"/>
        <line num="50" count="13" type="stmt"/>
        <line num="51" count="13" type="cond" truecount="1" falsecount="1"/>
        <line num="52" count="0" type="stmt"/>
        <line num="54" count="13" type="cond" truecount="3" falsecount="1"/>
        <line num="55" count="13" type="stmt"/>
        <line num="58" count="16" type="cond" truecount="2" falsecount="0"/>
        <line num="60" count="2" type="stmt"/>
        <line num="61" count="2" type="cond" truecount="1" falsecount="1"/>
        <line num="62" count="0" type="stmt"/>
        <line num="63" count="0" type="stmt"/>
        <line num="65" count="2" type="stmt"/>
        <line num="66" count="14" type="cond" truecount="1" falsecount="1"/>
        <line num="68" count="0" type="stmt"/>
        <line num="70" count="14" type="stmt"/>
        <line num="74" count="14" type="stmt"/>
        <line num="76" count="459" type="stmt"/>
        <line num="95" count="527" type="stmt"/>
        <line num="96" count="527" type="stmt"/>
        <line num="97" count="527" type="cond" truecount="4" falsecount="0"/>
        <line num="98" count="164" type="stmt"/>
        <line num="99" count="164" type="stmt"/>
        <line num="100" count="164" type="stmt"/>
        <line num="101" count="164" type="cond" truecount="2" falsecount="0"/>
        <line num="102" count="143" type="stmt"/>
        <line num="104" count="21" type="stmt"/>
        <line num="105" count="23" type="cond" truecount="2" falsecount="0"/>
        <line num="106" count="17" type="stmt"/>
        <line num="107" count="17" type="stmt"/>
        <line num="108" count="17" type="cond" truecount="2" falsecount="0"/>
        <line num="109" count="1" type="stmt"/>
        <line num="111" count="16" type="cond" truecount="4" falsecount="0"/>
        <line num="112" count="14" type="stmt"/>
        <line num="115" count="8" type="cond" truecount="2" falsecount="0"/>
        <line num="117" count="6" type="stmt"/>
        <line num="118" count="6" type="cond" truecount="2" falsecount="0"/>
        <line num="119" count="4" type="stmt"/>
        <line num="120" count="4" type="stmt"/>
        <line num="122" count="2" type="stmt"/>
        <line num="124" count="2" type="stmt"/>
        <line num="128" count="6" type="stmt"/>
        <line num="130" count="363" type="stmt"/>
        <line num="140" count="8055" type="stmt"/>
        <line num="146" count="8055" type="cond" truecount="2" falsecount="0"/>
        <line num="147" count="8029" type="stmt"/>
        <line num="149" count="8055" type="cond" truecount="1" falsecount="1"/>
        <line num="150" count="8055" type="stmt"/>
        <line num="152" count="8055" type="cond" truecount="5" falsecount="0"/>
        <line num="153" count="101" type="stmt"/>
        <line num="158" count="7954" type="cond" truecount="4" falsecount="0"/>
        <line num="159" count="1057" type="stmt"/>
        <line num="164" count="6897" type="cond" truecount="1" falsecount="1"/>
        <line num="165" count="6897" type="stmt"/>
        <line num="166" count="7014" type="stmt"/>
        <line num="167" count="7014" type="cond" truecount="2" falsecount="0"/>
        <line num="168" count="6352" type="stmt"/>
        <line num="173" count="545" type="cond" truecount="2" falsecount="0"/>
        <line num="174" count="541" type="stmt"/>
        <line num="175" count="541" type="cond" truecount="2" falsecount="0"/>
        <line num="176" count="13" type="stmt"/>
        <line num="180" count="532" type="cond" truecount="2" falsecount="0"/>
        <line num="181" count="527" type="stmt"/>
        <line num="182" count="527" type="cond" truecount="2" falsecount="0"/>
        <line num="183" count="14" type="stmt"/>
        <line num="187" count="518" type="cond" truecount="4" falsecount="0"/>
        <line num="188" count="69" type="stmt"/>
        <line num="191" count="449" type="cond" truecount="4" falsecount="0"/>
        <line num="192" count="113" type="stmt"/>
        <line num="195" count="336" type="stmt"/>
        <line num="196" count="336" type="cond" truecount="4" falsecount="0"/>
        <line num="197" count="5" type="stmt"/>
        <line num="200" count="0" type="stmt"/>
        <line num="203" count="331" type="stmt"/>
        <line num="212" count="18" type="stmt"/>
        <line num="213" count="18" type="stmt"/>
        <line num="214" count="18" type="stmt"/>
        <line num="215" count="68" type="stmt"/>
        <line num="216" count="1" type="cond" truecount="3" falsecount="1"/>
        <line num="217" count="1" type="stmt"/>
        <line num="218" count="1" type="cond" truecount="1" falsecount="1"/>
        <line num="219" count="1" type="stmt"/>
        <line num="220" count="1" type="stmt"/>
        <line num="221" count="1" type="cond" truecount="1" falsecount="1"/>
        <line num="222" count="0" type="stmt"/>
        <line num="224" count="1" type="stmt"/>
        <line num="225" count="1" type="stmt"/>
        <line num="226" count="0" type="cond" truecount="0" falsecount="2"/>
        <line num="227" count="0" type="stmt"/>
        <line num="228" count="0" type="stmt"/>
        <line num="229" count="0" type="cond" truecount="0" falsecount="2"/>
        <line num="230" count="0" type="stmt"/>
        <line num="232" count="0" type="stmt"/>
        <line num="233" count="0" type="stmt"/>
        <line num="235" count="0" type="stmt"/>
        <line num="238" count="1" type="stmt"/>
        <line num="242" count="18" type="stmt"/>
        <line num="243" count="18" type="stmt"/>
        <line num="247" count="41" type="stmt"/>
      </file>
    </package>
  </project>
</coverage>
