<?xml version="1.0" encoding="UTF-8"?>
<coverage generated="1577109208736" clover="3.2.0">
  <project timestamp="1577109208736" name="All files">
    <metrics statements="963" coveredstatements="777" conditionals="429" coveredconditionals="305" methods="126" coveredmethods="103" elements="1518" coveredelements="1185" complexity="0" loc="963" ncloc="963" packages="8" files="12" classes="12"/>
    <package name="api.simkl">
      <metrics statements="90" coveredstatements="26" conditionals="31" coveredconditionals="0" methods="14" coveredmethods="2"/>
      <file name="simkl-provider.ts" path="C:\Users\dbergmann\Desktop\list-manager\src\backend\api\simkl\simkl-provider.ts">
        <metrics statements="90" coveredstatements="26" conditionals="31" coveredconditionals="0" methods="14" coveredmethods="2"/>
        <line num="3" count="38" type="stmt"/>
        <line num="8" count="38" type="stmt"/>
        <line num="9" count="38" type="stmt"/>
        <line num="10" count="38" type="stmt"/>
        <line num="11" count="38" type="stmt"/>
        <line num="13" count="38" type="stmt"/>
        <line num="15" count="38" type="stmt"/>
        <line num="23" count="38" type="stmt"/>
        <line num="24" count="38" type="stmt"/>
        <line num="28" count="15" type="stmt"/>
        <line num="29" count="15" type="stmt"/>
        <line num="30" count="15" type="stmt"/>
        <line num="31" count="15" type="stmt"/>
        <line num="32" count="15" type="stmt"/>
        <line num="33" count="15" type="stmt"/>
        <line num="34" count="15" type="stmt"/>
        <line num="35" count="15" type="stmt"/>
        <line num="37" count="15" type="stmt"/>
        <line num="38" count="15" type="stmt"/>
        <line num="39" count="15" type="stmt"/>
        <line num="40" count="15" type="stmt"/>
        <line num="42" count="15" type="stmt"/>
        <line num="44" count="15" type="stmt"/>
        <line num="45" count="15" type="stmt"/>
        <line num="49" count="0" type="stmt"/>
        <line num="50" count="0" type="stmt"/>
        <line num="51" count="0" type="stmt"/>
        <line num="52" count="0" type="stmt"/>
        <line num="55" count="0" type="stmt"/>
        <line num="56" count="0" type="stmt"/>
        <line num="58" count="0" type="cond" truecount="0" falsecount="4"/>
        <line num="61" count="0" type="stmt"/>
        <line num="62" count="0" type="cond" truecount="0" falsecount="2"/>
        <line num="64" count="0" type="stmt"/>
        <line num="67" count="0" type="cond" truecount="0" falsecount="2"/>
        <line num="68" count="0" type="stmt"/>
        <line num="69" count="0" type="stmt"/>
        <line num="70" count="0" type="cond" truecount="0" falsecount="2"/>
        <line num="71" count="0" type="stmt"/>
        <line num="73" count="0" type="cond" truecount="0" falsecount="2"/>
        <line num="74" count="0" type="stmt"/>
        <line num="75" count="0" type="stmt"/>
        <line num="76" count="0" type="cond" truecount="0" falsecount="2"/>
        <line num="77" count="0" type="stmt"/>
        <line num="80" count="0" type="stmt"/>
        <line num="83" count="0" type="stmt"/>
        <line num="85" count="0" type="stmt"/>
        <line num="86" count="0" type="stmt"/>
        <line num="87" count="0" type="stmt"/>
        <line num="89" count="0" type="stmt"/>
        <line num="93" count="0" type="stmt"/>
        <line num="95" count="0" type="stmt"/>
        <line num="100" count="0" type="stmt"/>
        <line num="101" count="0" type="cond" truecount="0" falsecount="2"/>
        <line num="103" count="0" type="stmt"/>
        <line num="104" count="0" type="stmt"/>
        <line num="106" count="0" type="stmt"/>
        <line num="109" count="5" type="stmt"/>
        <line num="113" count="0" type="stmt"/>
        <line num="117" count="0" type="stmt"/>
        <line num="120" count="0" type="stmt"/>
        <line num="123" count="0" type="cond" truecount="0" falsecount="4"/>
        <line num="124" count="0" type="stmt"/>
        <line num="126" count="0" type="stmt"/>
        <line num="130" count="0" type="stmt"/>
        <line num="131" count="0" type="stmt"/>
        <line num="134" count="0" type="stmt"/>
        <line num="136" count="0" type="stmt"/>
        <line num="139" count="0" type="stmt"/>
        <line num="141" count="0" type="stmt"/>
        <line num="144" count="0" type="cond" truecount="0" falsecount="2"/>
        <line num="146" count="0" type="stmt"/>
        <line num="148" count="0" type="stmt"/>
        <line num="149" count="0" type="stmt"/>
        <line num="161" count="0" type="stmt"/>
        <line num="162" count="0" type="cond" truecount="0" falsecount="4"/>
        <line num="163" count="0" type="stmt"/>
        <line num="164" count="0" type="stmt"/>
        <line num="166" count="0" type="cond" truecount="0" falsecount="2"/>
        <line num="167" count="0" type="stmt"/>
        <line num="169" count="0" type="cond" truecount="0" falsecount="2"/>
        <line num="170" count="0" type="stmt"/>
        <line num="171" count="0" type="stmt"/>
        <line num="172" count="0" type="stmt"/>
        <line num="173" count="0" type="stmt"/>
        <line num="176" count="0" type="stmt"/>
        <line num="177" count="0" type="stmt"/>
        <line num="180" count="0" type="stmt"/>
        <line num="181" count="0" type="stmt"/>
        <line num="185" count="29" type="stmt"/>
      </file>
    </package>
    <package name="api.tvdb">
      <metrics statements="63" coveredstatements="32" conditionals="22" coveredconditionals="6" methods="10" coveredmethods="5"/>
      <file name="tvdb-provider.ts" path="C:\Users\dbergmann\Desktop\list-manager\src\backend\api\tvdb\tvdb-provider.ts">
        <metrics statements="63" coveredstatements="32" conditionals="22" coveredconditionals="6" methods="10" coveredmethods="5"/>
        <line num="2" count="38" type="stmt"/>
        <line num="3" count="38" type="stmt"/>
        <line num="5" count="38" type="stmt"/>
        <line num="6" count="38" type="stmt"/>
        <line num="8" count="38" type="stmt"/>
        <line num="9" count="38" type="stmt"/>
        <line num="13" count="38" type="stmt"/>
        <line num="14" count="38" type="stmt"/>
        <line num="16" count="38" type="stmt"/>
        <line num="18" count="26" type="stmt"/>
        <line num="19" count="26" type="stmt"/>
        <line num="20" count="26" type="stmt"/>
        <line num="21" count="26" type="stmt"/>
        <line num="22" count="26" type="stmt"/>
        <line num="23" count="26" type="stmt"/>
        <line num="24" count="26" type="stmt"/>
        <line num="25" count="26" type="stmt"/>
        <line num="26" count="26" type="stmt"/>
        <line num="30" count="0" type="cond" truecount="0" falsecount="2"/>
        <line num="31" count="0" type="stmt"/>
        <line num="33" count="0" type="stmt"/>
        <line num="37" count="26" type="stmt"/>
        <line num="38" count="26" type="cond" truecount="2" falsecount="0"/>
        <line num="39" count="22" type="stmt"/>
        <line num="41" count="4" type="stmt"/>
        <line num="42" count="4" type="stmt"/>
        <line num="47" count="0" type="stmt"/>
        <line num="48" count="0" type="stmt"/>
        <line num="49" count="0" type="stmt"/>
        <line num="50" count="0" type="stmt"/>
        <line num="51" count="0" type="stmt"/>
        <line num="53" count="0" type="cond" truecount="0" falsecount="2"/>
        <line num="54" count="0" type="stmt"/>
        <line num="55" count="0" type="stmt"/>
        <line num="59" count="0" type="stmt"/>
        <line num="61" count="0" type="stmt"/>
        <line num="64" count="0" type="cond" truecount="0" falsecount="2"/>
        <line num="65" count="0" type="stmt"/>
        <line num="66" count="0" type="stmt"/>
        <line num="68" count="0" type="stmt"/>
        <line num="70" count="0" type="stmt"/>
        <line num="75" count="1" type="stmt"/>
        <line num="79" count="1" type="cond" truecount="2" falsecount="3"/>
        <line num="80" count="0" type="stmt"/>
        <line num="82" count="1" type="stmt"/>
        <line num="83" count="1" type="stmt"/>
        <line num="91" count="1" type="cond" truecount="2" falsecount="2"/>
        <line num="92" count="1" type="stmt"/>
        <line num="94" count="0" type="stmt"/>
        <line num="97" count="0" type="stmt"/>
        <line num="98" count="0" type="stmt"/>
        <line num="101" count="1" type="stmt"/>
        <line num="102" count="1" type="stmt"/>
        <line num="103" count="1" type="stmt"/>
        <line num="109" count="0" type="stmt"/>
        <line num="110" count="0" type="stmt"/>
        <line num="122" count="0" type="cond" truecount="0" falsecount="4"/>
        <line num="123" count="0" type="stmt"/>
        <line num="124" count="0" type="stmt"/>
        <line num="126" count="0" type="stmt"/>
        <line num="127" count="0" type="stmt"/>
        <line num="130" count="0" type="stmt"/>
        <line num="131" count="0" type="stmt"/>
      </file>
    </package>
    <package name="api.tvmaze">
      <metrics statements="41" coveredstatements="37" conditionals="7" coveredconditionals="4" methods="5" coveredmethods="5"/>
      <file name="tvmaze-provider.ts" path="C:\Users\dbergmann\Desktop\list-manager\src\backend\api\tvmaze\tvmaze-provider.ts">
        <metrics statements="41" coveredstatements="37" conditionals="7" coveredconditionals="4" methods="5" coveredmethods="5"/>
        <line num="3" count="38" type="stmt"/>
        <line num="5" count="38" type="stmt"/>
        <line num="6" count="38" type="stmt"/>
        <line num="7" count="38" type="stmt"/>
        <line num="9" count="38" type="stmt"/>
        <line num="12" count="38" type="stmt"/>
        <line num="14" count="38" type="stmt"/>
        <line num="16" count="3" type="stmt"/>
        <line num="17" count="3" type="stmt"/>
        <line num="18" count="3" type="stmt"/>
        <line num="19" count="3" type="stmt"/>
        <line num="20" count="3" type="stmt"/>
        <line num="21" count="3" type="stmt"/>
        <line num="22" count="3" type="stmt"/>
        <line num="23" count="3" type="stmt"/>
        <line num="25" count="3" type="stmt"/>
        <line num="26" count="3" type="cond" truecount="1" falsecount="1"/>
        <line num="27" count="3" type="stmt"/>
        <line num="31" count="6" type="stmt"/>
        <line num="34" count="5" type="stmt"/>
        <line num="35" count="5" type="stmt"/>
        <line num="36" count="5" type="stmt"/>
        <line num="37" count="5" type="stmt"/>
        <line num="38" count="5" type="stmt"/>
        <line num="39" count="5" type="stmt"/>
        <line num="40" count="9" type="stmt"/>
        <line num="41" count="9" type="stmt"/>
        <line num="42" count="9" type="stmt"/>
        <line num="44" count="5" type="stmt"/>
        <line num="47" count="0" type="stmt"/>
        <line num="49" count="0" type="stmt"/>
        <line num="52" count="1" type="stmt"/>
        <line num="53" count="1" type="stmt"/>
        <line num="54" count="1" type="stmt"/>
        <line num="59" count="6" type="stmt"/>
        <line num="60" count="6" type="stmt"/>
        <line num="68" count="6" type="cond" truecount="2" falsecount="2"/>
        <line num="69" count="6" type="stmt"/>
        <line num="70" count="6" type="stmt"/>
        <line num="72" count="0" type="stmt"/>
        <line num="73" count="0" type="stmt"/>
      </file>
    </package>
    <package name="controller.main-list-manager">
      <metrics statements="173" coveredstatements="142" conditionals="53" coveredconditionals="34" methods="18" coveredmethods="15"/>
      <file name="main-list-manager.ts" path="C:\Users\dbergmann\Desktop\list-manager\src\backend\controller\main-list-manager\main-list-manager.ts">
        <metrics statements="109" coveredstatements="90" conditionals="37" coveredconditionals="23" methods="11" coveredmethods="10"/>
        <line num="1" count="38" type="stmt"/>
        <line num="2" count="38" type="stmt"/>
        <line num="3" count="38" type="stmt"/>
        <line num="4" count="38" type="stmt"/>
        <line num="5" count="38" type="stmt"/>
        <line num="6" count="38" type="stmt"/>
        <line num="7" count="38" type="stmt"/>
        <line num="8" count="38" type="stmt"/>
        <line num="17" count="362" type="stmt"/>
        <line num="18" count="362" type="stmt"/>
        <line num="19" count="362" type="stmt"/>
        <line num="20" count="362" type="stmt"/>
        <line num="21" count="362" type="stmt"/>
        <line num="22" count="362" type="cond" truecount="2" falsecount="0"/>
        <line num="23" count="20" type="stmt"/>
        <line num="24" count="22" type="stmt"/>
        <line num="25" count="22" type="cond" truecount="2" falsecount="0"/>
        <line num="26" count="6" type="stmt"/>
        <line num="27" count="6" type="stmt"/>
        <line num="29" count="16" type="cond" truecount="1" falsecount="1"/>
        <line num="30" count="0" type="stmt"/>
        <line num="33" count="16" type="stmt"/>
        <line num="34" count="16" type="stmt"/>
        <line num="35" count="16" type="stmt"/>
        <line num="37" count="0" type="stmt"/>
        <line num="41" count="342" type="stmt"/>
        <line num="43" count="356" type="cond" truecount="2" falsecount="0"/>
        <line num="44" count="14" type="stmt"/>
        <line num="46" count="356" type="cond" truecount="2" falsecount="0"/>
        <line num="47" count="12" type="stmt"/>
        <line num="49" count="356" type="stmt"/>
        <line num="50" count="356" type="stmt"/>
        <line num="52" count="0" type="stmt"/>
        <line num="53" count="0" type="stmt"/>
        <line num="55" count="356" type="stmt"/>
        <line num="59" count="10" type="stmt"/>
        <line num="60" count="10" type="stmt"/>
        <line num="61" count="10" type="cond" truecount="1" falsecount="1"/>
        <line num="62" count="10" type="stmt"/>
        <line num="63" count="10" type="cond" truecount="1" falsecount="1"/>
        <line num="64" count="0" type="stmt"/>
        <line num="66" count="10" type="stmt"/>
        <line num="67" count="10" type="stmt"/>
        <line num="68" count="10" type="stmt"/>
        <line num="70" count="10" type="cond" truecount="1" falsecount="1"/>
        <line num="71" count="0" type="stmt"/>
        <line num="72" count="0" type="cond" truecount="0" falsecount="2"/>
        <line num="73" count="0" type="stmt"/>
        <line num="74" count="0" type="cond" truecount="0" falsecount="2"/>
        <line num="75" count="0" type="stmt"/>
        <line num="77" count="0" type="stmt"/>
        <line num="78" count="0" type="stmt"/>
        <line num="79" count="0" type="stmt"/>
        <line num="88" count="27" type="stmt"/>
        <line num="89" count="27" type="stmt"/>
        <line num="90" count="27" type="stmt"/>
        <line num="91" count="27" type="stmt"/>
        <line num="92" count="27" type="stmt"/>
        <line num="93" count="27" type="stmt"/>
        <line num="94" count="27" type="stmt"/>
        <line num="95" count="27" type="stmt"/>
        <line num="96" count="178" type="stmt"/>
        <line num="97" count="178" type="stmt"/>
        <line num="101" count="178" type="stmt"/>
        <line num="102" count="178" type="stmt"/>
        <line num="103" count="178" type="stmt"/>
        <line num="104" count="178" type="stmt"/>
        <line num="106" count="0" type="stmt"/>
        <line num="108" count="178" type="stmt"/>
        <line num="110" count="27" type="stmt"/>
        <line num="111" count="27" type="stmt"/>
        <line num="113" count="0" type="stmt"/>
        <line num="115" count="27" type="stmt"/>
        <line num="120" count="16" type="stmt"/>
        <line num="121" count="16" type="cond" truecount="2" falsecount="0"/>
        <line num="122" count="1" type="stmt"/>
        <line num="123" count="1" type="stmt"/>
        <line num="124" count="1" type="cond" truecount="1" falsecount="1"/>
        <line num="126" count="15" type="stmt"/>
        <line num="128" count="15" type="stmt"/>
        <line num="132" count="17" type="stmt"/>
        <line num="133" count="17" type="cond" truecount="1" falsecount="1"/>
        <line num="134" count="0" type="stmt"/>
        <line num="136" count="17" type="stmt"/>
        <line num="137" count="17" type="stmt"/>
        <line num="138" count="17" type="cond" truecount="2" falsecount="0"/>
        <line num="139" count="16" type="stmt"/>
        <line num="140" count="16" type="stmt"/>
        <line num="141" count="16" type="stmt"/>
        <line num="142" count="16" type="stmt"/>
        <line num="143" count="16" type="stmt"/>
        <line num="145" count="1" type="stmt"/>
        <line num="152" count="7892" type="stmt"/>
        <line num="153" count="7892" type="cond" truecount="2" falsecount="0"/>
        <line num="154" count="198" type="stmt"/>
        <line num="155" count="198" type="stmt"/>
        <line num="156" count="198" type="stmt"/>
        <line num="158" count="7694" type="stmt"/>
        <line num="168" count="27" type="cond" truecount="1" falsecount="1"/>
        <line num="169" count="29" type="stmt"/>
        <line num="171" count="0" type="stmt"/>
        <line num="176" count="16" type="stmt"/>
        <line num="179" count="38" type="stmt"/>
        <line num="180" count="38" type="stmt"/>
        <line num="181" count="38" type="stmt"/>
        <line num="182" count="38" type="stmt"/>
        <line num="185" count="8271" type="cond" truecount="1" falsecount="1"/>
        <line num="186" count="0" type="stmt"/>
        <line num="187" count="0" type="stmt"/>
      </file>
      <file name="main-list-searcher.ts" path="C:\Users\dbergmann\Desktop\list-manager\src\backend\controller\main-list-manager\main-list-searcher.ts">
        <metrics statements="44" coveredstatements="35" conditionals="12" coveredconditionals="9" methods="6" coveredmethods="4"/>
        <line num="2" count="38" type="stmt"/>
        <line num="3" count="38" type="stmt"/>
        <line num="4" count="38" type="stmt"/>
        <line num="6" count="38" type="stmt"/>
        <line num="7" count="38" type="stmt"/>
        <line num="13" count="38" type="stmt"/>
        <line num="20" count="4" type="stmt"/>
        <line num="21" count="4" type="stmt"/>
        <line num="22" count="4" type="stmt"/>
        <line num="23" count="4" type="stmt"/>
        <line num="24" count="4" type="stmt"/>
        <line num="25" count="4" type="cond" truecount="1" falsecount="1"/>
        <line num="26" count="0" type="stmt"/>
        <line num="27" count="0" type="stmt"/>
        <line num="30" count="0" type="stmt"/>
        <line num="33" count="4" type="stmt"/>
        <line num="34" count="4" type="stmt"/>
        <line num="45" count="0" type="stmt"/>
        <line num="46" count="0" type="stmt"/>
        <line num="47" count="0" type="cond" truecount="0" falsecount="2"/>
        <line num="48" count="0" type="stmt"/>
        <line num="51" count="0" type="stmt"/>
        <line num="59" count="0" type="stmt"/>
        <line num="66" count="188" type="stmt"/>
        <line num="70" count="362" type="stmt"/>
        <line num="71" count="362" type="stmt"/>
        <line num="72" count="362" type="stmt"/>
        <line num="73" count="3152" type="cond" truecount="2" falsecount="0"/>
        <line num="74" count="8" type="stmt"/>
        <line num="76" count="3144" type="cond" truecount="2" falsecount="0"/>
        <line num="77" count="15" type="stmt"/>
        <line num="81" count="362" type="stmt"/>
        <line num="82" count="362" type="stmt"/>
        <line num="86" count="188" type="stmt"/>
        <line num="87" count="188" type="stmt"/>
        <line num="88" count="188" type="stmt"/>
        <line num="89" count="1593" type="cond" truecount="2" falsecount="0"/>
        <line num="90" count="8" type="stmt"/>
        <line num="92" count="1593" type="stmt"/>
        <line num="93" count="1593" type="stmt"/>
        <line num="94" count="1593" type="cond" truecount="2" falsecount="0"/>
        <line num="95" count="15" type="stmt"/>
        <line num="98" count="188" type="stmt"/>
        <line num="99" count="188" type="stmt"/>
      </file>
      <file name="main-list-updater.ts" path="C:\Users\dbergmann\Desktop\list-manager\src\backend\controller\main-list-manager\main-list-updater.ts">
        <metrics statements="20" coveredstatements="17" conditionals="4" coveredconditionals="2" methods="1" coveredmethods="1"/>
        <line num="2" count="35" type="stmt"/>
        <line num="3" count="35" type="stmt"/>
        <line num="4" count="35" type="stmt"/>
        <line num="5" count="35" type="stmt"/>
        <line num="6" count="35" type="stmt"/>
        <line num="7" count="35" type="stmt"/>
        <line num="15" count="4" type="stmt"/>
        <line num="16" count="4" type="stmt"/>
        <line num="17" count="4" type="stmt"/>
        <line num="18" count="4" type="stmt"/>
        <line num="19" count="4" type="cond" truecount="1" falsecount="1"/>
        <line num="20" count="0" type="stmt"/>
        <line num="21" count="0" type="stmt"/>
        <line num="23" count="4" type="stmt"/>
        <line num="24" count="4" type="stmt"/>
        <line num="25" count="4" type="stmt"/>
        <line num="26" count="4" type="stmt"/>
        <line num="29" count="4" type="cond" truecount="1" falsecount="1"/>
        <line num="30" count="4" type="stmt"/>
        <line num="32" count="0" type="stmt"/>
      </file>
    </package>
    <package name="helpFunctions.comperators">
      <metrics statements="28" coveredstatements="24" conditionals="24" coveredconditionals="18" methods="1" coveredmethods="1"/>
      <file name="title-comperator.ts" path="C:\Users\dbergmann\Desktop\list-manager\src\backend\helpFunctions\comperators\title-comperator.ts">
        <metrics statements="28" coveredstatements="24" conditionals="24" coveredconditionals="18" methods="1" coveredmethods="1"/>
        <line num="1" count="38" type="stmt"/>
        <line num="3" count="38" type="stmt"/>
        <line num="4" count="38" type="stmt"/>
        <line num="6" count="38" type="stmt"/>
        <line num="17" count="3134" type="stmt"/>
        <line num="18" count="3134" type="stmt"/>
        <line num="19" count="3134" type="stmt"/>
        <line num="21" count="3134" type="cond" truecount="4" falsecount="0"/>
        <line num="22" count="9" type="stmt"/>
        <line num="24" count="3125" type="stmt"/>
        <line num="25" count="3125" type="cond" truecount="2" falsecount="0"/>
        <line num="26" count="12" type="stmt"/>
        <line num="27" count="3113" type="cond" truecount="1" falsecount="1"/>
        <line num="28" count="0" type="cond" truecount="0" falsecount="2"/>
        <line num="29" count="0" type="stmt"/>
        <line num="31" count="3113" type="cond" truecount="1" falsecount="1"/>
        <line num="32" count="0" type="cond" truecount="0" falsecount="2"/>
        <line num="33" count="0" type="stmt"/>
        <line num="36" count="3125" type="stmt"/>
        <line num="37" count="3125" type="stmt"/>
        <line num="38" count="3125" type="stmt"/>
        <line num="39" count="3125" type="cond" truecount="2" falsecount="0"/>
        <line num="40" count="2173" type="stmt"/>
        <line num="41" count="952" type="cond" truecount="4" falsecount="0"/>
        <line num="42" count="414" type="stmt"/>
        <line num="43" count="538" type="cond" truecount="4" falsecount="0"/>
        <line num="44" count="462" type="stmt"/>
        <line num="47" count="3125" type="stmt"/>
      </file>
    </package>
    <package name="helpFunctions.episode-mapping-helper">
      <metrics statements="305" coveredstatements="280" conditionals="172" coveredconditionals="143" methods="45" coveredmethods="43"/>
      <file name="episode-mapping-helper.ts" path="C:\Users\dbergmann\Desktop\list-manager\src\backend\helpFunctions\episode-mapping-helper\episode-mapping-helper.ts">
        <metrics statements="280" coveredstatements="261" conditionals="148" coveredconditionals="130" methods="40" coveredmethods="39"/>
        <line num="1" count="38" type="stmt"/>
        <line num="2" count="38" type="stmt"/>
        <line num="3" count="38" type="stmt"/>
        <line num="6" count="38" type="stmt"/>
        <line num="7" count="38" type="stmt"/>
        <line num="8" count="38" type="stmt"/>
        <line num="9" count="38" type="stmt"/>
        <line num="10" count="38" type="stmt"/>
        <line num="11" count="38" type="stmt"/>
        <line num="12" count="38" type="stmt"/>
        <line num="13" count="38" type="stmt"/>
        <line num="15" count="38" type="stmt"/>
        <line num="18" count="228" type="stmt"/>
        <line num="19" count="228" type="stmt"/>
        <line num="20" count="228" type="stmt"/>
        <line num="21" count="228" type="stmt"/>
        <line num="23" count="228" type="stmt"/>
        <line num="25" count="228" type="stmt"/>
        <line num="26" count="228" type="stmt"/>
        <line num="27" count="228" type="cond" truecount="2" falsecount="0"/>
        <line num="28" count="31" type="stmt"/>
        <line num="29" count="31" type="cond" truecount="2" falsecount="0"/>
        <line num="30" count="3" type="stmt"/>
        <line num="31" count="3" type="stmt"/>
        <line num="33" count="3" type="stmt"/>
        <line num="34" count="4" type="stmt"/>
        <line num="35" count="13" type="cond" truecount="2" falsecount="0"/>
        <line num="36" count="18" type="stmt"/>
        <line num="37" count="10" type="cond" truecount="2" falsecount="0"/>
        <line num="38" count="4" type="cond" truecount="2" falsecount="0"/>
        <line num="39" count="3" type="stmt"/>
        <line num="40" count="3" type="stmt"/>
        <line num="42" count="4" type="stmt"/>
        <line num="43" count="4" type="stmt"/>
        <line num="44" count="4" type="stmt"/>
        <line num="45" count="4" type="stmt"/>
        <line num="46" count="4" type="stmt"/>
        <line num="47" count="4" type="stmt"/>
        <line num="48" count="4" type="stmt"/>
        <line num="52" count="4" type="stmt"/>
        <line num="53" count="4" type="cond" truecount="4" falsecount="0"/>
        <line num="54" count="1" type="stmt"/>
        <line num="55" count="1" type="stmt"/>
        <line num="57" count="3" type="stmt"/>
        <line num="62" count="312" type="stmt"/>
        <line num="63" count="228" type="stmt"/>
        <line num="67" count="0" type="stmt"/>
        <line num="68" count="0" type="stmt"/>
        <line num="69" count="0" type="cond" truecount="0" falsecount="2"/>
        <line num="70" count="0" type="stmt"/>
        <line num="71" count="0" type="stmt"/>
        <line num="72" count="0" type="stmt"/>
        <line num="73" count="0" type="stmt"/>
        <line num="76" count="0" type="cond" truecount="0" falsecount="2"/>
        <line num="77" count="0" type="stmt"/>
        <line num="79" count="0" type="stmt"/>
        <line num="83" count="20" type="stmt"/>
        <line num="87" count="20" type="cond" truecount="4" falsecount="0"/>
        <line num="88" count="2" type="stmt"/>
        <line num="89" count="18" type="cond" truecount="4" falsecount="0"/>
        <line num="90" count="4" type="stmt"/>
        <line num="92" count="14" type="cond" truecount="2" falsecount="0"/>
        <line num="93" count="7" type="cond" truecount="2" falsecount="0"/>
        <line num="94" count="4" type="stmt"/>
        <line num="96" count="3" type="stmt"/>
        <line num="98" count="7" type="cond" truecount="2" falsecount="0"/>
        <line num="99" count="6" type="stmt"/>
        <line num="101" count="1" type="stmt"/>
        <line num="106" count="232" type="stmt"/>
        <line num="107" count="316" type="cond" truecount="2" falsecount="0"/>
        <line num="108" count="240" type="cond" truecount="2" falsecount="0"/>
        <line num="109" count="194" type="stmt"/>
        <line num="110" count="194" type="stmt"/>
        <line num="117" count="4" type="stmt"/>
        <line num="118" count="4" type="stmt"/>
        <line num="119" count="5" type="cond" truecount="1" falsecount="1"/>
        <line num="120" count="5" type="stmt"/>
        <line num="124" count="4" type="stmt"/>
        <line num="128" count="15" type="stmt"/>
        <line num="133" count="229" type="stmt"/>
        <line num="134" count="229" type="stmt"/>
        <line num="135" count="315" type="stmt"/>
        <line num="137" count="229" type="stmt"/>
        <line num="141" count="328" type="stmt"/>
        <line num="142" count="328" type="stmt"/>
        <line num="143" count="4465" type="cond" truecount="2" falsecount="0"/>
        <line num="144" count="472" type="stmt"/>
        <line num="147" count="328" type="stmt"/>
        <line num="152" count="4900" type="stmt"/>
        <line num="153" count="1750" type="stmt"/>
        <line num="163" count="232" type="stmt"/>
        <line num="164" count="329" type="stmt"/>
        <line num="165" count="329" type="stmt"/>
        <line num="166" count="1668" type="cond" truecount="2" falsecount="0"/>
        <line num="167" count="235" type="stmt"/>
        <line num="168" count="235" type="cond" truecount="2" falsecount="0"/>
        <line num="169" count="225" type="stmt"/>
        <line num="172" count="1443" type="stmt"/>
        <line num="173" count="1443" type="cond" truecount="2" falsecount="0"/>
        <line num="174" count="4164" type="stmt"/>
        <line num="175" count="1422" type="stmt"/>
        <line num="176" count="1979" type="stmt"/>
        <line num="177" count="3958" type="cond" truecount="2" falsecount="0"/>
        <line num="178" count="1979" type="cond" truecount="2" falsecount="0"/>
        <line num="179" count="1925" type="stmt"/>
        <line num="180" count="1925" type="cond" truecount="1" falsecount="1"/>
        <line num="181" count="0" type="stmt"/>
        <line num="183" count="1925" type="stmt"/>
        <line num="185" count="1925" type="stmt"/>
        <line num="186" count="5673" type="stmt"/>
        <line num="187" count="1925" type="stmt"/>
        <line num="188" count="1925" type="cond" truecount="2" falsecount="0"/>
        <line num="189" count="6" type="stmt"/>
        <line num="190" count="6" type="stmt"/>
        <line num="192" count="1919" type="stmt"/>
        <line num="193" count="1919" type="stmt"/>
        <line num="194" count="1919" type="stmt"/>
        <line num="203" count="329" type="stmt"/>
        <line num="207" count="1443" type="stmt"/>
        <line num="208" count="1443" type="stmt"/>
        <line num="209" count="1443" type="stmt"/>
        <line num="210" count="2145" type="stmt"/>
        <line num="211" count="4290" type="cond" truecount="2" falsecount="0"/>
        <line num="212" count="2145" type="stmt"/>
        <line num="215" count="2145" type="stmt"/>
        <line num="216" count="4701" type="stmt"/>
        <line num="217" count="2145" type="stmt"/>
        <line num="220" count="1443" type="stmt"/>
        <line num="224" count="820" type="stmt"/>
        <line num="225" count="820" type="stmt"/>
        <line num="226" count="16076" type="stmt"/>
        <line num="227" count="3559871" type="cond" truecount="2" falsecount="0"/>
        <line num="228" count="7656" type="stmt"/>
        <line num="229" count="7656" type="cond" truecount="2" falsecount="0"/>
        <line num="230" count="16" type="stmt"/>
        <line num="232" count="7656" type="stmt"/>
        <line num="236" count="820" type="stmt"/>
        <line num="250" count="463" type="stmt"/>
        <line num="251" count="463" type="stmt"/>
        <line num="252" count="463" type="stmt"/>
        <line num="253" count="689" type="stmt"/>
        <line num="254" count="1675" type="stmt"/>
        <line num="255" count="1675" type="stmt"/>
        <line num="256" count="1675" type="cond" truecount="2" falsecount="0"/>
        <line num="257" count="707" type="stmt"/>
        <line num="260" count="968" type="stmt"/>
        <line num="261" count="968" type="cond" truecount="2" falsecount="0"/>
        <line num="262" count="820" type="stmt"/>
        <line num="268" count="968" type="stmt"/>
        <line num="272" count="968" type="stmt"/>
        <line num="276" count="968" type="cond" truecount="2" falsecount="0"/>
        <line num="277" count="263" type="stmt"/>
        <line num="280" count="705" type="cond" truecount="2" falsecount="0"/>
        <line num="281" count="347" type="stmt"/>
        <line num="282" count="347" type="stmt"/>
        <line num="283" count="347" type="stmt"/>
        <line num="287" count="463" type="stmt"/>
        <line num="292" count="347" type="stmt"/>
        <line num="293" count="347" type="stmt"/>
        <line num="294" count="347" type="stmt"/>
        <line num="295" count="6741" type="cond" truecount="2" falsecount="0"/>
        <line num="296" count="6735" type="stmt"/>
        <line num="297" count="6735" type="cond" truecount="2" falsecount="0"/>
        <line num="298" count="2656" type="cond" truecount="2" falsecount="0"/>
        <line num="299" count="2488" type="stmt"/>
        <line num="300" count="2488" type="cond" truecount="4" falsecount="0"/>
        <line num="301" count="2337" type="stmt"/>
        <line num="302" count="2337" type="stmt"/>
        <line num="303" count="2337" type="stmt"/>
        <line num="304" count="2337" type="stmt"/>
        <line num="305" count="2337" type="stmt"/>
        <line num="306" count="2337" type="stmt"/>
        <line num="311" count="4404" type="stmt"/>
        <line num="312" count="1456540" type="cond" truecount="1" falsecount="1"/>
        <line num="313" count="1456540" type="cond" truecount="2" falsecount="0"/>
        <line num="314" count="5062" type="cond" truecount="2" falsecount="0"/>
        <line num="315" count="2260" type="stmt"/>
        <line num="316" count="2260" type="cond" truecount="2" falsecount="0"/>
        <line num="317" count="439" type="stmt"/>
        <line num="318" count="439" type="stmt"/>
        <line num="319" count="439" type="stmt"/>
        <line num="320" count="439" type="stmt"/>
        <line num="321" count="439" type="cond" truecount="2" falsecount="0"/>
        <line num="322" count="12" type="stmt"/>
        <line num="330" count="347" type="stmt"/>
        <line num="334" count="4701" type="cond" truecount="2" falsecount="0"/>
        <line num="335" count="2343" type="stmt"/>
        <line num="337" count="2358" type="stmt"/>
        <line num="338" count="4716" type="cond" truecount="1" falsecount="1"/>
        <line num="339" count="0" type="stmt"/>
        <line num="342" count="2358" type="stmt"/>
        <line num="346" count="6695" type="cond" truecount="4" falsecount="0"/>
        <line num="347" count="1060" type="stmt"/>
        <line num="348" count="1060" type="cond" truecount="2" falsecount="0"/>
        <line num="349" count="54" type="stmt"/>
        <line num="353" count="6641" type="stmt"/>
        <line num="357" count="1925" type="stmt"/>
        <line num="358" count="5152" type="cond" truecount="2" falsecount="0"/>
        <line num="359" count="1925" type="stmt"/>
        <line num="360" count="801336" type="cond" truecount="2" falsecount="0"/>
        <line num="361" count="1925" type="cond" truecount="1" falsecount="1"/>
        <line num="362" count="1925" type="stmt"/>
        <line num="364" count="0" type="stmt"/>
        <line num="365" count="0" type="stmt"/>
        <line num="369" count="1925" type="stmt"/>
        <line num="372" count="1925" type="stmt"/>
        <line num="376" count="968" type="stmt"/>
        <line num="377" count="3589" type="stmt"/>
        <line num="378" count="3589" type="cond" truecount="2" falsecount="0"/>
        <line num="379" count="263" type="stmt"/>
        <line num="382" count="705" type="stmt"/>
        <line num="387" count="1456540" type="stmt"/>
        <line num="388" count="37145" type="stmt"/>
        <line num="389" count="37145" type="stmt"/>
        <line num="390" count="74290" type="cond" truecount="4" falsecount="0"/>
        <line num="391" count="69621" type="stmt"/>
        <line num="394" count="37145" type="cond" truecount="1" falsecount="1"/>
        <line num="395" count="0" type="stmt"/>
        <line num="398" count="1456540" type="stmt"/>
        <line num="402" count="3247667" type="stmt"/>
        <line num="403" count="6489306" type="stmt"/>
        <line num="404" count="6489306" type="stmt"/>
        <line num="405" count="6489306" type="cond" truecount="2" falsecount="0"/>
        <line num="406" count="11038" type="stmt"/>
        <line num="407" count="11038" type="stmt"/>
        <line num="409" count="6478268" type="stmt"/>
        <line num="413" count="6489306" type="cond" truecount="2" falsecount="0"/>
        <line num="414" count="11038" type="stmt"/>
        <line num="417" count="3236629" type="stmt"/>
        <line num="421" count="7426" type="stmt"/>
        <line num="422" count="7426" type="stmt"/>
        <line num="423" count="3247667" type="cond" truecount="2" falsecount="0"/>
        <line num="424" count="11038" type="stmt"/>
        <line num="427" count="7426" type="stmt"/>
        <line num="436" count="6643475" type="stmt"/>
        <line num="440" count="9581" type="stmt"/>
        <line num="441" count="9581" type="stmt"/>
        <line num="450" count="150466" type="stmt"/>
        <line num="451" count="1422" type="stmt"/>
        <line num="452" count="1422" type="stmt"/>
        <line num="453" count="2733" type="cond" truecount="2" falsecount="0"/>
        <line num="454" count="1979" type="cond" truecount="1" falsecount="1"/>
        <line num="455" count="1979" type="stmt"/>
        <line num="459" count="1422" type="cond" truecount="1" falsecount="1"/>
        <line num="460" count="1422" type="stmt"/>
        <line num="462" count="0" type="stmt"/>
        <line num="471" count="194" type="stmt"/>
        <line num="472" count="194" type="cond" truecount="1" falsecount="1"/>
        <line num="473" count="194" type="stmt"/>
        <line num="474" count="194" type="stmt"/>
        <line num="475" count="3269" type="stmt"/>
        <line num="476" count="3269" type="stmt"/>
        <line num="477" count="0" type="cond" truecount="0" falsecount="2"/>
        <line num="478" count="0" type="stmt"/>
        <line num="479" count="0" type="stmt"/>
        <line num="482" count="3269" type="cond" truecount="1" falsecount="1"/>
        <line num="483" count="3269" type="stmt"/>
        <line num="484" count="3269" type="stmt"/>
        <line num="485" count="3269" type="stmt"/>
        <line num="486" count="3269" type="stmt"/>
        <line num="490" count="194" type="stmt"/>
        <line num="494" count="3559871" type="stmt"/>
        <line num="495" count="2954532" type="cond" truecount="2" falsecount="0"/>
        <line num="496" count="7656" type="stmt"/>
        <line num="499" count="3552215" type="stmt"/>
        <line num="503" count="1470993" type="stmt"/>
        <line num="504" count="1710045" type="cond" truecount="4" falsecount="0"/>
        <line num="505" count="1458527" type="stmt"/>
        <line num="508" count="12466" type="stmt"/>
        <line num="514" count="150474" type="stmt"/>
        <line num="515" count="150474" type="stmt"/>
        <line num="516" count="150474" type="cond" truecount="2" falsecount="0"/>
        <line num="517" count="2494" type="stmt"/>
        <line num="518" count="147980" type="cond" truecount="2" falsecount="0"/>
        <line num="519" count="268" type="stmt"/>
        <line num="520" count="147712" type="cond" truecount="2" falsecount="0"/>
        <line num="521" count="15" type="stmt"/>
        <line num="522" count="147697" type="cond" truecount="2" falsecount="0"/>
        <line num="523" count="14" type="stmt"/>
        <line num="525" count="147683" type="stmt"/>
      </file>
      <file name="provider-compare-history-entry.ts" path="C:\Users\dbergmann\Desktop\list-manager\src\backend\helpFunctions\episode-mapping-helper\provider-compare-history-entry.ts">
        <metrics statements="18" coveredstatements="12" conditionals="24" coveredconditionals="13" methods="3" coveredmethods="2"/>
        <line num="3" count="38" type="stmt"/>
        <line num="21" count="347" type="stmt"/>
        <line num="22" count="347" type="stmt"/>
        <line num="23" count="347" type="stmt"/>
        <line num="24" count="347" type="stmt"/>
        <line num="25" count="347" type="stmt"/>
        <line num="29" count="0" type="cond" truecount="0" falsecount="2"/>
        <line num="30" count="0" type="cond" truecount="0" falsecount="4"/>
        <line num="31" count="0" type="stmt"/>
        <line num="32" count="0" type="cond" truecount="0" falsecount="4"/>
        <line num="33" count="0" type="stmt"/>
        <line num="36" count="0" type="stmt"/>
        <line num="41" count="3589" type="cond" truecount="1" falsecount="1"/>
        <line num="42" count="3589" type="cond" truecount="6" falsecount="0"/>
        <line num="44" count="4" type="stmt"/>
        <line num="45" count="3585" type="cond" truecount="6" falsecount="0"/>
        <line num="46" count="259" type="stmt"/>
        <line num="49" count="3326" type="stmt"/>
      </file>
      <file name="provider-series-package.ts" path="C:\Users\dbergmann\Desktop\list-manager\src\backend\helpFunctions\episode-mapping-helper\provider-series-package.ts">
        <metrics statements="7" coveredstatements="7" conditionals="0" coveredconditionals="0" methods="2" coveredmethods="2"/>
        <line num="4" count="38" type="stmt"/>
        <line num="7" count="232" type="stmt"/>
        <line num="8" count="232" type="stmt"/>
        <line num="9" count="316" type="stmt"/>
        <line num="11" count="232" type="stmt"/>
        <line num="18" count="316" type="stmt"/>
        <line num="19" count="316" type="stmt"/>
      </file>
    </package>
    <package name="helpFunctions.provider">
      <metrics statements="151" coveredstatements="133" conditionals="74" coveredconditionals="62" methods="22" coveredmethods="22"/>
      <file name="provider-helper.ts" path="C:\Users\dbergmann\Desktop\list-manager\src\backend\helpFunctions\provider\provider-helper.ts">
        <metrics statements="151" coveredstatements="133" conditionals="74" coveredconditionals="62" methods="22" coveredmethods="22"/>
        <line num="4" count="38" type="stmt"/>
        <line num="5" count="38" type="stmt"/>
        <line num="7" count="38" type="stmt"/>
        <line num="8" count="38" type="stmt"/>
        <line num="9" count="38" type="stmt"/>
        <line num="10" count="38" type="stmt"/>
        <line num="13" count="38" type="stmt"/>
        <line num="16" count="176" type="cond" truecount="4" falsecount="0"/>
        <line num="18" count="173" type="stmt"/>
        <line num="19" count="173" type="cond" truecount="2" falsecount="0"/>
        <line num="20" count="166" type="stmt"/>
        <line num="21" count="166" type="stmt"/>
        <line num="24" count="173" type="stmt"/>
        <line num="25" count="173" type="stmt"/>
        <line num="27" count="173" type="cond" truecount="2" falsecount="0"/>
        <line num="28" count="7" type="stmt"/>
        <line num="29" count="7" type="stmt"/>
        <line num="32" count="173" type="stmt"/>
        <line num="34" count="176" type="stmt"/>
        <line num="41" count="4274" type="stmt"/>
        <line num="42" count="4274" type="stmt"/>
        <line num="43" count="4274" type="stmt"/>
        <line num="44" count="0" type="stmt"/>
        <line num="45" count="0" type="stmt"/>
        <line num="46" count="0" type="stmt"/>
        <line num="47" count="0" type="stmt"/>
        <line num="49" count="0" type="stmt"/>
        <line num="53" count="4274" type="stmt"/>
        <line num="54" count="4274" type="stmt"/>
        <line num="55" count="4274" type="stmt"/>
        <line num="56" count="4274" type="stmt"/>
        <line num="58" count="4276" type="stmt"/>
        <line num="59" count="4276" type="cond" truecount="2" falsecount="0"/>
        <line num="60" count="2" type="stmt"/>
        <line num="62" count="4276" type="stmt"/>
        <line num="63" count="19" type="stmt"/>
        <line num="64" count="19" type="stmt"/>
        <line num="66" count="4257" type="stmt"/>
        <line num="70" count="4274" type="cond" truecount="2" falsecount="0"/>
        <line num="71" count="17" type="stmt"/>
        <line num="73" count="4274" type="stmt"/>
        <line num="77" count="4276" type="cond" truecount="4" falsecount="0"/>
        <line num="78" count="2" type="cond" truecount="1" falsecount="1"/>
        <line num="79" count="0" type="cond" truecount="0" falsecount="2"/>
        <line num="80" count="0" type="stmt"/>
        <line num="83" count="4274" type="cond" truecount="4" falsecount="0"/>
        <line num="84" count="17" type="cond" truecount="2" falsecount="0"/>
        <line num="85" count="2" type="stmt"/>
        <line num="88" count="4274" type="stmt"/>
        <line num="95" count="173" type="stmt"/>
        <line num="96" count="173" type="stmt"/>
        <line num="97" count="4334" type="cond" truecount="2" falsecount="0"/>
        <line num="98" count="179" type="stmt"/>
        <line num="100" count="4093" type="stmt"/>
        <line num="101" count="4093" type="cond" truecount="2" falsecount="0"/>
        <line num="102" count="4081" type="stmt"/>
        <line num="105" count="5" type="stmt"/>
        <line num="109" count="173" type="stmt"/>
        <line num="113" count="173" type="stmt"/>
        <line num="114" count="173" type="stmt"/>
        <line num="115" count="173" type="stmt"/>
        <line num="117" count="173" type="stmt"/>
        <line num="118" count="173" type="stmt"/>
        <line num="119" count="4260" type="stmt"/>
        <line num="120" count="4282" type="stmt"/>
        <line num="121" count="4260" type="cond" truecount="4" falsecount="1"/>
        <line num="122" count="4260" type="stmt"/>
        <line num="123" count="4260" type="stmt"/>
        <line num="124" count="4260" type="stmt"/>
        <line num="127" count="0" type="stmt"/>
        <line num="130" count="173" type="stmt"/>
        <line num="134" count="173" type="stmt"/>
        <line num="135" count="173" type="stmt"/>
        <line num="136" count="173" type="stmt"/>
        <line num="137" count="173" type="stmt"/>
        <line num="138" count="173" type="stmt"/>
        <line num="139" count="14" type="stmt"/>
        <line num="140" count="14" type="stmt"/>
        <line num="141" count="14" type="stmt"/>
        <line num="142" count="14" type="stmt"/>
        <line num="144" count="0" type="stmt"/>
        <line num="147" count="173" type="stmt"/>
        <line num="151" count="187" type="stmt"/>
        <line num="152" count="173" type="stmt"/>
        <line num="156" count="178" type="stmt"/>
        <line num="157" count="178" type="cond" truecount="2" falsecount="0"/>
        <line num="158" count="174" type="stmt"/>
        <line num="160" count="4" type="stmt"/>
        <line num="164" count="174" type="stmt"/>
        <line num="165" count="174" type="stmt"/>
        <line num="166" count="174" type="stmt"/>
        <line num="167" count="23" type="stmt"/>
        <line num="168" count="23" type="stmt"/>
        <line num="169" count="75" type="cond" truecount="2" falsecount="0"/>
        <line num="170" count="8" type="cond" truecount="1" falsecount="1"/>
        <line num="171" count="8" type="stmt"/>
        <line num="173" count="8" type="stmt"/>
        <line num="176" count="23" type="cond" truecount="2" falsecount="0"/>
        <line num="177" count="15" type="stmt"/>
        <line num="180" count="174" type="stmt"/>
        <line num="184" count="173" type="stmt"/>
        <line num="185" count="173" type="stmt"/>
        <line num="186" count="173" type="stmt"/>
        <line num="188" count="173" type="stmt"/>
        <line num="189" count="58327" type="cond" truecount="2" falsecount="0"/>
        <line num="190" count="4260" type="stmt"/>
        <line num="191" count="4260" type="cond" truecount="2" falsecount="0"/>
        <line num="192" count="179" type="cond" truecount="2" falsecount="2"/>
        <line num="193" count="179" type="stmt"/>
        <line num="196" count="4081" type="stmt"/>
        <line num="200" count="9445" type="stmt"/>
        <line num="201" count="173" type="stmt"/>
        <line num="210" count="9501" type="stmt"/>
        <line num="211" count="9487" type="stmt"/>
        <line num="212" count="9454" type="cond" truecount="2" falsecount="0"/>
        <line num="213" count="836" type="stmt"/>
        <line num="214" count="8618" type="cond" truecount="2" falsecount="0"/>
        <line num="215" count="23" type="stmt"/>
        <line num="217" count="8595" type="stmt"/>
        <line num="225" count="8" type="stmt"/>
        <line num="226" count="8" type="stmt"/>
        <line num="227" count="8" type="cond" truecount="1" falsecount="1"/>
        <line num="228" count="8" type="stmt"/>
        <line num="229" count="8" type="stmt"/>
        <line num="230" count="8" type="cond" truecount="1" falsecount="1"/>
        <line num="231" count="0" type="stmt"/>
        <line num="232" count="0" type="stmt"/>
        <line num="234" count="8" type="cond" truecount="1" falsecount="1"/>
        <line num="235" count="0" type="stmt"/>
        <line num="236" count="0" type="stmt"/>
        <line num="240" count="0" type="stmt"/>
        <line num="242" count="8" type="stmt"/>
        <line num="248" count="4260" type="stmt"/>
        <line num="249" count="4300" type="cond" truecount="2" falsecount="0"/>
        <line num="250" count="179" type="stmt"/>
        <line num="256" count="4274" type="stmt"/>
        <line num="257" count="4274" type="stmt"/>
        <line num="258" count="4379" type="stmt"/>
        <line num="259" count="4379" type="cond" truecount="2" falsecount="0"/>
        <line num="260" count="4200" type="cond" truecount="1" falsecount="1"/>
        <line num="261" count="0" type="stmt"/>
        <line num="262" count="0" type="stmt"/>
        <line num="263" count="0" type="stmt"/>
        <line num="265" count="0" type="stmt"/>
        <line num="270" count="28" type="stmt"/>
        <line num="273" count="4274" type="stmt"/>
        <line num="277" count="4201" type="cond" truecount="2" falsecount="0"/>
        <line num="278" count="4172" type="stmt"/>
        <line num="279" count="16" type="cond" truecount="2" falsecount="0"/>
        <line num="280" count="1" type="stmt"/>
        <line num="284" count="4172" type="stmt"/>
      </file>
    </package>
    <package name="helpFunctions.provider.provider-info-downloader">
      <metrics statements="112" coveredstatements="103" conditionals="46" coveredconditionals="38" methods="11" coveredmethods="10"/>
      <file name="provider-info-downloaderhelper.ts" path="C:\Users\dbergmann\Desktop\list-manager\src\backend\helpFunctions\provider\provider-info-downloader\provider-info-downloaderhelper.ts">
        <metrics statements="112" coveredstatements="103" conditionals="46" coveredconditionals="38" methods="11" coveredmethods="10"/>
        <line num="2" count="38" type="stmt"/>
        <line num="3" count="38" type="stmt"/>
        <line num="4" count="38" type="stmt"/>
        <line num="5" count="38" type="stmt"/>
        <line num="7" count="38" type="stmt"/>
        <line num="9" count="38" type="stmt"/>
        <line num="11" count="38" type="stmt"/>
        <line num="12" count="38" type="stmt"/>
        <line num="13" count="38" type="stmt"/>
        <line num="14" count="38" type="stmt"/>
        <line num="15" count="38" type="stmt"/>
        <line num="16" count="38" type="stmt"/>
        <line num="17" count="38" type="stmt"/>
        <line num="18" count="38" type="stmt"/>
        <line num="19" count="38" type="stmt"/>
        <line num="20" count="38" type="stmt"/>
        <line num="24" count="38" type="stmt"/>
        <line num="30" count="4" type="stmt"/>
        <line num="31" count="4" type="stmt"/>
        <line num="32" count="4" type="stmt"/>
        <line num="33" count="4" type="cond" truecount="2" falsecount="0"/>
        <line num="34" count="1" type="stmt"/>
        <line num="35" count="1" type="stmt"/>
        <line num="40" count="0" type="stmt"/>
        <line num="41" count="0" type="stmt"/>
        <line num="43" count="3" type="stmt"/>
        <line num="47" count="4293" type="cond" truecount="1" falsecount="1"/>
        <line num="48" count="4293" type="stmt"/>
        <line num="49" count="4293" type="stmt"/>
        <line num="50" count="4293" type="stmt"/>
        <line num="52" count="4293" type="stmt"/>
        <line num="53" count="4396" type="stmt"/>
        <line num="54" count="4293" type="cond" truecount="2" falsecount="0"/>
        <line num="55" count="4111" type="cond" truecount="4" falsecount="0"/>
        <line num="56" count="4107" type="stmt"/>
        <line num="57" count="4107" type="stmt"/>
        <line num="58" count="1" type="stmt"/>
        <line num="59" count="4106" type="stmt"/>
        <line num="61" count="4106" type="stmt"/>
        <line num="62" count="4106" type="stmt"/>
        <line num="63" count="4106" type="stmt"/>
        <line num="64" count="4105" type="stmt"/>
        <line num="65" count="4105" type="cond" truecount="3" falsecount="1"/>
        <line num="66" count="4105" type="cond" truecount="1" falsecount="1"/>
        <line num="67" count="0" type="stmt"/>
        <line num="69" count="4105" type="stmt"/>
        <line num="71" count="4105" type="stmt"/>
        <line num="72" count="23" type="cond" truecount="1" falsecount="1"/>
        <line num="73" count="23" type="stmt"/>
        <line num="74" count="23" type="stmt"/>
        <line num="76" count="0" type="stmt"/>
        <line num="78" count="0" type="stmt"/>
        <line num="80" count="0" type="stmt"/>
        <line num="83" count="4" type="stmt"/>
        <line num="86" count="182" type="stmt"/>
        <line num="87" count="10" type="stmt"/>
        <line num="89" count="10" type="stmt"/>
        <line num="90" count="10" type="stmt"/>
        <line num="93" count="1" type="stmt"/>
        <line num="94" count="1" type="stmt"/>
        <line num="96" count="0" type="stmt"/>
        <line num="100" count="4107" type="cond" truecount="2" falsecount="0"/>
        <line num="101" count="4095" type="stmt"/>
        <line num="102" count="4095" type="cond" truecount="2" falsecount="0"/>
        <line num="103" count="3" type="stmt"/>
        <line num="104" count="3" type="stmt"/>
        <line num="105" count="3" type="stmt"/>
        <line num="106" count="13" type="stmt"/>
        <line num="107" count="3" type="cond" truecount="1" falsecount="1"/>
        <line num="108" count="3" type="stmt"/>
        <line num="109" count="3" type="cond" truecount="1" falsecount="1"/>
        <line num="110" count="3" type="stmt"/>
        <line num="111" count="3" type="cond" truecount="2" falsecount="0"/>
        <line num="112" count="1" type="stmt"/>
        <line num="117" count="0" type="stmt"/>
        <line num="122" count="4106" type="stmt"/>
        <line num="126" count="3" type="stmt"/>
        <line num="128" count="16" type="cond" truecount="2" falsecount="0"/>
        <line num="129" count="1" type="stmt"/>
        <line num="132" count="2" type="stmt"/>
        <line num="140" count="4106" type="stmt"/>
        <line num="141" count="4106" type="stmt"/>
        <line num="142" count="4106" type="stmt"/>
        <line num="144" count="4106" type="stmt"/>
        <line num="146" count="1" type="stmt"/>
        <line num="147" count="1" type="stmt"/>
        <line num="149" count="4106" type="stmt"/>
        <line num="160" count="4106" type="stmt"/>
        <line num="161" count="4106" type="stmt"/>
        <line num="162" count="4106" type="stmt"/>
        <line num="163" count="4106" type="cond" truecount="5" falsecount="0"/>
        <line num="164" count="68" type="stmt"/>
        <line num="165" count="68" type="stmt"/>
        <line num="167" count="27" type="cond" truecount="3" falsecount="1"/>
        <line num="168" count="27" type="stmt"/>
        <line num="169" count="27" type="stmt"/>
        <line num="170" count="103" type="stmt"/>
        <line num="171" count="103" type="stmt"/>
        <line num="173" count="27" type="cond" truecount="1" falsecount="1"/>
        <line num="174" count="81" type="stmt"/>
        <line num="175" count="27" type="stmt"/>
        <line num="176" count="77" type="cond" truecount="2" falsecount="0"/>
        <line num="178" count="17" type="stmt"/>
        <line num="179" count="17" type="stmt"/>
        <line num="182" count="10" type="stmt"/>
        <line num="183" count="21" type="cond" truecount="2" falsecount="0"/>
        <line num="184" count="7" type="stmt"/>
        <line num="186" count="7" type="stmt"/>
        <line num="187" count="7" type="stmt"/>
        <line num="192" count="0" type="stmt"/>
        <line num="195" count="4038" type="stmt"/>
        <line num="197" count="4041" type="stmt"/>
      </file>
    </package>
  </project>
</coverage>
