{"C:\\Users\\dbergmann\\Desktop\\list-manager\\src\\backend\\controller\\objects\\series.ts": {"path":"C:\\Users\\dbergmann\\Desktop\\list-manager\\src\\backend\\controller\\objects\\series.ts","statementMap":{"0":{"start":{"line":1,"column":0},"end":{"line":1,"column":85}},"1":{"start":{"line":2,"column":0},"end":{"line":2,"column":101}},"2":{"start":{"line":3,"column":0},"end":{"line":3,"column":57}},"3":{"start":{"line":4,"column":0},"end":{"line":4,"column":75}},"4":{"start":{"line":5,"column":0},"end":{"line":5,"column":88}},"5":{"start":{"line":6,"column":0},"end":{"line":6,"column":61}},"6":{"start":{"line":7,"column":0},"end":{"line":7,"column":70}},"7":{"start":{"line":8,"column":0},"end":{"line":8,"column":41}},"8":{"start":{"line":9,"column":0},"end":{"line":9,"column":65}},"9":{"start":{"line":10,"column":0},"end":{"line":10,"column":69}},"10":{"start":{"line":11,"column":0},"end":{"line":11,"column":71}},"11":{"start":{"line":14,"column":0},"end":{"line":14,"column":96}},"12":{"start":{"line":15,"column":0},"end":{"line":15,"column":95}},"13":{"start":{"line":16,"column":0},"end":{"line":16,"column":43}},"14":{"start":{"line":19,"column":0},"end":{"line":19,"column":46}},"15":{"start":{"line":20,"column":0},"end":{"line":20,"column":46}},"16":{"start":{"line":22,"column":0},"end":{"line":22,"column":44}},"17":{"start":{"line":24,"column":0},"end":{"line":24,"column":35}},"18":{"start":{"line":26,"column":0},"end":{"line":26,"column":71}},"19":{"start":{"line":27,"column":0},"end":{"line":27,"column":54}},"20":{"start":{"line":44,"column":8},"end":{"line":44,"column":16}},"21":{"start":{"line":32,"column":11},"end":{"line":32,"column":34}},"22":{"start":{"line":33,"column":11},"end":{"line":33,"column":27}},"23":{"start":{"line":34,"column":11},"end":{"line":34,"column":43}},"24":{"start":{"line":35,"column":11},"end":{"line":35,"column":38}},"25":{"start":{"line":39,"column":12},"end":{"line":39,"column":45}},"26":{"start":{"line":40,"column":12},"end":{"line":40,"column":43}},"27":{"start":{"line":46,"column":8},"end":{"line":46,"column":48}},"28":{"start":{"line":50,"column":8},"end":{"line":50,"column":41}},"29":{"start":{"line":51,"column":8},"end":{"line":51,"column":38}},"30":{"start":{"line":52,"column":8},"end":{"line":52,"column":38}},"31":{"start":{"line":53,"column":8},"end":{"line":53,"column":45}},"32":{"start":{"line":57,"column":22},"end":{"line":57,"column":24}},"33":{"start":{"line":58,"column":22},"end":{"line":58,"column":46}},"34":{"start":{"line":59,"column":8},"end":{"line":63,"column":null}},"35":{"start":{"line":60,"column":12},"end":{"line":62,"column":null}},"36":{"start":{"line":61,"column":16},"end":{"line":61,"column":33}},"37":{"start":{"line":64,"column":8},"end":{"line":64,"column":51}},"38":{"start":{"line":71,"column":22},"end":{"line":71,"column":40}},"39":{"start":{"line":72,"column":8},"end":{"line":72,"column":51}},"40":{"start":{"line":79,"column":22},"end":{"line":79,"column":24}},"41":{"start":{"line":80,"column":8},"end":{"line":86,"column":null}},"42":{"start":{"line":81,"column":12},"end":{"line":85,"column":null}},"43":{"start":{"line":82,"column":16},"end":{"line":82,"column":54}},"44":{"start":{"line":84,"column":16},"end":{"line":84,"column":103}},"45":{"start":{"line":87,"column":8},"end":{"line":87,"column":21}},"46":{"start":{"line":95,"column":26},"end":{"line":95,"column":28}},"47":{"start":{"line":96,"column":8},"end":{"line":98,"column":null}},"48":{"start":{"line":97,"column":12},"end":{"line":97,"column":58}},"49":{"start":{"line":99,"column":8},"end":{"line":99,"column":59}},"50":{"start":{"line":112,"column":8},"end":{"line":112,"column":59}},"51":{"start":{"line":113,"column":48},"end":{"line":113,"column":114}},"52":{"start":{"line":114,"column":35},"end":{"line":114,"column":39}},"53":{"start":{"line":115,"column":8},"end":{"line":125,"column":null}},"54":{"start":{"line":116,"column":12},"end":{"line":124,"column":null}},"55":{"start":{"line":117,"column":16},"end":{"line":123,"column":null}},"56":{"start":{"line":118,"column":20},"end":{"line":122,"column":null}},"57":{"start":{"line":119,"column":24},"end":{"line":119,"column":39}},"58":{"start":{"line":120,"column":27},"end":{"line":122,"column":null}},"59":{"start":{"line":121,"column":24},"end":{"line":121,"column":39}},"60":{"start":{"line":126,"column":8},"end":{"line":126,"column":22}},"61":{"start":{"line":133,"column":8},"end":{"line":133,"column":62}},"62":{"start":{"line":134,"column":26},"end":{"line":134,"column":57}},"63":{"start":{"line":135,"column":23},"end":{"line":135,"column":72}},"64":{"start":{"line":135,"column":48},"end":{"line":135,"column":58}},"65":{"start":{"line":136,"column":28},"end":{"line":136,"column":78}},"66":{"start":{"line":136,"column":48},"end":{"line":136,"column":77}},"67":{"start":{"line":137,"column":8},"end":{"line":139,"column":null}},"68":{"start":{"line":138,"column":12},"end":{"line":138,"column":78}},"69":{"start":{"line":140,"column":8},"end":{"line":140,"column":40}},"70":{"start":{"line":147,"column":26},"end":{"line":147,"column":57}},"71":{"start":{"line":148,"column":22},"end":{"line":148,"column":67}},"72":{"start":{"line":148,"column":47},"end":{"line":148,"column":66}},"73":{"start":{"line":149,"column":8},"end":{"line":149,"column":21}},"74":{"start":{"line":157,"column":8},"end":{"line":157,"column":62}},"75":{"start":{"line":159,"column":8},"end":{"line":163,"column":null}},"76":{"start":{"line":160,"column":12},"end":{"line":160,"column":109}},"77":{"start":{"line":160,"column":96},"end":{"line":160,"column":106}},"78":{"start":{"line":162,"column":12},"end":{"line":162,"column":28}},"79":{"start":{"line":164,"column":8},"end":{"line":166,"column":null}},"80":{"start":{"line":165,"column":12},"end":{"line":165,"column":64}},"81":{"start":{"line":167,"column":8},"end":{"line":167,"column":65}},"82":{"start":{"line":175,"column":8},"end":{"line":175,"column":55}},"83":{"start":{"line":176,"column":8},"end":{"line":196,"column":null}},"84":{"start":{"line":177,"column":27},"end":{"line":177,"column":95}},"85":{"start":{"line":178,"column":12},"end":{"line":195,"column":null}},"86":{"start":{"line":180,"column":16},"end":{"line":187,"column":null}},"87":{"start":{"line":181,"column":20},"end":{"line":186,"column":null}},"88":{"start":{"line":182,"column":24},"end":{"line":182,"column":187}},"89":{"start":{"line":183,"column":37},"end":{"line":183,"column":130}},"90":{"start":{"line":184,"column":24},"end":{"line":184,"column":69}},"91":{"start":{"line":185,"column":24},"end":{"line":185,"column":70}},"92":{"start":{"line":188,"column":16},"end":{"line":188,"column":39}},"93":{"start":{"line":189,"column":16},"end":{"line":189,"column":96}},"94":{"start":{"line":190,"column":19},"end":{"line":195,"column":null}},"95":{"start":{"line":191,"column":16},"end":{"line":191,"column":39}},"96":{"start":{"line":193,"column":16},"end":{"line":193,"column":50}},"97":{"start":{"line":194,"column":16},"end":{"line":194,"column":60}},"98":{"start":{"line":197,"column":8},"end":{"line":199,"column":null}},"99":{"start":{"line":198,"column":12},"end":{"line":198,"column":70}},"100":{"start":{"line":200,"column":8},"end":{"line":200,"column":45}},"101":{"start":{"line":204,"column":8},"end":{"line":204,"column":55}},"102":{"start":{"line":205,"column":55},"end":{"line":205,"column":57}},"103":{"start":{"line":206,"column":8},"end":{"line":224,"column":null}},"104":{"start":{"line":207,"column":12},"end":{"line":221,"column":null}},"105":{"start":{"line":208,"column":16},"end":{"line":220,"column":null}},"106":{"start":{"line":209,"column":20},"end":{"line":209,"column":57}},"107":{"start":{"line":210,"column":20},"end":{"line":219,"column":null}},"108":{"start":{"line":211,"column":24},"end":{"line":218,"column":null}},"109":{"start":{"line":213,"column":28},"end":{"line":217,"column":null}},"110":{"start":{"line":214,"column":32},"end":{"line":216,"column":null}},"111":{"start":{"line":214,"column":77},"end":{"line":214,"column":142}},"112":{"start":{"line":215,"column":36},"end":{"line":215,"column":76}},"113":{"start":{"line":223,"column":12},"end":{"line":223,"column":30}},"114":{"start":{"line":225,"column":8},"end":{"line":225,"column":69}},"115":{"start":{"line":229,"column":8},"end":{"line":231,"column":null}},"116":{"start":{"line":230,"column":12},"end":{"line":230,"column":63}},"117":{"start":{"line":232,"column":8},"end":{"line":234,"column":null}},"118":{"start":{"line":233,"column":12},"end":{"line":233,"column":64}},"119":{"start":{"line":235,"column":8},"end":{"line":235,"column":54}},"120":{"start":{"line":236,"column":55},"end":{"line":236,"column":57}},"121":{"start":{"line":237,"column":8},"end":{"line":255,"column":null}},"122":{"start":{"line":238,"column":12},"end":{"line":252,"column":null}},"123":{"start":{"line":239,"column":16},"end":{"line":239,"column":53}},"124":{"start":{"line":240,"column":16},"end":{"line":251,"column":null}},"125":{"start":{"line":241,"column":20},"end":{"line":250,"column":null}},"126":{"start":{"line":242,"column":24},"end":{"line":248,"column":null}},"127":{"start":{"line":243,"column":28},"end":{"line":247,"column":null}},"128":{"start":{"line":244,"column":32},"end":{"line":246,"column":null}},"129":{"start":{"line":244,"column":76},"end":{"line":244,"column":141}},"130":{"start":{"line":245,"column":36},"end":{"line":245,"column":76}},"131":{"start":{"line":254,"column":12},"end":{"line":254,"column":30}},"132":{"start":{"line":256,"column":8},"end":{"line":256,"column":69}},"133":{"start":{"line":260,"column":8},"end":{"line":262,"column":null}},"134":{"start":{"line":261,"column":12},"end":{"line":261,"column":32}},"135":{"start":{"line":263,"column":8},"end":{"line":269,"column":null}},"136":{"start":{"line":264,"column":12},"end":{"line":264,"column":57}},"137":{"start":{"line":265,"column":12},"end":{"line":265,"column":51}},"138":{"start":{"line":267,"column":12},"end":{"line":267,"column":30}},"139":{"start":{"line":268,"column":12},"end":{"line":268,"column":33}},"140":{"start":{"line":270,"column":8},"end":{"line":270,"column":28}},"141":{"start":{"line":274,"column":25},"end":{"line":274,"column":54}},"142":{"start":{"line":275,"column":23},"end":{"line":275,"column":76}},"143":{"start":{"line":275,"column":44},"end":{"line":275,"column":75}},"144":{"start":{"line":276,"column":8},"end":{"line":278,"column":null}},"145":{"start":{"line":277,"column":12},"end":{"line":277,"column":39}},"146":{"start":{"line":279,"column":8},"end":{"line":279,"column":15}},"147":{"start":{"line":288,"column":8},"end":{"line":288,"column":74}},"148":{"start":{"line":289,"column":33},"end":{"line":289,"column":45}},"149":{"start":{"line":291,"column":8},"end":{"line":291,"column":112}},"150":{"start":{"line":292,"column":8},"end":{"line":292,"column":112}},"151":{"start":{"line":293,"column":8},"end":{"line":293,"column":74}},"152":{"start":{"line":294,"column":8},"end":{"line":297,"column":null}},"153":{"start":{"line":295,"column":12},"end":{"line":295,"column":88}},"154":{"start":{"line":296,"column":12},"end":{"line":296,"column":42}},"155":{"start":{"line":298,"column":8},"end":{"line":298,"column":74}},"156":{"start":{"line":299,"column":8},"end":{"line":299,"column":74}},"157":{"start":{"line":300,"column":8},"end":{"line":300,"column":36}},"158":{"start":{"line":302,"column":8},"end":{"line":306,"column":null}},"159":{"start":{"line":303,"column":12},"end":{"line":303,"column":59}},"160":{"start":{"line":305,"column":12},"end":{"line":305,"column":58}},"161":{"start":{"line":308,"column":8},"end":{"line":312,"column":null}},"162":{"start":{"line":309,"column":12},"end":{"line":309,"column":51}},"163":{"start":{"line":311,"column":12},"end":{"line":311,"column":50}},"164":{"start":{"line":314,"column":8},"end":{"line":314,"column":24}},"165":{"start":{"line":318,"column":8},"end":{"line":318,"column":85}},"166":{"start":{"line":319,"column":25},"end":{"line":319,"column":60}},"167":{"start":{"line":320,"column":8},"end":{"line":334,"column":null}},"168":{"start":{"line":321,"column":42},"end":{"line":321,"column":105}},"169":{"start":{"line":322,"column":12},"end":{"line":324,"column":null}},"170":{"start":{"line":323,"column":16},"end":{"line":323,"column":100}},"171":{"start":{"line":326,"column":34},"end":{"line":326,"column":82}},"172":{"start":{"line":327,"column":12},"end":{"line":331,"column":null}},"173":{"start":{"line":328,"column":16},"end":{"line":328,"column":37}},"174":{"start":{"line":330,"column":16},"end":{"line":330,"column":83}},"175":{"start":{"line":333,"column":12},"end":{"line":333,"column":96}},"176":{"start":{"line":341,"column":8},"end":{"line":341,"column":77}},"177":{"start":{"line":342,"column":8},"end":{"line":344,"column":null}},"178":{"start":{"line":343,"column":12},"end":{"line":343,"column":24}},"179":{"start":{"line":346,"column":8},"end":{"line":348,"column":null}},"180":{"start":{"line":347,"column":12},"end":{"line":347,"column":55}},"181":{"start":{"line":349,"column":8},"end":{"line":356,"column":null}},"182":{"start":{"line":350,"column":27},"end":{"line":350,"column":102}},"183":{"start":{"line":351,"column":12},"end":{"line":355,"column":null}},"184":{"start":{"line":352,"column":16},"end":{"line":352,"column":30}},"185":{"start":{"line":354,"column":16},"end":{"line":354,"column":53}},"186":{"start":{"line":358,"column":8},"end":{"line":366,"column":null}},"187":{"start":{"line":359,"column":33},"end":{"line":359,"column":65}},"188":{"start":{"line":360,"column":12},"end":{"line":365,"column":null}},"189":{"start":{"line":361,"column":16},"end":{"line":364,"column":null}},"190":{"start":{"line":362,"column":20},"end":{"line":362,"column":59}},"191":{"start":{"line":363,"column":20},"end":{"line":363,"column":36}},"192":{"start":{"line":368,"column":8},"end":{"line":368,"column":79}},"193":{"start":{"line":378,"column":24},"end":{"line":378,"column":40}},"194":{"start":{"line":380,"column":8},"end":{"line":390,"column":null}},"195":{"start":{"line":381,"column":12},"end":{"line":389,"column":null}},"196":{"start":{"line":382,"column":16},"end":{"line":388,"column":null}},"197":{"start":{"line":383,"column":20},"end":{"line":387,"column":null}},"198":{"start":{"line":384,"column":24},"end":{"line":384,"column":95}},"199":{"start":{"line":386,"column":24},"end":{"line":386,"column":42}},"200":{"start":{"line":391,"column":8},"end":{"line":393,"column":null}},"201":{"start":{"line":392,"column":12},"end":{"line":392,"column":71}},"202":{"start":{"line":395,"column":8},"end":{"line":395,"column":25}},"203":{"start":{"line":399,"column":8},"end":{"line":403,"column":null}},"204":{"start":{"line":400,"column":12},"end":{"line":402,"column":null}},"205":{"start":{"line":401,"column":16},"end":{"line":401,"column":28}},"206":{"start":{"line":404,"column":8},"end":{"line":408,"column":null}},"207":{"start":{"line":405,"column":12},"end":{"line":407,"column":null}},"208":{"start":{"line":406,"column":16},"end":{"line":406,"column":28}},"209":{"start":{"line":409,"column":8},"end":{"line":409,"column":21}},"210":{"start":{"line":413,"column":8},"end":{"line":417,"column":null}},"211":{"start":{"line":414,"column":12},"end":{"line":416,"column":null}},"212":{"start":{"line":415,"column":16},"end":{"line":415,"column":28}},"213":{"start":{"line":418,"column":8},"end":{"line":422,"column":null}},"214":{"start":{"line":419,"column":12},"end":{"line":421,"column":null}},"215":{"start":{"line":420,"column":16},"end":{"line":420,"column":28}},"216":{"start":{"line":423,"column":8},"end":{"line":423,"column":21}},"217":{"start":{"line":428,"column":26},"end":{"line":428,"column":28}},"218":{"start":{"line":429,"column":8},"end":{"line":429,"column":56}},"219":{"start":{"line":430,"column":8},"end":{"line":430,"column":56}},"220":{"start":{"line":431,"column":8},"end":{"line":431,"column":25}},"221":{"start":{"line":435,"column":49},"end":{"line":435,"column":51}},"222":{"start":{"line":436,"column":8},"end":{"line":440,"column":null}},"223":{"start":{"line":437,"column":12},"end":{"line":439,"column":null}},"224":{"start":{"line":438,"column":16},"end":{"line":438,"column":62}},"225":{"start":{"line":442,"column":8},"end":{"line":442,"column":76}},"226":{"start":{"line":444,"column":8},"end":{"line":453,"column":null}},"227":{"start":{"line":445,"column":12},"end":{"line":445,"column":52}},"228":{"start":{"line":446,"column":12},"end":{"line":446,"column":36}},"229":{"start":{"line":448,"column":27},"end":{"line":448,"column":81}},"230":{"start":{"line":449,"column":12},"end":{"line":452,"column":null}},"231":{"start":{"line":450,"column":16},"end":{"line":450,"column":46}},"232":{"start":{"line":451,"column":16},"end":{"line":451,"column":30}},"233":{"start":{"line":454,"column":8},"end":{"line":454,"column":48}},"234":{"start":{"line":455,"column":8},"end":{"line":455,"column":32}},"235":{"start":{"line":463,"column":48},"end":{"line":463,"column":50}},"236":{"start":{"line":464,"column":8},"end":{"line":468,"column":null}},"237":{"start":{"line":465,"column":12},"end":{"line":467,"column":null}},"238":{"start":{"line":466,"column":16},"end":{"line":466,"column":66}},"239":{"start":{"line":469,"column":8},"end":{"line":469,"column":37}},"240":{"start":{"line":476,"column":48},"end":{"line":476,"column":79}},"241":{"start":{"line":477,"column":8},"end":{"line":484,"column":null}},"242":{"start":{"line":478,"column":12},"end":{"line":478,"column":19}},"243":{"start":{"line":480,"column":27},"end":{"line":480,"column":83}},"244":{"start":{"line":481,"column":12},"end":{"line":483,"column":null}},"245":{"start":{"line":482,"column":16},"end":{"line":482,"column":30}},"246":{"start":{"line":485,"column":8},"end":{"line":485,"column":15}},"247":{"start":{"line":489,"column":26},"end":{"line":489,"column":57}},"248":{"start":{"line":490,"column":45},"end":{"line":490,"column":97}},"249":{"start":{"line":490,"column":77},"end":{"line":490,"column":96}},"250":{"start":{"line":491,"column":24},"end":{"line":491,"column":95}},"251":{"start":{"line":492,"column":8},"end":{"line":492,"column":23}},"252":{"start":{"line":496,"column":27},"end":{"line":496,"column":49}},"253":{"start":{"line":497,"column":27},"end":{"line":497,"column":49}},"254":{"start":{"line":498,"column":8},"end":{"line":533,"column":null}},"255":{"start":{"line":499,"column":12},"end":{"line":532,"column":null}},"256":{"start":{"line":500,"column":46},"end":{"line":500,"column":91}},"257":{"start":{"line":501,"column":16},"end":{"line":531,"column":null}},"258":{"start":{"line":502,"column":20},"end":{"line":530,"column":null}},"259":{"start":{"line":503,"column":54},"end":{"line":503,"column":99}},"260":{"start":{"line":504,"column":58},"end":{"line":504,"column":126}},"261":{"start":{"line":505,"column":24},"end":{"line":509,"column":null}},"262":{"start":{"line":506,"column":28},"end":{"line":506,"column":145}},"263":{"start":{"line":507,"column":31},"end":{"line":509,"column":null}},"264":{"start":{"line":508,"column":28},"end":{"line":508,"column":37}},"265":{"start":{"line":510,"column":24},"end":{"line":514,"column":null}},"266":{"start":{"line":511,"column":28},"end":{"line":513,"column":null}},"267":{"start":{"line":512,"column":32},"end":{"line":512,"column":41}},"268":{"start":{"line":515,"column":24},"end":{"line":519,"column":null}},"269":{"start":{"line":516,"column":28},"end":{"line":518,"column":null}},"270":{"start":{"line":517,"column":32},"end":{"line":517,"column":41}},"271":{"start":{"line":520,"column":24},"end":{"line":524,"column":null}},"272":{"start":{"line":521,"column":28},"end":{"line":523,"column":null}},"273":{"start":{"line":522,"column":32},"end":{"line":522,"column":41}},"274":{"start":{"line":525,"column":24},"end":{"line":529,"column":null}},"275":{"start":{"line":526,"column":28},"end":{"line":528,"column":null}},"276":{"start":{"line":527,"column":32},"end":{"line":527,"column":41}},"277":{"start":{"line":534,"column":8},"end":{"line":534,"column":93}},"278":{"start":{"line":541,"column":49},"end":{"line":541,"column":51}},"279":{"start":{"line":542,"column":8},"end":{"line":547,"column":null}},"280":{"start":{"line":543,"column":27},"end":{"line":543,"column":82}},"281":{"start":{"line":544,"column":12},"end":{"line":546,"column":null}},"282":{"start":{"line":545,"column":16},"end":{"line":545,"column":49}},"283":{"start":{"line":548,"column":8},"end":{"line":548,"column":35}},"284":{"start":{"line":558,"column":8},"end":{"line":560,"column":null}},"285":{"start":{"line":559,"column":12},"end":{"line":559,"column":25}},"286":{"start":{"line":561,"column":66},"end":{"line":561,"column":70}},"287":{"start":{"line":562,"column":8},"end":{"line":567,"column":null}},"288":{"start":{"line":563,"column":12},"end":{"line":563,"column":72}},"289":{"start":{"line":565,"column":12},"end":{"line":565,"column":65}},"290":{"start":{"line":566,"column":12},"end":{"line":566,"column":30}},"291":{"start":{"line":568,"column":8},"end":{"line":570,"column":null}},"292":{"start":{"line":569,"column":12},"end":{"line":569,"column":96}},"293":{"start":{"line":571,"column":8},"end":{"line":571,"column":122}},"294":{"start":{"line":572,"column":8},"end":{"line":582,"column":null}},"295":{"start":{"line":573,"column":12},"end":{"line":573,"column":59}},"296":{"start":{"line":574,"column":12},"end":{"line":581,"column":null}},"297":{"start":{"line":575,"column":16},"end":{"line":575,"column":91}},"298":{"start":{"line":576,"column":16},"end":{"line":580,"column":null}},"299":{"start":{"line":577,"column":20},"end":{"line":579,"column":null}},"300":{"start":{"line":578,"column":24},"end":{"line":578,"column":57}},"301":{"start":{"line":584,"column":8},"end":{"line":613,"column":null}},"302":{"start":{"line":585,"column":12},"end":{"line":585,"column":87}},"303":{"start":{"line":586,"column":12},"end":{"line":612,"column":null}},"304":{"start":{"line":587,"column":38},"end":{"line":587,"column":73}},"305":{"start":{"line":588,"column":44},"end":{"line":588,"column":92}},"306":{"start":{"line":589,"column":16},"end":{"line":611,"column":null}},"307":{"start":{"line":590,"column":20},"end":{"line":592,"column":null}},"308":{"start":{"line":591,"column":24},"end":{"line":591,"column":36}},"309":{"start":{"line":595,"column":20},"end":{"line":610,"column":null}},"310":{"start":{"line":596,"column":24},"end":{"line":609,"column":null}},"311":{"start":{"line":597,"column":28},"end":{"line":608,"column":null}},"312":{"start":{"line":598,"column":32},"end":{"line":605,"column":null}},"313":{"start":{"line":599,"column":36},"end":{"line":599,"column":48}},"314":{"start":{"line":600,"column":39},"end":{"line":605,"column":null}},"315":{"start":{"line":601,"column":36},"end":{"line":601,"column":49}},"316":{"start":{"line":603,"column":36},"end":{"line":603,"column":75}},"317":{"start":{"line":604,"column":36},"end":{"line":604,"column":48}},"318":{"start":{"line":607,"column":32},"end":{"line":607,"column":45}},"319":{"start":{"line":614,"column":8},"end":{"line":614,"column":21}},"320":{"start":{"line":621,"column":8},"end":{"line":621,"column":66}},"321":{"start":{"line":622,"column":66},"end":{"line":622,"column":70}},"322":{"start":{"line":623,"column":30},"end":{"line":623,"column":58}},"323":{"start":{"line":624,"column":8},"end":{"line":644,"column":null}},"324":{"start":{"line":625,"column":12},"end":{"line":643,"column":null}},"325":{"start":{"line":626,"column":16},"end":{"line":642,"column":null}},"326":{"start":{"line":627,"column":20},"end":{"line":641,"column":null}},"327":{"start":{"line":627,"column":49},"end":{"line":627,"column":76}},"328":{"start":{"line":628,"column":24},"end":{"line":640,"column":null}},"329":{"start":{"line":629,"column":28},"end":{"line":629,"column":61}},"330":{"start":{"line":631,"column":57},"end":{"line":631,"column":167}},"331":{"start":{"line":632,"column":59},"end":{"line":632,"column":143}},"332":{"start":{"line":633,"column":28},"end":{"line":639,"column":null}},"333":{"start":{"line":634,"column":32},"end":{"line":636,"column":null}},"334":{"start":{"line":635,"column":36},"end":{"line":635,"column":69}},"335":{"start":{"line":637,"column":35},"end":{"line":639,"column":null}},"336":{"start":{"line":638,"column":32},"end":{"line":638,"column":65}},"337":{"start":{"line":645,"column":8},"end":{"line":645,"column":37}},"338":{"start":{"line":29,"column":0},"end":{"line":29,"column":21}},"339":{"start":{"line":30,"column":18},"end":{"line":30,"column":30}},"340":{"start":{"line":650,"column":0},"end":{"line":650,"column":null}},"341":{"start":{"line":652,"column":4},"end":{"line":652,"column":null}},"342":{"start":{"line":654,"column":4},"end":{"line":654,"column":null}},"343":{"start":{"line":656,"column":4},"end":{"line":656,"column":null}},"344":{"start":{"line":658,"column":4},"end":{"line":658,"column":null}},"345":{"start":{"line":660,"column":4},"end":{"line":660,"column":null}},"346":{"start":{"line":662,"column":4},"end":{"line":662,"column":null}}},"fnMap":{"0":{"name":"(anonymous_0)","decl":{"start":{"line":43,"column":4},"end":{"line":43,"column":null}},"loc":{"start":{"line":43,"column":4},"end":{"line":47,"column":5}}},"1":{"name":"(anonymous_1)","decl":{"start":{"line":49,"column":11},"end":{"line":49,"column":16}},"loc":{"start":{"line":49,"column":27},"end":{"line":54,"column":5}}},"2":{"name":"(anonymous_2)","decl":{"start":{"line":56,"column":11},"end":{"line":56,"column":16}},"loc":{"start":{"line":56,"column":29},"end":{"line":65,"column":5}}},"3":{"name":"(anonymous_3)","decl":{"start":{"line":70,"column":11},"end":{"line":70,"column":16}},"loc":{"start":{"line":70,"column":34},"end":{"line":73,"column":5}}},"4":{"name":"(anonymous_4)","decl":{"start":{"line":78,"column":11},"end":{"line":78,"column":22}},"loc":{"start":{"line":78,"column":22},"end":{"line":88,"column":5}}},"5":{"name":"(anonymous_5)","decl":{"start":{"line":94,"column":11},"end":{"line":94,"column":16}},"loc":{"start":{"line":94,"column":32},"end":{"line":100,"column":5}}},"6":{"name":"(anonymous_6)","decl":{"start":{"line":111,"column":11},"end":{"line":111,"column":24}},"loc":{"start":{"line":111,"column":66},"end":{"line":127,"column":5}}},"7":{"name":"(anonymous_7)","decl":{"start":{"line":132,"column":11},"end":{"line":132,"column":24}},"loc":{"start":{"line":132,"column":24},"end":{"line":141,"column":5}}},"8":{"name":"(anonymous_8)","decl":{"start":{"line":135,"column":41},"end":{"line":135,"column":42}},"loc":{"start":{"line":135,"column":48},"end":{"line":135,"column":58}}},"9":{"name":"(anonymous_9)","decl":{"start":{"line":136,"column":41},"end":{"line":136,"column":42}},"loc":{"start":{"line":136,"column":48},"end":{"line":136,"column":77}}},"10":{"name":"(anonymous_10)","decl":{"start":{"line":146,"column":11},"end":{"line":146,"column":16}},"loc":{"start":{"line":146,"column":39},"end":{"line":150,"column":5}}},"11":{"name":"(anonymous_11)","decl":{"start":{"line":148,"column":40},"end":{"line":148,"column":41}},"loc":{"start":{"line":148,"column":47},"end":{"line":148,"column":66}}},"12":{"name":"(anonymous_12)","decl":{"start":{"line":156,"column":11},"end":{"line":156,"column":16}},"loc":{"start":{"line":156,"column":31},"end":{"line":168,"column":5}}},"13":{"name":"(anonymous_13)","decl":{"start":{"line":160,"column":89},"end":{"line":160,"column":90}},"loc":{"start":{"line":160,"column":96},"end":{"line":160,"column":106}}},"14":{"name":"(anonymous_14)","decl":{"start":{"line":174,"column":11},"end":{"line":174,"column":16}},"loc":{"start":{"line":174,"column":148},"end":{"line":201,"column":5}}},"15":{"name":"(anonymous_15)","decl":{"start":{"line":203,"column":11},"end":{"line":203,"column":16}},"loc":{"start":{"line":203,"column":70},"end":{"line":226,"column":5}}},"16":{"name":"(anonymous_16)","decl":{"start":{"line":214,"column":70},"end":{"line":214,"column":71}},"loc":{"start":{"line":214,"column":77},"end":{"line":214,"column":142}}},"17":{"name":"(anonymous_17)","decl":{"start":{"line":228,"column":11},"end":{"line":228,"column":16}},"loc":{"start":{"line":228,"column":70},"end":{"line":257,"column":5}}},"18":{"name":"(anonymous_18)","decl":{"start":{"line":244,"column":69},"end":{"line":244,"column":70}},"loc":{"start":{"line":244,"column":76},"end":{"line":244,"column":141}}},"19":{"name":"(anonymous_19)","decl":{"start":{"line":259,"column":11},"end":{"line":259,"column":16}},"loc":{"start":{"line":259,"column":27},"end":{"line":271,"column":5}}},"20":{"name":"(anonymous_20)","decl":{"start":{"line":273,"column":11},"end":{"line":273,"column":34}},"loc":{"start":{"line":273,"column":55},"end":{"line":280,"column":5}}},"21":{"name":"(anonymous_21)","decl":{"start":{"line":275,"column":37},"end":{"line":275,"column":38}},"loc":{"start":{"line":275,"column":44},"end":{"line":275,"column":75}}},"22":{"name":"(anonymous_22)","decl":{"start":{"line":287,"column":11},"end":{"line":287,"column":16}},"loc":{"start":{"line":287,"column":93},"end":{"line":315,"column":5}}},"23":{"name":"(anonymous_23)","decl":{"start":{"line":317,"column":11},"end":{"line":317,"column":16}},"loc":{"start":{"line":317,"column":37},"end":{"line":335,"column":5}}},"24":{"name":"(anonymous_24)","decl":{"start":{"line":340,"column":11},"end":{"line":340,"column":16}},"loc":{"start":{"line":340,"column":67},"end":{"line":369,"column":5}}},"25":{"name":"(anonymous_25)","decl":{"start":{"line":377,"column":11},"end":{"line":377,"column":16}},"loc":{"start":{"line":377,"column":91},"end":{"line":396,"column":5}}},"26":{"name":"(anonymous_26)","decl":{"start":{"line":398,"column":11},"end":{"line":398,"column":16}},"loc":{"start":{"line":398,"column":35},"end":{"line":410,"column":5}}},"27":{"name":"(anonymous_27)","decl":{"start":{"line":412,"column":11},"end":{"line":412,"column":16}},"loc":{"start":{"line":412,"column":36},"end":{"line":424,"column":5}}},"28":{"name":"(anonymous_28)","decl":{"start":{"line":427,"column":11},"end":{"line":427,"column":35}},"loc":{"start":{"line":427,"column":35},"end":{"line":432,"column":5}}},"29":{"name":"(anonymous_29)","decl":{"start":{"line":434,"column":11},"end":{"line":434,"column":16}},"loc":{"start":{"line":434,"column":29},"end":{"line":456,"column":5}}},"30":{"name":"(anonymous_30)","decl":{"start":{"line":462,"column":11},"end":{"line":462,"column":16}},"loc":{"start":{"line":462,"column":35},"end":{"line":470,"column":5}}},"31":{"name":"(anonymous_31)","decl":{"start":{"line":475,"column":11},"end":{"line":475,"column":16}},"loc":{"start":{"line":475,"column":31},"end":{"line":486,"column":5}}},"32":{"name":"(anonymous_32)","decl":{"start":{"line":488,"column":11},"end":{"line":488,"column":16}},"loc":{"start":{"line":488,"column":45},"end":{"line":493,"column":5}}},"33":{"name":"(anonymous_33)","decl":{"start":{"line":490,"column":63},"end":{"line":490,"column":64}},"loc":{"start":{"line":490,"column":77},"end":{"line":490,"column":96}}},"34":{"name":"(anonymous_34)","decl":{"start":{"line":495,"column":12},"end":{"line":495,"column":17}},"loc":{"start":{"line":495,"column":67},"end":{"line":535,"column":5}}},"35":{"name":"(anonymous_35)","decl":{"start":{"line":540,"column":12},"end":{"line":540,"column":17}},"loc":{"start":{"line":540,"column":43},"end":{"line":549,"column":5}}},"36":{"name":"(anonymous_36)","decl":{"start":{"line":557,"column":12},"end":{"line":557,"column":17}},"loc":{"start":{"line":557,"column":34},"end":{"line":615,"column":5}}},"37":{"name":"(anonymous_37)","decl":{"start":{"line":620,"column":12},"end":{"line":620,"column":17}},"loc":{"start":{"line":620,"column":78},"end":{"line":646,"column":5}}},"38":{"name":"(anonymous_38)","decl":{"start":{"line":627,"column":42},"end":{"line":627,"column":43}},"loc":{"start":{"line":627,"column":49},"end":{"line":627,"column":76}}},"39":{"name":"(anonymous_39)","decl":{"start":{"line":650,"column":0},"end":{"line":650,"column":12}},"loc":{"start":{"line":650,"column":23},"end":{"line":663,"column":1}}}},"branchMap":{"0":{"loc":{"start":{"line":60,"column":12},"end":{"line":62,"column":null}},"type":"if","locations":[{"start":{"line":60,"column":12},"end":{"line":62,"column":null}},{"start":{"line":60,"column":12},"end":{"line":62,"column":null}}]},"1":{"loc":{"start":{"line":111,"column":51},"end":{"line":111,"column":66}},"type":"default-arg","locations":[{"start":{"line":111,"column":51},"end":{"line":111,"column":66}}]},"2":{"loc":{"start":{"line":116,"column":12},"end":{"line":124,"column":null}},"type":"if","locations":[{"start":{"line":116,"column":12},"end":{"line":124,"column":null}},{"start":{"line":116,"column":12},"end":{"line":124,"column":null}}]},"3":{"loc":{"start":{"line":116,"column":16},"end":{"line":116,"column":35}},"type":"binary-expr","locations":[{"start":{"line":116,"column":16},"end":{"line":116,"column":35}},{"start":{"line":116,"column":39},"end":{"line":116,"column":71}}]},"4":{"loc":{"start":{"line":118,"column":20},"end":{"line":122,"column":null}},"type":"if","locations":[{"start":{"line":118,"column":20},"end":{"line":122,"column":null}},{"start":{"line":118,"column":20},"end":{"line":122,"column":null}}]},"5":{"loc":{"start":{"line":120,"column":27},"end":{"line":122,"column":null}},"type":"if","locations":[{"start":{"line":120,"column":27},"end":{"line":122,"column":null}},{"start":{"line":120,"column":27},"end":{"line":122,"column":null}}]},"6":{"loc":{"start":{"line":137,"column":8},"end":{"line":139,"column":null}},"type":"if","locations":[{"start":{"line":137,"column":8},"end":{"line":139,"column":null}},{"start":{"line":137,"column":8},"end":{"line":139,"column":null}}]},"7":{"loc":{"start":{"line":164,"column":8},"end":{"line":166,"column":null}},"type":"if","locations":[{"start":{"line":164,"column":8},"end":{"line":166,"column":null}},{"start":{"line":164,"column":8},"end":{"line":166,"column":null}}]},"8":{"loc":{"start":{"line":174,"column":58},"end":{"line":174,"column":78}},"type":"default-arg","locations":[{"start":{"line":174,"column":58},"end":{"line":174,"column":78}}]},"9":{"loc":{"start":{"line":174,"column":144},"end":{"line":174,"column":148}},"type":"default-arg","locations":[{"start":{"line":174,"column":144},"end":{"line":174,"column":148}}]},"10":{"loc":{"start":{"line":176,"column":8},"end":{"line":196,"column":null}},"type":"if","locations":[{"start":{"line":176,"column":8},"end":{"line":196,"column":null}},{"start":{"line":176,"column":8},"end":{"line":196,"column":null}}]},"11":{"loc":{"start":{"line":176,"column":13},"end":{"line":176,"column":31}},"type":"binary-expr","locations":[{"start":{"line":176,"column":13},"end":{"line":176,"column":31}},{"start":{"line":176,"column":35},"end":{"line":176,"column":59}},{"start":{"line":176,"column":64},"end":{"line":176,"column":105}}]},"12":{"loc":{"start":{"line":178,"column":12},"end":{"line":195,"column":null}},"type":"if","locations":[{"start":{"line":178,"column":12},"end":{"line":195,"column":null}},{"start":{"line":178,"column":12},"end":{"line":195,"column":null}}]},"13":{"loc":{"start":{"line":178,"column":16},"end":{"line":178,"column":88}},"type":"binary-expr","locations":[{"start":{"line":178,"column":16},"end":{"line":178,"column":88}},{"start":{"line":178,"column":92},"end":{"line":178,"column":147}}]},"14":{"loc":{"start":{"line":180,"column":16},"end":{"line":187,"column":null}},"type":"if","locations":[{"start":{"line":180,"column":16},"end":{"line":187,"column":null}},{"start":{"line":180,"column":16},"end":{"line":187,"column":null}}]},"15":{"loc":{"start":{"line":180,"column":20},"end":{"line":180,"column":46}},"type":"binary-expr","locations":[{"start":{"line":180,"column":20},"end":{"line":180,"column":46}},{"start":{"line":180,"column":50},"end":{"line":180,"column":81}},{"start":{"line":180,"column":85},"end":{"line":180,"column":101}}]},"16":{"loc":{"start":{"line":181,"column":20},"end":{"line":186,"column":null}},"type":"if","locations":[{"start":{"line":181,"column":20},"end":{"line":186,"column":null}},{"start":{"line":181,"column":20},"end":{"line":186,"column":null}}]},"17":{"loc":{"start":{"line":190,"column":19},"end":{"line":195,"column":null}},"type":"if","locations":[{"start":{"line":190,"column":19},"end":{"line":195,"column":null}},{"start":{"line":190,"column":19},"end":{"line":195,"column":null}}]},"18":{"loc":{"start":{"line":197,"column":8},"end":{"line":199,"column":null}},"type":"if","locations":[{"start":{"line":197,"column":8},"end":{"line":199,"column":null}},{"start":{"line":197,"column":8},"end":{"line":199,"column":null}}]},"19":{"loc":{"start":{"line":208,"column":16},"end":{"line":220,"column":null}},"type":"if","locations":[{"start":{"line":208,"column":16},"end":{"line":220,"column":null}},{"start":{"line":208,"column":16},"end":{"line":220,"column":null}}]},"20":{"loc":{"start":{"line":208,"column":20},"end":{"line":208,"column":43}},"type":"binary-expr","locations":[{"start":{"line":208,"column":20},"end":{"line":208,"column":43}},{"start":{"line":208,"column":47},"end":{"line":208,"column":83}}]},"21":{"loc":{"start":{"line":213,"column":28},"end":{"line":217,"column":null}},"type":"if","locations":[{"start":{"line":213,"column":28},"end":{"line":217,"column":null}},{"start":{"line":213,"column":28},"end":{"line":217,"column":null}}]},"22":{"loc":{"start":{"line":214,"column":32},"end":{"line":216,"column":null}},"type":"if","locations":[{"start":{"line":214,"column":32},"end":{"line":216,"column":null}},{"start":{"line":214,"column":32},"end":{"line":216,"column":null}}]},"23":{"loc":{"start":{"line":229,"column":8},"end":{"line":231,"column":null}},"type":"if","locations":[{"start":{"line":229,"column":8},"end":{"line":231,"column":null}},{"start":{"line":229,"column":8},"end":{"line":231,"column":null}}]},"24":{"loc":{"start":{"line":232,"column":8},"end":{"line":234,"column":null}},"type":"if","locations":[{"start":{"line":232,"column":8},"end":{"line":234,"column":null}},{"start":{"line":232,"column":8},"end":{"line":234,"column":null}}]},"25":{"loc":{"start":{"line":240,"column":16},"end":{"line":251,"column":null}},"type":"if","locations":[{"start":{"line":240,"column":16},"end":{"line":251,"column":null}},{"start":{"line":240,"column":16},"end":{"line":251,"column":null}}]},"26":{"loc":{"start":{"line":240,"column":20},"end":{"line":240,"column":42}},"type":"binary-expr","locations":[{"start":{"line":240,"column":20},"end":{"line":240,"column":42}},{"start":{"line":240,"column":46},"end":{"line":240,"column":81}}]},"27":{"loc":{"start":{"line":243,"column":28},"end":{"line":247,"column":null}},"type":"if","locations":[{"start":{"line":243,"column":28},"end":{"line":247,"column":null}},{"start":{"line":243,"column":28},"end":{"line":247,"column":null}}]},"28":{"loc":{"start":{"line":244,"column":32},"end":{"line":246,"column":null}},"type":"if","locations":[{"start":{"line":244,"column":32},"end":{"line":246,"column":null}},{"start":{"line":244,"column":32},"end":{"line":246,"column":null}}]},"29":{"loc":{"start":{"line":260,"column":8},"end":{"line":262,"column":null}},"type":"if","locations":[{"start":{"line":260,"column":8},"end":{"line":262,"column":null}},{"start":{"line":260,"column":8},"end":{"line":262,"column":null}}]},"30":{"loc":{"start":{"line":276,"column":8},"end":{"line":278,"column":null}},"type":"if","locations":[{"start":{"line":276,"column":8},"end":{"line":278,"column":null}},{"start":{"line":276,"column":8},"end":{"line":278,"column":null}}]},"31":{"loc":{"start":{"line":287,"column":57},"end":{"line":287,"column":61}},"type":"default-arg","locations":[{"start":{"line":287,"column":57},"end":{"line":287,"column":61}}]},"32":{"loc":{"start":{"line":287,"column":75},"end":{"line":287,"column":93}},"type":"default-arg","locations":[{"start":{"line":287,"column":75},"end":{"line":287,"column":93}}]},"33":{"loc":{"start":{"line":294,"column":8},"end":{"line":297,"column":null}},"type":"if","locations":[{"start":{"line":294,"column":8},"end":{"line":297,"column":null}},{"start":{"line":294,"column":8},"end":{"line":297,"column":null}}]},"34":{"loc":{"start":{"line":302,"column":8},"end":{"line":306,"column":null}},"type":"if","locations":[{"start":{"line":302,"column":8},"end":{"line":306,"column":null}},{"start":{"line":302,"column":8},"end":{"line":306,"column":null}}]},"35":{"loc":{"start":{"line":308,"column":8},"end":{"line":312,"column":null}},"type":"if","locations":[{"start":{"line":308,"column":8},"end":{"line":312,"column":null}},{"start":{"line":308,"column":8},"end":{"line":312,"column":null}}]},"36":{"loc":{"start":{"line":320,"column":8},"end":{"line":334,"column":null}},"type":"if","locations":[{"start":{"line":320,"column":8},"end":{"line":334,"column":null}},{"start":{"line":320,"column":8},"end":{"line":334,"column":null}}]},"37":{"loc":{"start":{"line":322,"column":12},"end":{"line":324,"column":null}},"type":"if","locations":[{"start":{"line":322,"column":12},"end":{"line":324,"column":null}},{"start":{"line":322,"column":12},"end":{"line":324,"column":null}}]},"38":{"loc":{"start":{"line":327,"column":12},"end":{"line":331,"column":null}},"type":"if","locations":[{"start":{"line":327,"column":12},"end":{"line":331,"column":null}},{"start":{"line":327,"column":12},"end":{"line":331,"column":null}}]},"39":{"loc":{"start":{"line":342,"column":8},"end":{"line":344,"column":null}},"type":"if","locations":[{"start":{"line":342,"column":8},"end":{"line":344,"column":null}},{"start":{"line":342,"column":8},"end":{"line":344,"column":null}}]},"40":{"loc":{"start":{"line":346,"column":8},"end":{"line":348,"column":null}},"type":"if","locations":[{"start":{"line":346,"column":8},"end":{"line":348,"column":null}},{"start":{"line":346,"column":8},"end":{"line":348,"column":null}}]},"41":{"loc":{"start":{"line":349,"column":8},"end":{"line":356,"column":null}},"type":"if","locations":[{"start":{"line":349,"column":8},"end":{"line":356,"column":null}},{"start":{"line":349,"column":8},"end":{"line":356,"column":null}}]},"42":{"loc":{"start":{"line":351,"column":12},"end":{"line":355,"column":null}},"type":"if","locations":[{"start":{"line":351,"column":12},"end":{"line":355,"column":null}},{"start":{"line":351,"column":12},"end":{"line":355,"column":null}}]},"43":{"loc":{"start":{"line":358,"column":8},"end":{"line":366,"column":null}},"type":"if","locations":[{"start":{"line":358,"column":8},"end":{"line":366,"column":null}},{"start":{"line":358,"column":8},"end":{"line":366,"column":null}}]},"44":{"loc":{"start":{"line":361,"column":16},"end":{"line":364,"column":null}},"type":"if","locations":[{"start":{"line":361,"column":16},"end":{"line":364,"column":null}},{"start":{"line":361,"column":16},"end":{"line":364,"column":null}}]},"45":{"loc":{"start":{"line":377,"column":86},"end":{"line":377,"column":91}},"type":"default-arg","locations":[{"start":{"line":377,"column":86},"end":{"line":377,"column":91}}]},"46":{"loc":{"start":{"line":382,"column":16},"end":{"line":388,"column":null}},"type":"if","locations":[{"start":{"line":382,"column":16},"end":{"line":388,"column":null}},{"start":{"line":382,"column":16},"end":{"line":388,"column":null}}]},"47":{"loc":{"start":{"line":391,"column":8},"end":{"line":393,"column":null}},"type":"if","locations":[{"start":{"line":391,"column":8},"end":{"line":393,"column":null}},{"start":{"line":391,"column":8},"end":{"line":393,"column":null}}]},"48":{"loc":{"start":{"line":400,"column":12},"end":{"line":402,"column":null}},"type":"if","locations":[{"start":{"line":400,"column":12},"end":{"line":402,"column":null}},{"start":{"line":400,"column":12},"end":{"line":402,"column":null}}]},"49":{"loc":{"start":{"line":405,"column":12},"end":{"line":407,"column":null}},"type":"if","locations":[{"start":{"line":405,"column":12},"end":{"line":407,"column":null}},{"start":{"line":405,"column":12},"end":{"line":407,"column":null}}]},"50":{"loc":{"start":{"line":414,"column":12},"end":{"line":416,"column":null}},"type":"if","locations":[{"start":{"line":414,"column":12},"end":{"line":416,"column":null}},{"start":{"line":414,"column":12},"end":{"line":416,"column":null}}]},"51":{"loc":{"start":{"line":419,"column":12},"end":{"line":421,"column":null}},"type":"if","locations":[{"start":{"line":419,"column":12},"end":{"line":421,"column":null}},{"start":{"line":419,"column":12},"end":{"line":421,"column":null}}]},"52":{"loc":{"start":{"line":437,"column":12},"end":{"line":439,"column":null}},"type":"if","locations":[{"start":{"line":437,"column":12},"end":{"line":439,"column":null}},{"start":{"line":437,"column":12},"end":{"line":439,"column":null}}]},"53":{"loc":{"start":{"line":444,"column":8},"end":{"line":453,"column":null}},"type":"if","locations":[{"start":{"line":444,"column":8},"end":{"line":453,"column":null}},{"start":{"line":444,"column":8},"end":{"line":453,"column":null}}]},"54":{"loc":{"start":{"line":449,"column":12},"end":{"line":452,"column":null}},"type":"if","locations":[{"start":{"line":449,"column":12},"end":{"line":452,"column":null}},{"start":{"line":449,"column":12},"end":{"line":452,"column":null}}]},"55":{"loc":{"start":{"line":465,"column":12},"end":{"line":467,"column":null}},"type":"if","locations":[{"start":{"line":465,"column":12},"end":{"line":467,"column":null}},{"start":{"line":465,"column":12},"end":{"line":467,"column":null}}]},"56":{"loc":{"start":{"line":477,"column":8},"end":{"line":484,"column":null}},"type":"if","locations":[{"start":{"line":477,"column":8},"end":{"line":484,"column":null}},{"start":{"line":477,"column":8},"end":{"line":484,"column":null}}]},"57":{"loc":{"start":{"line":481,"column":12},"end":{"line":483,"column":null}},"type":"if","locations":[{"start":{"line":481,"column":12},"end":{"line":483,"column":null}},{"start":{"line":481,"column":12},"end":{"line":483,"column":null}}]},"58":{"loc":{"start":{"line":498,"column":8},"end":{"line":533,"column":null}},"type":"if","locations":[{"start":{"line":498,"column":8},"end":{"line":533,"column":null}},{"start":{"line":498,"column":8},"end":{"line":533,"column":null}}]},"59":{"loc":{"start":{"line":498,"column":12},"end":{"line":498,"column":37}},"type":"binary-expr","locations":[{"start":{"line":498,"column":12},"end":{"line":498,"column":37}},{"start":{"line":498,"column":41},"end":{"line":498,"column":72}},{"start":{"line":498,"column":76},"end":{"line":498,"column":107}}]},"60":{"loc":{"start":{"line":502,"column":20},"end":{"line":530,"column":null}},"type":"if","locations":[{"start":{"line":502,"column":20},"end":{"line":530,"column":null}},{"start":{"line":502,"column":20},"end":{"line":530,"column":null}}]},"61":{"loc":{"start":{"line":505,"column":24},"end":{"line":509,"column":null}},"type":"if","locations":[{"start":{"line":505,"column":24},"end":{"line":509,"column":null}},{"start":{"line":505,"column":24},"end":{"line":509,"column":null}}]},"62":{"loc":{"start":{"line":505,"column":28},"end":{"line":505,"column":53}},"type":"binary-expr","locations":[{"start":{"line":505,"column":28},"end":{"line":505,"column":53}},{"start":{"line":505,"column":57},"end":{"line":505,"column":110}}]},"63":{"loc":{"start":{"line":507,"column":31},"end":{"line":509,"column":null}},"type":"if","locations":[{"start":{"line":507,"column":31},"end":{"line":509,"column":null}},{"start":{"line":507,"column":31},"end":{"line":509,"column":null}}]},"64":{"loc":{"start":{"line":507,"column":35},"end":{"line":507,"column":60}},"type":"binary-expr","locations":[{"start":{"line":507,"column":35},"end":{"line":507,"column":60}},{"start":{"line":507,"column":64},"end":{"line":507,"column":111}}]},"65":{"loc":{"start":{"line":511,"column":28},"end":{"line":513,"column":null}},"type":"if","locations":[{"start":{"line":511,"column":28},"end":{"line":513,"column":null}},{"start":{"line":511,"column":28},"end":{"line":513,"column":null}}]},"66":{"loc":{"start":{"line":516,"column":28},"end":{"line":518,"column":null}},"type":"if","locations":[{"start":{"line":516,"column":28},"end":{"line":518,"column":null}},{"start":{"line":516,"column":28},"end":{"line":518,"column":null}}]},"67":{"loc":{"start":{"line":521,"column":28},"end":{"line":523,"column":null}},"type":"if","locations":[{"start":{"line":521,"column":28},"end":{"line":523,"column":null}},{"start":{"line":521,"column":28},"end":{"line":523,"column":null}}]},"68":{"loc":{"start":{"line":526,"column":28},"end":{"line":528,"column":null}},"type":"if","locations":[{"start":{"line":526,"column":28},"end":{"line":528,"column":null}},{"start":{"line":526,"column":28},"end":{"line":528,"column":null}}]},"69":{"loc":{"start":{"line":544,"column":12},"end":{"line":546,"column":null}},"type":"if","locations":[{"start":{"line":544,"column":12},"end":{"line":546,"column":null}},{"start":{"line":544,"column":12},"end":{"line":546,"column":null}}]},"70":{"loc":{"start":{"line":558,"column":8},"end":{"line":560,"column":null}},"type":"if","locations":[{"start":{"line":558,"column":8},"end":{"line":560,"column":null}},{"start":{"line":558,"column":8},"end":{"line":560,"column":null}}]},"71":{"loc":{"start":{"line":568,"column":8},"end":{"line":570,"column":null}},"type":"if","locations":[{"start":{"line":568,"column":8},"end":{"line":570,"column":null}},{"start":{"line":568,"column":8},"end":{"line":570,"column":null}}]},"72":{"loc":{"start":{"line":572,"column":8},"end":{"line":582,"column":null}},"type":"if","locations":[{"start":{"line":572,"column":8},"end":{"line":582,"column":null}},{"start":{"line":572,"column":8},"end":{"line":582,"column":null}}]},"73":{"loc":{"start":{"line":576,"column":16},"end":{"line":580,"column":null}},"type":"if","locations":[{"start":{"line":576,"column":16},"end":{"line":580,"column":null}},{"start":{"line":576,"column":16},"end":{"line":580,"column":null}}]},"74":{"loc":{"start":{"line":576,"column":20},"end":{"line":576,"column":54}},"type":"binary-expr","locations":[{"start":{"line":576,"column":20},"end":{"line":576,"column":54}},{"start":{"line":576,"column":58},"end":{"line":576,"column":79}}]},"75":{"loc":{"start":{"line":577,"column":20},"end":{"line":579,"column":null}},"type":"if","locations":[{"start":{"line":577,"column":20},"end":{"line":579,"column":null}},{"start":{"line":577,"column":20},"end":{"line":579,"column":null}}]},"76":{"loc":{"start":{"line":577,"column":24},"end":{"line":577,"column":88}},"type":"binary-expr","locations":[{"start":{"line":577,"column":24},"end":{"line":577,"column":88}},{"start":{"line":577,"column":92},"end":{"line":577,"column":139}}]},"77":{"loc":{"start":{"line":586,"column":12},"end":{"line":612,"column":null}},"type":"if","locations":[{"start":{"line":586,"column":12},"end":{"line":612,"column":null}},{"start":{"line":586,"column":12},"end":{"line":612,"column":null}}]},"78":{"loc":{"start":{"line":586,"column":16},"end":{"line":586,"column":37}},"type":"binary-expr","locations":[{"start":{"line":586,"column":16},"end":{"line":586,"column":37}},{"start":{"line":586,"column":41},"end":{"line":586,"column":93}},{"start":{"line":586,"column":97},"end":{"line":586,"column":150}}]},"79":{"loc":{"start":{"line":589,"column":16},"end":{"line":611,"column":null}},"type":"if","locations":[{"start":{"line":589,"column":16},"end":{"line":611,"column":null}},{"start":{"line":589,"column":16},"end":{"line":611,"column":null}}]},"80":{"loc":{"start":{"line":589,"column":20},"end":{"line":589,"column":55}},"type":"binary-expr","locations":[{"start":{"line":589,"column":20},"end":{"line":589,"column":55}},{"start":{"line":589,"column":59},"end":{"line":589,"column":78}},{"start":{"line":589,"column":82},"end":{"line":589,"column":99}}]},"81":{"loc":{"start":{"line":590,"column":20},"end":{"line":592,"column":null}},"type":"if","locations":[{"start":{"line":590,"column":20},"end":{"line":592,"column":null}},{"start":{"line":590,"column":20},"end":{"line":592,"column":null}}]},"82":{"loc":{"start":{"line":595,"column":20},"end":{"line":610,"column":null}},"type":"if","locations":[{"start":{"line":595,"column":20},"end":{"line":610,"column":null}},{"start":{"line":595,"column":20},"end":{"line":610,"column":null}}]},"83":{"loc":{"start":{"line":596,"column":24},"end":{"line":609,"column":null}},"type":"if","locations":[{"start":{"line":596,"column":24},"end":{"line":609,"column":null}},{"start":{"line":596,"column":24},"end":{"line":609,"column":null}}]},"84":{"loc":{"start":{"line":596,"column":28},"end":{"line":596,"column":59}},"type":"binary-expr","locations":[{"start":{"line":596,"column":28},"end":{"line":596,"column":59}},{"start":{"line":596,"column":63},"end":{"line":596,"column":123}}]},"85":{"loc":{"start":{"line":598,"column":32},"end":{"line":605,"column":null}},"type":"if","locations":[{"start":{"line":598,"column":32},"end":{"line":605,"column":null}},{"start":{"line":598,"column":32},"end":{"line":605,"column":null}}]},"86":{"loc":{"start":{"line":600,"column":39},"end":{"line":605,"column":null}},"type":"if","locations":[{"start":{"line":600,"column":39},"end":{"line":605,"column":null}},{"start":{"line":600,"column":39},"end":{"line":605,"column":null}}]},"87":{"loc":{"start":{"line":620,"column":76},"end":{"line":620,"column":78}},"type":"default-arg","locations":[{"start":{"line":620,"column":76},"end":{"line":620,"column":78}}]},"88":{"loc":{"start":{"line":624,"column":8},"end":{"line":644,"column":null}},"type":"if","locations":[{"start":{"line":624,"column":8},"end":{"line":644,"column":null}},{"start":{"line":624,"column":8},"end":{"line":644,"column":null}}]},"89":{"loc":{"start":{"line":626,"column":16},"end":{"line":642,"column":null}},"type":"if","locations":[{"start":{"line":626,"column":16},"end":{"line":642,"column":null}},{"start":{"line":626,"column":16},"end":{"line":642,"column":null}}]},"90":{"loc":{"start":{"line":627,"column":20},"end":{"line":641,"column":null}},"type":"if","locations":[{"start":{"line":627,"column":20},"end":{"line":641,"column":null}},{"start":{"line":627,"column":20},"end":{"line":641,"column":null}}]},"91":{"loc":{"start":{"line":628,"column":24},"end":{"line":640,"column":null}},"type":"if","locations":[{"start":{"line":628,"column":24},"end":{"line":640,"column":null}},{"start":{"line":628,"column":24},"end":{"line":640,"column":null}}]},"92":{"loc":{"start":{"line":631,"column":57},"end":{"line":631,"column":97}},"type":"binary-expr","locations":[{"start":{"line":631,"column":57},"end":{"line":631,"column":97}},{"start":{"line":631,"column":101},"end":{"line":631,"column":167}}]},"93":{"loc":{"start":{"line":632,"column":59},"end":{"line":632,"column":86}},"type":"binary-expr","locations":[{"start":{"line":632,"column":59},"end":{"line":632,"column":86}},{"start":{"line":632,"column":90},"end":{"line":632,"column":143}}]},"94":{"loc":{"start":{"line":633,"column":28},"end":{"line":639,"column":null}},"type":"if","locations":[{"start":{"line":633,"column":28},"end":{"line":639,"column":null}},{"start":{"line":633,"column":28},"end":{"line":639,"column":null}}]},"95":{"loc":{"start":{"line":633,"column":32},"end":{"line":633,"column":52}},"type":"binary-expr","locations":[{"start":{"line":633,"column":32},"end":{"line":633,"column":52}},{"start":{"line":633,"column":56},"end":{"line":633,"column":78}}]},"96":{"loc":{"start":{"line":634,"column":32},"end":{"line":636,"column":null}},"type":"if","locations":[{"start":{"line":634,"column":32},"end":{"line":636,"column":null}},{"start":{"line":634,"column":32},"end":{"line":636,"column":null}}]},"97":{"loc":{"start":{"line":637,"column":35},"end":{"line":639,"column":null}},"type":"if","locations":[{"start":{"line":637,"column":35},"end":{"line":639,"column":null}},{"start":{"line":637,"column":35},"end":{"line":639,"column":null}}]},"98":{"loc":{"start":{"line":650,"column":12},"end":{"line":650,"column":23}},"type":"binary-expr","locations":[{"start":{"line":650,"column":12},"end":{"line":650,"column":23}},{"start":{"line":650,"column":12},"end":{"line":650,"column":null}}]}},"s":{"0":41,"1":41,"2":41,"3":41,"4":41,"5":41,"6":41,"7":41,"8":41,"9":41,"10":41,"11":41,"12":41,"13":41,"14":41,"15":41,"16":41,"17":41,"18":41,"19":41,"20":7526,"21":7526,"22":7526,"23":7526,"24":7526,"25":7526,"26":7526,"27":7526,"28":8802,"29":8802,"30":8802,"31":8802,"32":77,"33":77,"34":77,"35":324,"36":24,"37":77,"38":107091,"39":107091,"40":117914,"41":117914,"42":127000,"43":127000,"44":0,"45":117914,"46":3,"47":3,"48":3,"49":3,"50":0,"51":0,"52":0,"53":0,"54":0,"55":0,"56":0,"57":0,"58":0,"59":0,"60":0,"61":9,"62":9,"63":7,"64":9,"65":7,"66":9,"67":7,"68":0,"69":7,"70":1,"71":1,"72":2,"73":1,"74":6287,"75":6287,"76":6287,"77":6634,"78":0,"79":6287,"80":6287,"81":0,"82":16104,"83":16104,"84":8049,"85":8049,"86":90,"87":19,"88":18,"89":18,"90":18,"91":18,"92":90,"93":90,"94":7959,"95":330,"96":7629,"97":7629,"98":16014,"99":655,"100":15359,"101":84,"102":84,"103":84,"104":84,"105":85,"106":84,"107":84,"108":89,"109":240,"110":89,"111":89,"112":29,"113":0,"114":55,"115":255,"116":85,"117":255,"118":0,"119":255,"120":255,"121":255,"122":255,"123":726,"124":726,"125":216,"126":257,"127":877,"128":248,"129":248,"130":38,"131":0,"132":217,"133":47,"134":0,"135":47,"136":47,"137":45,"138":2,"139":2,"140":47,"141":59079,"142":59079,"143":84679,"144":59079,"145":59079,"146":0,"147":37,"148":37,"149":37,"150":37,"151":37,"152":37,"153":26,"154":26,"155":37,"156":37,"157":37,"158":37,"159":0,"160":37,"161":37,"162":4,"163":33,"164":37,"165":4,"166":3,"167":3,"168":3,"169":3,"170":0,"171":3,"172":3,"173":3,"174":0,"175":0,"176":1,"177":1,"178":0,"179":1,"180":1,"181":1,"182":0,"183":0,"184":0,"185":0,"186":1,"187":1,"188":1,"189":1,"190":1,"191":1,"192":0,"193":4153,"194":4153,"195":4213,"196":40433,"197":40253,"198":40253,"199":40193,"200":4153,"201":4152,"202":4153,"203":870,"204":1009,"205":174,"206":696,"207":432,"208":1,"209":695,"210":893,"211":1080,"212":85,"213":808,"214":731,"215":0,"216":808,"217":251081,"218":251081,"219":251081,"220":251081,"221":92066,"222":92066,"223":97860,"224":804,"225":92066,"226":92066,"227":91418,"228":91418,"229":648,"230":648,"231":648,"232":648,"233":0,"234":0,"235":13904,"236":13904,"237":16291,"238":14160,"239":13904,"240":0,"241":0,"242":0,"243":0,"244":0,"245":0,"246":0,"247":14,"248":14,"249":92,"250":14,"251":14,"252":40253,"253":40253,"254":40253,"255":40248,"256":43954,"257":43954,"258":43976,"259":155,"260":155,"261":155,"262":0,"263":155,"264":10,"265":145,"266":67,"267":23,"268":122,"269":24,"270":12,"271":110,"272":58,"273":11,"274":99,"275":26,"276":4,"277":40193,"278":92066,"279":92066,"280":97880,"281":97880,"282":134,"283":92066,"284":47,"285":30,"286":17,"287":17,"288":17,"289":0,"290":0,"291":17,"292":0,"293":17,"294":17,"295":1,"296":1,"297":2,"298":2,"299":2,"300":1,"301":15,"302":30,"303":30,"304":14,"305":14,"306":14,"307":0,"308":0,"309":0,"310":0,"311":0,"312":0,"313":0,"314":0,"315":0,"316":0,"317":0,"318":0,"319":15,"320":21,"321":21,"322":21,"323":21,"324":21,"325":41,"326":41,"327":0,"328":41,"329":21,"330":20,"331":20,"332":20,"333":0,"334":0,"335":20,"336":0,"337":21,"338":41,"339":41,"340":41,"341":41,"342":41,"343":41,"344":41,"345":41,"346":41},"f":{"0":7526,"1":8802,"2":77,"3":107091,"4":117914,"5":3,"6":0,"7":9,"8":9,"9":9,"10":1,"11":2,"12":6287,"13":6634,"14":16104,"15":84,"16":89,"17":255,"18":248,"19":47,"20":59079,"21":84679,"22":37,"23":4,"24":1,"25":4153,"26":870,"27":893,"28":251081,"29":92066,"30":13904,"31":0,"32":14,"33":92,"34":40253,"35":92066,"36":47,"37":21,"38":0,"39":41},"b":{"0":[24,300],"1":[0],"2":[0,0],"3":[0,0],"4":[0,0],"5":[0,0],"6":[0,7],"7":[6287,0],"8":[15693],"9":[16078],"10":[8049,8055],"11":[16104,8122,8049],"12":[90,7959],"13":[8049,181],"14":[19,71],"15":[90,75,19],"16":[18,1],"17":[330,7629],"18":[655,15359],"19":[84,1],"20":[85,85],"21":[89,151],"22":[29,60],"23":[85,170],"24":[0,255],"25":[216,510],"26":[726,726],"27":[248,629],"28":[38,210],"29":[0,47],"30":[59079,0],"31":[10],"32":[26],"33":[26,11],"34":[0,37],"35":[4,33],"36":[3,0],"37":[0,3],"38":[3,0],"39":[0,1],"40":[1,0],"41":[0,1],"42":[0,0],"43":[1,0],"44":[1,0],"45":[4152],"46":[40253,180],"47":[4152,1],"48":[174,835],"49":[1,431],"50":[85,995],"51":[0,731],"52":[804,97056],"53":[91418,648],"54":[648,0],"55":[14160,2131],"56":[0,0],"57":[0,0],"58":[40248,5],"59":[40253,12,12],"60":[155,43821],"61":[0,155],"62":[155,19],"63":[10,145],"64":[155,19],"65":[23,44],"66":[12,12],"67":[11,47],"68":[4,22],"69":[134,97746],"70":[30,17],"71":[0,17],"72":[1,14],"73":[2,0],"74":[2,2],"75":[1,1],"76":[2,1],"77":[14,16],"78":[30,30,15],"79":[0,14],"80":[14,14,1],"81":[0,0],"82":[0,0],"83":[0,0],"84":[0,0],"85":[0,0],"86":[0,0],"87":[21],"88":[21,0],"89":[41,0],"90":[41,0],"91":[21,20],"92":[20,20],"93":[20,20],"94":[0,20],"95":[20,0],"96":[0,0],"97":[0,20],"98":[41,41]}}
,"C:\\Users\\dbergmann\\Desktop\\list-manager\\src\\backend\\controller\\objects\\extension\\provider-extension\\series-provider-extension.ts": {"path":"C:\\Users\\dbergmann\\Desktop\\list-manager\\src\\backend\\controller\\objects\\extension\\provider-extension\\series-provider-extension.ts","statementMap":{"0":{"start":{"line":1,"column":0},"end":{"line":1,"column":122}},"1":{"start":{"line":2,"column":0},"end":{"line":2,"column":128}},"2":{"start":{"line":5,"column":0},"end":{"line":5,"column":102}},"3":{"start":{"line":6,"column":0},"end":{"line":6,"column":102}},"4":{"start":{"line":7,"column":0},"end":{"line":7,"column":63}},"5":{"start":{"line":8,"column":0},"end":{"line":8,"column":63}},"6":{"start":{"line":13,"column":14},"end":{"line":13,"column":58}},"7":{"start":{"line":14,"column":14},"end":{"line":14,"column":58}},"8":{"start":{"line":21,"column":22},"end":{"line":21,"column":103}},"9":{"start":{"line":21,"column":62},"end":{"line":21,"column":102}},"10":{"start":{"line":22,"column":8},"end":{"line":27,"column":null}},"11":{"start":{"line":23,"column":12},"end":{"line":23,"column":85}},"12":{"start":{"line":24,"column":12},"end":{"line":24,"column":79}},"13":{"start":{"line":26,"column":12},"end":{"line":26,"column":79}},"14":{"start":{"line":35,"column":22},"end":{"line":35,"column":103}},"15":{"start":{"line":35,"column":62},"end":{"line":35,"column":102}},"16":{"start":{"line":36,"column":8},"end":{"line":41,"column":null}},"17":{"start":{"line":37,"column":12},"end":{"line":37,"column":85}},"18":{"start":{"line":38,"column":12},"end":{"line":38,"column":79}},"19":{"start":{"line":40,"column":12},"end":{"line":40,"column":79}},"20":{"start":{"line":45,"column":8},"end":{"line":51,"column":null}},"21":{"start":{"line":46,"column":12},"end":{"line":50,"column":null}},"22":{"start":{"line":47,"column":16},"end":{"line":47,"column":79}},"23":{"start":{"line":48,"column":19},"end":{"line":50,"column":null}},"24":{"start":{"line":49,"column":16},"end":{"line":49,"column":79}},"25":{"start":{"line":55,"column":8},"end":{"line":61,"column":null}},"26":{"start":{"line":56,"column":12},"end":{"line":60,"column":null}},"27":{"start":{"line":57,"column":16},"end":{"line":57,"column":121}},"28":{"start":{"line":58,"column":19},"end":{"line":60,"column":null}},"29":{"start":{"line":59,"column":16},"end":{"line":59,"column":121}},"30":{"start":{"line":65,"column":25},"end":{"line":65,"column":97}},"31":{"start":{"line":66,"column":8},"end":{"line":66,"column":51}},"32":{"start":{"line":70,"column":25},"end":{"line":70,"column":97}},"33":{"start":{"line":71,"column":8},"end":{"line":71,"column":51}},"34":{"start":{"line":75,"column":8},"end":{"line":75,"column":70}},"35":{"start":{"line":12,"column":0},"end":{"line":12,"column":21}}},"fnMap":{"0":{"name":"(anonymous_0)","decl":{"start":{"line":12,"column":0},"end":{"line":12,"column":21}},"loc":{"start":{"line":12,"column":0},"end":{"line":78,"column":1}}},"1":{"name":"(anonymous_1)","decl":{"start":{"line":20,"column":11},"end":{"line":20,"column":16}},"loc":{"start":{"line":20,"column":85},"end":{"line":28,"column":5}}},"2":{"name":"(anonymous_2)","decl":{"start":{"line":21,"column":55},"end":{"line":21,"column":56}},"loc":{"start":{"line":21,"column":62},"end":{"line":21,"column":102}}},"3":{"name":"(anonymous_3)","decl":{"start":{"line":34,"column":11},"end":{"line":34,"column":16}},"loc":{"start":{"line":34,"column":85},"end":{"line":42,"column":5}}},"4":{"name":"(anonymous_4)","decl":{"start":{"line":35,"column":55},"end":{"line":35,"column":56}},"loc":{"start":{"line":35,"column":62},"end":{"line":35,"column":102}}},"5":{"name":"(anonymous_5)","decl":{"start":{"line":44,"column":11},"end":{"line":44,"column":16}},"loc":{"start":{"line":44,"column":68},"end":{"line":52,"column":5}}},"6":{"name":"(anonymous_6)","decl":{"start":{"line":54,"column":11},"end":{"line":54,"column":16}},"loc":{"start":{"line":54,"column":92},"end":{"line":62,"column":5}}},"7":{"name":"(anonymous_7)","decl":{"start":{"line":64,"column":11},"end":{"line":64,"column":32}},"loc":{"start":{"line":64,"column":32},"end":{"line":67,"column":5}}},"8":{"name":"(anonymous_8)","decl":{"start":{"line":69,"column":11},"end":{"line":69,"column":32}},"loc":{"start":{"line":69,"column":32},"end":{"line":72,"column":5}}},"9":{"name":"(anonymous_9)","decl":{"start":{"line":74,"column":11},"end":{"line":74,"column":33}},"loc":{"start":{"line":74,"column":33},"end":{"line":76,"column":5}}}},"branchMap":{"0":{"loc":{"start":{"line":22,"column":8},"end":{"line":27,"column":null}},"type":"if","locations":[{"start":{"line":22,"column":8},"end":{"line":27,"column":null}},{"start":{"line":22,"column":8},"end":{"line":27,"column":null}}]},"1":{"loc":{"start":{"line":36,"column":8},"end":{"line":41,"column":null}},"type":"if","locations":[{"start":{"line":36,"column":8},"end":{"line":41,"column":null}},{"start":{"line":36,"column":8},"end":{"line":41,"column":null}}]},"2":{"loc":{"start":{"line":46,"column":12},"end":{"line":50,"column":null}},"type":"if","locations":[{"start":{"line":46,"column":12},"end":{"line":50,"column":null}},{"start":{"line":46,"column":12},"end":{"line":50,"column":null}}]},"3":{"loc":{"start":{"line":48,"column":19},"end":{"line":50,"column":null}},"type":"if","locations":[{"start":{"line":48,"column":19},"end":{"line":50,"column":null}},{"start":{"line":48,"column":19},"end":{"line":50,"column":null}}]},"4":{"loc":{"start":{"line":56,"column":12},"end":{"line":60,"column":null}},"type":"if","locations":[{"start":{"line":56,"column":12},"end":{"line":60,"column":null}},{"start":{"line":56,"column":12},"end":{"line":60,"column":null}}]},"5":{"loc":{"start":{"line":58,"column":19},"end":{"line":60,"column":null}},"type":"if","locations":[{"start":{"line":58,"column":19},"end":{"line":60,"column":null}},{"start":{"line":58,"column":19},"end":{"line":60,"column":null}}]}},"s":{"0":41,"1":41,"2":41,"3":41,"4":41,"5":41,"6":7526,"7":7526,"8":411,"9":535,"10":411,"11":254,"12":254,"13":157,"14":989,"15":401,"16":989,"17":868,"18":868,"19":121,"20":4929,"21":962,"22":626,"23":336,"24":322,"25":380,"26":101,"27":32,"28":69,"29":69,"30":354961,"31":354961,"32":252660,"33":252660,"34":59097,"35":41},"f":{"0":7526,"1":411,"2":535,"3":989,"4":401,"5":4929,"6":380,"7":354961,"8":252660,"9":59097},"b":{"0":[254,157],"1":[868,121],"2":[626,336],"3":[322,14],"4":[32,69],"5":[69,0]}}
,"C:\\Users\\dbergmann\\Desktop\\list-manager\\src\\backend\\controller\\objects\\extension\\provider-extension\\binding\\info-local-data-bind.ts": {"path":"C:\\Users\\dbergmann\\Desktop\\list-manager\\src\\backend\\controller\\objects\\extension\\provider-extension\\binding\\info-local-data-bind.ts","statementMap":{"0":{"start":{"line":2,"column":0},"end":{"line":2,"column":46}},"1":{"start":{"line":6,"column":8},"end":{"line":6,"column":42}},"2":{"start":{"line":4,"column":0},"end":{"line":4,"column":21}}},"fnMap":{"0":{"name":"(anonymous_0)","decl":{"start":{"line":5,"column":4},"end":{"line":5,"column":16}},"loc":{"start":{"line":5,"column":74},"end":{"line":7,"column":5}}}},"branchMap":{},"s":{"0":41,"1":254,"2":41},"f":{"0":254},"b":{}}
,"C:\\Users\\dbergmann\\Desktop\\list-manager\\src\\backend\\controller\\objects\\extension\\provider-extension\\binding\\list-local-data-bind.ts": {"path":"C:\\Users\\dbergmann\\Desktop\\list-manager\\src\\backend\\controller\\objects\\extension\\provider-extension\\binding\\list-local-data-bind.ts","statementMap":{"0":{"start":{"line":3,"column":0},"end":{"line":3,"column":46}},"1":{"start":{"line":7,"column":8},"end":{"line":7,"column":42}},"2":{"start":{"line":5,"column":0},"end":{"line":5,"column":21}}},"fnMap":{"0":{"name":"(anonymous_0)","decl":{"start":{"line":6,"column":4},"end":{"line":6,"column":16}},"loc":{"start":{"line":6,"column":74},"end":{"line":8,"column":5}}}},"branchMap":{},"s":{"0":41,"1":868,"2":41},"f":{"0":868},"b":{}}
,"C:\\Users\\dbergmann\\Desktop\\list-manager\\src\\backend\\controller\\objects\\extension\\provider-extension\\binding\\local-data-bind.ts": {"path":"C:\\Users\\dbergmann\\Desktop\\list-manager\\src\\backend\\controller\\objects\\extension\\provider-extension\\binding\\local-data-bind.ts","statementMap":{"0":{"start":{"line":10,"column":8},"end":{"line":10,"column":30}},"1":{"start":{"line":11,"column":8},"end":{"line":11,"column":46}},"2":{"start":{"line":12,"column":8},"end":{"line":16,"column":null}},"3":{"start":{"line":13,"column":12},"end":{"line":13,"column":45}},"4":{"start":{"line":15,"column":12},"end":{"line":15,"column":54}},"5":{"start":{"line":4,"column":0},"end":{"line":4,"column":30}}},"fnMap":{"0":{"name":"(anonymous_0)","decl":{"start":{"line":9,"column":4},"end":{"line":9,"column":16}},"loc":{"start":{"line":9,"column":66},"end":{"line":18,"column":5}}}},"branchMap":{"0":{"loc":{"start":{"line":12,"column":8},"end":{"line":16,"column":null}},"type":"if","locations":[{"start":{"line":12,"column":8},"end":{"line":16,"column":null}},{"start":{"line":12,"column":8},"end":{"line":16,"column":null}}]}},"s":{"0":1122,"1":1122,"2":1122,"3":9,"4":1113,"5":41},"f":{"0":1122},"b":{"0":[9,1113]}}
,"C:\\Users\\dbergmann\\Desktop\\list-manager\\src\\backend\\helpFunctions\\comperators\\multi-provider-results-comperator.ts": {"path":"C:\\Users\\dbergmann\\Desktop\\list-manager\\src\\backend\\helpFunctions\\comperators\\multi-provider-results-comperator.ts","statementMap":{"0":{"start":{"line":2,"column":0},"end":{"line":2,"column":53}},"1":{"start":{"line":3,"column":0},"end":{"line":3,"column":77}},"2":{"start":{"line":4,"column":0},"end":{"line":4,"column":75}},"3":{"start":{"line":5,"column":0},"end":{"line":5,"column":41}},"4":{"start":{"line":6,"column":0},"end":{"line":6,"column":71}},"5":{"start":{"line":7,"column":0},"end":{"line":7,"column":53}},"6":{"start":{"line":8,"column":0},"end":{"line":8,"column":93}},"7":{"start":{"line":9,"column":0},"end":{"line":9,"column":58}},"8":{"start":{"line":10,"column":0},"end":{"line":10,"column":55}},"9":{"start":{"line":11,"column":0},"end":{"line":11,"column":62}},"10":{"start":{"line":15,"column":28},"end":{"line":15,"column":50}},"11":{"start":{"line":17,"column":27},"end":{"line":17,"column":39}},"12":{"start":{"line":18,"column":8},"end":{"line":18,"column":87}},"13":{"start":{"line":19,"column":24},"end":{"line":19,"column":48}},"14":{"start":{"line":20,"column":24},"end":{"line":20,"column":92}},"15":{"start":{"line":22,"column":8},"end":{"line":22,"column":35}},"16":{"start":{"line":23,"column":8},"end":{"line":45,"column":null}},"17":{"start":{"line":24,"column":12},"end":{"line":24,"column":37}},"18":{"start":{"line":25,"column":12},"end":{"line":42,"column":null}},"19":{"start":{"line":26,"column":16},"end":{"line":39,"column":null}},"20":{"start":{"line":27,"column":20},"end":{"line":27,"column":47}},"21":{"start":{"line":28,"column":20},"end":{"line":38,"column":null}},"22":{"start":{"line":29,"column":24},"end":{"line":29,"column":49}},"23":{"start":{"line":30,"column":24},"end":{"line":30,"column":78}},"24":{"start":{"line":31,"column":27},"end":{"line":38,"column":null}},"25":{"start":{"line":32,"column":24},"end":{"line":32,"column":49}},"26":{"start":{"line":33,"column":24},"end":{"line":33,"column":78}},"27":{"start":{"line":34,"column":27},"end":{"line":38,"column":null}},"28":{"start":{"line":37,"column":24},"end":{"line":37,"column":79}},"29":{"start":{"line":41,"column":16},"end":{"line":41,"column":70}},"30":{"start":{"line":44,"column":12},"end":{"line":44,"column":67}},"31":{"start":{"line":47,"column":32},"end":{"line":47,"column":104}},"32":{"start":{"line":48,"column":8},"end":{"line":48,"column":59}},"33":{"start":{"line":49,"column":8},"end":{"line":49,"column":55}},"34":{"start":{"line":50,"column":8},"end":{"line":52,"column":null}},"35":{"start":{"line":51,"column":12},"end":{"line":51,"column":67}},"36":{"start":{"line":54,"column":34},"end":{"line":54,"column":100}},"37":{"start":{"line":55,"column":8},"end":{"line":55,"column":61}},"38":{"start":{"line":56,"column":8},"end":{"line":56,"column":57}},"39":{"start":{"line":58,"column":43},"end":{"line":58,"column":85}},"40":{"start":{"line":59,"column":31},"end":{"line":59,"column":82}},"41":{"start":{"line":60,"column":8},"end":{"line":60,"column":58}},"42":{"start":{"line":61,"column":8},"end":{"line":61,"column":54}},"43":{"start":{"line":62,"column":8},"end":{"line":64,"column":null}},"44":{"start":{"line":63,"column":12},"end":{"line":63,"column":63}},"45":{"start":{"line":67,"column":8},"end":{"line":77,"column":null}},"46":{"start":{"line":68,"column":12},"end":{"line":74,"column":null}},"47":{"start":{"line":69,"column":16},"end":{"line":73,"column":null}},"48":{"start":{"line":70,"column":20},"end":{"line":72,"column":null}},"49":{"start":{"line":71,"column":24},"end":{"line":71,"column":124}},"50":{"start":{"line":76,"column":12},"end":{"line":76,"column":199}},"51":{"start":{"line":78,"column":8},"end":{"line":78,"column":27}},"52":{"start":{"line":13,"column":0},"end":{"line":13,"column":21}}},"fnMap":{"0":{"name":"(anonymous_0)","decl":{"start":{"line":14,"column":11},"end":{"line":14,"column":17}},"loc":{"start":{"line":14,"column":98},"end":{"line":79,"column":5}}}},"branchMap":{"0":{"loc":{"start":{"line":23,"column":8},"end":{"line":45,"column":null}},"type":"if","locations":[{"start":{"line":23,"column":8},"end":{"line":45,"column":null}},{"start":{"line":23,"column":8},"end":{"line":45,"column":null}}]},"1":{"loc":{"start":{"line":25,"column":12},"end":{"line":42,"column":null}},"type":"if","locations":[{"start":{"line":25,"column":12},"end":{"line":42,"column":null}},{"start":{"line":25,"column":12},"end":{"line":42,"column":null}}]},"2":{"loc":{"start":{"line":26,"column":16},"end":{"line":39,"column":null}},"type":"if","locations":[{"start":{"line":26,"column":16},"end":{"line":39,"column":null}},{"start":{"line":26,"column":16},"end":{"line":39,"column":null}}]},"3":{"loc":{"start":{"line":28,"column":20},"end":{"line":38,"column":null}},"type":"if","locations":[{"start":{"line":28,"column":20},"end":{"line":38,"column":null}},{"start":{"line":28,"column":20},"end":{"line":38,"column":null}}]},"4":{"loc":{"start":{"line":31,"column":27},"end":{"line":38,"column":null}},"type":"if","locations":[{"start":{"line":31,"column":27},"end":{"line":38,"column":null}},{"start":{"line":31,"column":27},"end":{"line":38,"column":null}}]},"5":{"loc":{"start":{"line":31,"column":32},"end":{"line":31,"column":83}},"type":"binary-expr","locations":[{"start":{"line":31,"column":32},"end":{"line":31,"column":83}},{"start":{"line":31,"column":87},"end":{"line":31,"column":127}},{"start":{"line":31,"column":132},"end":{"line":31,"column":158}}]},"6":{"loc":{"start":{"line":34,"column":27},"end":{"line":38,"column":null}},"type":"if","locations":[{"start":{"line":34,"column":27},"end":{"line":38,"column":null}},{"start":{"line":34,"column":27},"end":{"line":38,"column":null}}]},"7":{"loc":{"start":{"line":34,"column":31},"end":{"line":34,"column":52}},"type":"binary-expr","locations":[{"start":{"line":34,"column":31},"end":{"line":34,"column":52}},{"start":{"line":34,"column":56},"end":{"line":34,"column":77}}]},"8":{"loc":{"start":{"line":50,"column":8},"end":{"line":52,"column":null}},"type":"if","locations":[{"start":{"line":50,"column":8},"end":{"line":52,"column":null}},{"start":{"line":50,"column":8},"end":{"line":52,"column":null}}]},"9":{"loc":{"start":{"line":62,"column":8},"end":{"line":64,"column":null}},"type":"if","locations":[{"start":{"line":62,"column":8},"end":{"line":64,"column":null}},{"start":{"line":62,"column":8},"end":{"line":64,"column":null}}]},"10":{"loc":{"start":{"line":67,"column":8},"end":{"line":77,"column":null}},"type":"if","locations":[{"start":{"line":67,"column":8},"end":{"line":77,"column":null}},{"start":{"line":67,"column":8},"end":{"line":77,"column":null}}]},"11":{"loc":{"start":{"line":67,"column":12},"end":{"line":67,"column":67}},"type":"binary-expr","locations":[{"start":{"line":67,"column":12},"end":{"line":67,"column":67}},{"start":{"line":67,"column":71},"end":{"line":67,"column":116}}]},"12":{"loc":{"start":{"line":70,"column":20},"end":{"line":72,"column":null}},"type":"if","locations":[{"start":{"line":70,"column":20},"end":{"line":72,"column":null}},{"start":{"line":70,"column":20},"end":{"line":72,"column":null}}]}},"s":{"0":41,"1":41,"2":41,"3":41,"4":41,"5":41,"6":41,"7":41,"8":41,"9":41,"10":347,"11":347,"12":347,"13":347,"14":347,"15":347,"16":347,"17":70,"18":70,"19":32,"20":18,"21":18,"22":8,"23":8,"24":10,"25":8,"26":8,"27":2,"28":0,"29":38,"30":277,"31":347,"32":347,"33":347,"34":347,"35":70,"36":347,"37":347,"38":347,"39":347,"40":347,"41":347,"42":347,"43":347,"44":10,"45":347,"46":53,"47":24,"48":0,"49":0,"50":294,"51":347,"52":41},"f":{"0":347},"b":{"0":[70,277],"1":[32,38],"2":[18,14],"3":[8,10],"4":[8,2],"5":[10,1,10],"6":[2,0],"7":[2,2],"8":[70,277],"9":[10,337],"10":[53,294],"11":[347,297],"12":[0,0]}}
,"C:\\Users\\dbergmann\\Desktop\\list-manager\\src\\backend\\helpFunctions\\provider\\provider-helper.ts": {"path":"C:\\Users\\dbergmann\\Desktop\\list-manager\\src\\backend\\helpFunctions\\provider\\provider-helper.ts","statementMap":{"0":{"start":{"line":4,"column":0},"end":{"line":4,"column":53}},"1":{"start":{"line":5,"column":0},"end":{"line":5,"column":114}},"2":{"start":{"line":7,"column":0},"end":{"line":7,"column":75}},"3":{"start":{"line":8,"column":0},"end":{"line":8,"column":41}},"4":{"start":{"line":9,"column":0},"end":{"line":9,"column":40}},"5":{"start":{"line":10,"column":0},"end":{"line":10,"column":99}},"6":{"start":{"line":11,"column":0},"end":{"line":11,"column":101}},"7":{"start":{"line":17,"column":8},"end":{"line":34,"column":null}},"8":{"start":{"line":19,"column":35},"end":{"line":19,"column":69}},"9":{"start":{"line":20,"column":12},"end":{"line":23,"column":null}},"10":{"start":{"line":21,"column":38},"end":{"line":21,"column":99}},"11":{"start":{"line":22,"column":16},"end":{"line":22,"column":79}},"12":{"start":{"line":25,"column":34},"end":{"line":25,"column":95}},"13":{"start":{"line":26,"column":12},"end":{"line":26,"column":75}},"14":{"start":{"line":28,"column":12},"end":{"line":31,"column":null}},"15":{"start":{"line":29,"column":38},"end":{"line":29,"column":99}},"16":{"start":{"line":30,"column":16},"end":{"line":30,"column":79}},"17":{"start":{"line":33,"column":12},"end":{"line":33,"column":47}},"18":{"start":{"line":35,"column":8},"end":{"line":35,"column":22}},"19":{"start":{"line":42,"column":48},"end":{"line":42,"column":50}},"20":{"start":{"line":43,"column":28},"end":{"line":43,"column":121}},"21":{"start":{"line":44,"column":29},"end":{"line":44,"column":53}},"22":{"start":{"line":45,"column":8},"end":{"line":56,"column":null}},"23":{"start":{"line":46,"column":12},"end":{"line":55,"column":null}},"24":{"start":{"line":47,"column":41},"end":{"line":47,"column":147}},"25":{"start":{"line":48,"column":16},"end":{"line":50,"column":null}},"26":{"start":{"line":49,"column":20},"end":{"line":49,"column":48}},"27":{"start":{"line":51,"column":16},"end":{"line":51,"column":71}},"28":{"
[...]
d":{"line":57,"column":null}},"24":{"start":{"line":49,"column":24},"end":{"line":49,"column":38}},"25":{"start":{"line":50,"column":46},"end":{"line":50,"column":118}},"26":{"start":{"line":51,"column":24},"end":{"line":53,"column":null}},"27":{"start":{"line":52,"column":28},"end":{"line":52,"column":158}},"28":{"start":{"line":54,"column":24},"end":{"line":56,"column":null}},"29":{"start":{"line":55,"column":28},"end":{"line":55,"column":121}},"30":{"start":{"line":58,"column":20},"end":{"line":71,"column":null}},"31":{"start":{"line":60,"column":52},"end":{"line":60,"column":88}},"32":{"start":{"line":61,"column":24},"end":{"line":64,"column":null}},"33":{"start":{"line":62,"column":28},"end":{"line":62,"column":43}},"34":{"start":{"line":63,"column":28},"end":{"line":63,"column":34}},"35":{"start":{"line":65,"column":24},"end":{"line":65,"column":68}},"36":{"start":{"line":66,"column":27},"end":{"line":71,"column":null}},"37":{"start":{"line":68,"column":24},"end":{"line":68,"column":113}},"38":{"start":{"line":70,"column":24},"end":{"line":70,"column":39}},"39":{"start":{"line":74,"column":12},"end":{"line":74,"column":128}},"40":{"start":{"line":76,"column":8},"end":{"line":76,"column":96}},"41":{"start":{"line":95,"column":8},"end":{"line":95,"column":82}},"42":{"start":{"line":96,"column":36},"end":{"line":96,"column":40}},"43":{"start":{"line":97,"column":8},"end":{"line":129,"column":null}},"44":{"start":{"line":98,"column":33},"end":{"line":98,"column":67}},"45":{"start":{"line":99,"column":12},"end":{"line":99,"column":48}},"46":{"start":{"line":100,"column":30},"end":{"line":100,"column":31}},"47":{"start":{"line":101,"column":12},"end":{"line":127,"column":null}},"48":{"start":{"line":102,"column":16},"end":{"line":102,"column":145}},"49":{"start":{"line":104,"column":16},"end":{"line":126,"column":null}},"50":{"start":{"line":105,"column":20},"end":{"line":114,"column":null}},"51":{"start":{"line":106,"column":24},"end":{"line":106,"column":38}},"52":{"start":{"line":107,"column":45},"end":{"line":107,"column":115}},"53":{"start":{"line":108,"column":24},"end":{"line":110,"column":null}},"54":{"start":{"line":109,"column":28},"end":{"line":109,"column":157}},"55":{"start":{"line":111,"column":24},"end":{"line":113,"column":null}},"56":{"start":{"line":112,"column":28},"end":{"line":112,"column":119}},"57":{"start":{"line":115,"column":20},"end":{"line":125,"column":null}},"58":{"start":{"line":117,"column":51},"end":{"line":117,"column":85}},"59":{"start":{"line":118,"column":24},"end":{"line":121,"column":null}},"60":{"start":{"line":119,"column":28},"end":{"line":119,"column":42}},"61":{"start":{"line":120,"column":28},"end":{"line":120,"column":34}},"62":{"start":{"line":122,"column":24},"end":{"line":122,"column":66}},"63":{"start":{"line":124,"column":24},"end":{"line":124,"column":38}},"64":{"start":{"line":128,"column":12},"end":{"line":128,"column":127}},"65":{"start":{"line":130,"column":8},"end":{"line":130,"column":95}},"66":{"start":{"line":140,"column":8},"end":{"line":140,"column":120}},"67":{"start":{"line":146,"column":8},"end":{"line":148,"column":null}},"68":{"start":{"line":147,"column":12},"end":{"line":147,"column":61}},"69":{"start":{"line":149,"column":8},"end":{"line":155,"column":null}},"70":{"start":{"line":150,"column":12},"end":{"line":150,"column":90}},"71":{"start":{"line":152,"column":12},"end":{"line":154,"column":null}},"72":{"start":{"line":153,"column":16},"end":{"line":153,"column":88}},"73":{"start":{"line":158,"column":8},"end":{"line":160,"column":null}},"74":{"start":{"line":159,"column":12},"end":{"line":159,"column":84}},"75":{"start":{"line":164,"column":8},"end":{"line":171,"column":null}},"76":{"start":{"line":165,"column":12},"end":{"line":170,"column":null}},"77":{"start":{"line":166,"column":37},"end":{"line":166,"column":86}},"78":{"start":{"line":167,"column":16},"end":{"line":169,"column":null}},"79":{"start":{"line":168,"column":20},"end":{"line":168,"column":103}},"80":{"start":{"line":173,"column":8},"end":{"line":178,"column":null}},"81":{"start":{"line":174,"column":12},"end":{"line":174,"column":89}},"82":{"start":{"line":175,"column":12},"end":{"line":177,"column":null}},"83":{"start":{"line":176,"column":16},"end":{"line":176,"column":37}},"84":{"start":{"line":180,"column":8},"end":{"line":185,"column":null}},"85":{"start":{"line":181,"column":12},"end":{"line":181,"column":87}},"86":{"start":{"line":182,"column":12},"end":{"line":184,"column":null}},"87":{"start":{"line":183,"column":16},"end":{"line":183,"column":36}},"88":{"start":{"line":187,"column":8},"end":{"line":189,"column":null}},"89":{"start":{"line":188,"column":12},"end":{"line":188,"column":33}},"90":{"start":{"line":191,"column":8},"end":{"line":193,"column":null}},"91":{"start":{"line":192,"column":12},"end":{"line":192,"column":32}},"92":{"start":{"line":195,"column":8},"end":{"line":201,"column":null}},"93":{"start":{"line":196,"column":12},"end":{"line":198,"column":null}},"94":{"start":{"line":197,"column":16},"end":{"line":197,"column":76}},"95":{"start":{"line":200,"column":12},"end":{"line":200,"column":29}},"96":{"start":{"line":203,"column":8},"end":{"line":203,"column":84}},"97":{"start":{"line":212,"column":33},"end":{"line":212,"column":35}},"98":{"start":{"line":213,"column":8},"end":{"line":213,"column":57}},"99":{"start":{"line":214,"column":8},"end":{"line":241,"column":null}},"100":{"start":{"line":215,"column":12},"end":{"line":240,"column":null}},"101":{"start":{"line":216,"column":16},"end":{"line":239,"column":null}},"102":{"start":{"line":217,"column":35},"end":{"line":217,"column":47}},"103":{"start":{"line":218,"column":20},"end":{"line":237,"column":null}},"104":{"start":{"line":219,"column":44},"end":{"line":219,"column":96}},"105":{"start":{"line":220,"column":24},"end":{"line":220,"column":76}},"106":{"start":{"line":221,"column":24},"end":{"line":223,"column":null}},"107":{"start":{"line":222,"column":28},"end":{"line":222,"column":78}},"108":{"start":{"line":224,"column":24},"end":{"line":224,"column":71}},"109":{"start":{"line":225,"column":24},"end":{"line":225,"column":67}},"110":{"start":{"line":226,"column":27},"end":{"line":237,"column":null}},"111":{"start":{"line":227,"column":44},"end":{"line":227,"column":96}},"112":{"start":{"line":228,"column":24},"end":{"line":228,"column":76}},"113":{"start":{"line":229,"column":24},"end":{"line":231,"column":null}},"114":{"start":{"line":230,"column":28},"end":{"line":230,"column":78}},"115":{"start":{"line":232,"column":24},"end":{"line":232,"column":71}},"116":{"start":{"line":233,"column":24},"end":{"line":233,"column":67}},"117":{"start":{"line":235,"column":24},"end":{"line":235,"column":33}},"118":{"start":{"line":238,"column":20},"end":{"line":238,"column":40}},"119":{"start":{"line":242,"column":8},"end":{"line":242,"column":84}},"120":{"start":{"line":243,"column":8},"end":{"line":243,"column":22}},"121":{"start":{"line":247,"column":0},"end":{"line":247,"column":34}}},"fnMap":{"0":{"name":"(anonymous_0)","decl":{"start":{"line":34,"column":11},"end":{"line":34,"column":16}},"loc":{"start":{"line":34,"column":104},"end":{"line":77,"column":5}}},"1":{"name":"(anonymous_1)","decl":{"start":{"line":94,"column":11},"end":{"line":94,"column":16}},"loc":{"start":{"line":94,"column":103},"end":{"line":131,"column":5}}},"2":{"name":"(anonymous_2)","decl":{"start":{"line":139,"column":11},"end":{"line":139,"column":16}},"loc":{"start":{"line":139,"column":145},"end":{"line":204,"column":5}}},"3":{"name":"(anonymous_3)","decl":{"start":{"line":211,"column":11},"end":{"line":211,"column":16}},"loc":{"start":{"line":211,"column":77},"end":{"line":244,"column":5}}}},"branchMap":{"0":{"loc":{"start":{"line":37,"column":8},"end":{"line":75,"column":null}},"type":"if","locations":[{"start":{"line":37,"column":8},"end":{"line":75,"column":null}},{"start":{"line":37,"column":8},"end":{"line":75,"column":null}}]},"1":{"loc":{"start":{"line":37,"column":12},"end":{"line":37,"column":46}},"type":"binary-expr","locations":[{"start":{"line":37,"column":12},"end":{"line":37,"column":46}},{"start":{"line":37,"column":50},"end":{"line":37,"column":60}}]},"2":{"loc":{"start":{"line":41,"column":12},"end":{"line":73,"column":null}},"type":"if","locations":[{"start":{"line":41,"column":12},"end":{"line":73,"column":null}},{"start":{"line":41,"column":12},"end":{"line":73,"column":null}}]},"3":{"loc":{"start":{"line":48,"column":20},"end":{"line":57,"column":null}},"type":"if","locations":[{"start":{"line":48,"column":20},"end":{"line":57,"column":null}},{"start":{"line":48,"column":20},"end":{"line":57,"column":null}}]},"4":{"loc":{"start":{"line":51,"column":24},"end":{"line":53,"column":null}},"type":"if","locations":[{"start":{"line":51,"column":24},"end":{"line":53,"column":null}},{"start":{"line":51,"column":24},"end":{"line":53,"column":null}}]},"5":{"loc":{"start":{"line":54,"column":24},"end":{"line":56,"column":null}},"type":"if","locations":[{"start":{"line":54,"column":24},"end":{"line":56,"column":null}},{"start":{"line":54,"column":24},"end":{"line":56,"column":null}}]},"6":{"loc":{"start":{"line":54,"column":28},"end":{"line":54,"column":54}},"type":"binary-expr","locations":[{"start":{"line":54,"column":28},"end":{"line":54,"column":54}},{"start":{"line":54,"column":58},"end":{"line":54,"column":104}}]},"7":{"loc":{"start":{"line":58,"column":20},"end":{"line":71,"column":null}},"type":"if","locations":[{"start":{"line":58,"column":20},"end":{"line":71,"column":null}},{"start":{"line":58,"column":20},"end":{"line":71,"column":null}}]},"8":{"loc":{"start":{"line":61,"column":24},"end":{"line":64,"column":null}},"type":"if","locations":[{"start":{"line":61,"column":24},"end":{"line":64,"column":null}},{"start":{"line":61,"column":24},"end":{"line":64,"column":null}}]},"9":{"loc":{"start":{"line":66,"column":27},"end":{"line":71,"column":null}},"type":"if","locations":[{"start":{"line":66,"column":27},"end":{"line":71,"column":null}},{"start":{"line":66,"column":27},"end":{"line":71,"column":null}}]},"10":{"loc":{"start":{"line":97,"column":8},"end":{"line":129,"column":null}},"type":"if","locations":[{"start":{"line":97,"column":8},"end":{"line":129,"column":null}},{"start":{"line":97,"column":8},"end":{"line":129,"column":null}}]},"11":{"loc":{"start":{"line":97,"column":12},"end":{"line":97,"column":45}},"type":"binary-expr","locations":[{"start":{"line":97,"column":12},"end":{"line":97,"column":45}},{"start":{"line":97,"column":49},"end":{"line":97,"column":59}}]},"12":{"loc":{"start":{"line":101,"column":12},"end":{"line":127,"column":null}},"type":"if","locations":[{"start":{"line":101,"column":12},"end":{"line":127,"column":null}},{"start":{"line":101,"column":12},"end":{"line":127,"column":null}}]},"13":{"loc":{"start":{"line":105,"column":20},"end":{"line":114,"column":null}},"type":"if","locations":[{"start":{"line":105,"column":20},"end":{"line":114,"column":null}},{"start":{"line":105,"column":20},"end":{"line":114,"column":null}}]},"14":{"loc":{"start":{"line":108,"column":24},"end":{"line":110,"column":null}},"type":"if","locations":[{"start":{"line":108,"column":24},"end":{"line":110,"column":null}},{"start":{"line":108,"column":24},"end":{"line":110,"column":null}}]},"15":{"loc":{"start":{"line":111,"column":24},"end":{"line":113,"column":null}},"type":"if","locations":[{"start":{"line":111,"column":24},"end":{"line":113,"column":null}},{"start":{"line":111,"column":24},"end":{"line":113,"column":null}}]},"16":{"loc":{"start":{"line":111,"column":28},"end":{"line":111,"column":53}},"type":"binary-expr","locations":[{"start":{"line":111,"column":28},"end":{"line":111,"column":53}},{"start":{"line":111,"column":57},"end":{"line":111,"column":102}}]},"17":{"loc":{"start":{"line":115,"column":20},"end":{"line":125,"column":null}},"type":"if","locations":[{"start":{"line":115,"column":20},"end":{"line":125,"column":null}},{"start":{"line":115,"column":20},"end":{"line":125,"column":null}}]},"18":{"loc":{"start":{"line":118,"column":24},"end":{"line":121,"column":null}},"type":"if","locations":[{"start":{"line":118,"column":24},"end":{"line":121,"column":null}},{"start":{"line":118,"column":24},"end":{"line":121,"column":null}}]},"19":{"loc":{"start":{"line":139,"column":82},"end":{"line":139,"column":102}},"type":"default-arg","locations":[{"start":{"line":139,"column":82},"end":{"line":139,"column":102}}]},"20":{"loc":{"start":{"line":146,"column":8},"end":{"line":148,"column":null}},"type":"if","locations":[{"start":{"line":146,"column":8},"end":{"line":148,"column":null}},{"start":{"line":146,"column":8},"end":{"line":148,"column":null}}]},"21":{"loc":{"start":{"line":149,"column":8},"end":{"line":155,"column":null}},"type":"if","locations":[{"start":{"line":149,"column":8},"end":{"line":155,"column":null}},{"start":{"line":149,"column":8},"end":{"line":155,"column":null}}]},"22":{"loc":{"start":{"line":152,"column":12},"end":{"line":154,"column":null}},"type":"if","locations":[{"start":{"line":152,"column":12},"end":{"line":154,"column":null}},{"start":{"line":152,"column":12},"end":{"line":154,"column":null}}]},"23":{"loc":{"start":{"line":152,"column":16},"end":{"line":152,"column":30}},"type":"binary-expr","locations":[{"start":{"line":152,"column":16},"end":{"line":152,"column":30}},{"start":{"line":152,"column":34},"end":{"line":152,"column":61}},{"start":{"line":152,"column":65},"end":{"line":152,"column":127}}]},"24":{"loc":{"start":{"line":158,"column":8},"end":{"line":160,"column":null}},"type":"if","locations":[{"start":{"line":158,"column":8},"end":{"line":160,"column":null}},{"start":{"line":158,"column":8},"end":{"line":160,"column":null}}]},"25":{"loc":{"start":{"line":158,"column":12},"end":{"line":158,"column":26}},"type":"binary-expr","locations":[{"start":{"line":158,"column":12},"end":{"line":158,"column":26}},{"start":{"line":158,"column":30},"end":{"line":158,"column":57}}]},"26":{"loc":{"start":{"line":164,"column":8},"end":{"line":171,"column":null}},"type":"if","locations":[{"start":{"line":164,"column":8},"end":{"line":171,"column":null}},{"start":{"line":164,"column":8},"end":{"line":171,"column":null}}]},"27":{"loc":{"start":{"line":167,"column":16},"end":{"line":169,"column":null}},"type":"if","locations":[{"start":{"line":167,"column":16},"end":{"line":169,"column":null}},{"start":{"line":167,"column":16},"end":{"line":169,"column":null}}]},"28":{"loc":{"start":{"line":173,"column":8},"end":{"line":178,"column":null}},"type":"if","locations":[{"start":{"line":173,"column":8},"end":{"line":178,"column":null}},{"start":{"line":173,"column":8},"end":{"line":178,"column":null}}]},"29":{"loc":{"start":{"line":175,"column":12},"end":{"line":177,"column":null}},"type":"if","locations":[{"start":{"line":175,"column":12},"end":{"line":177,"column":null}},{"start":{"line":175,"column":12},"end":{"line":177,"column":null}}]},"30":{"loc":{"start":{"line":180,"column":8},"end":{"line":185,"column":null}},"type":"if","locations":[{"start":{"line":180,"column":8},"end":{"line":185,"column":null}},{"start":{"line":180,"column":8},"end":{"line":185,"column":null}}]},"31":{"loc":{"start":{"line":182,"column":12},"end":{"line":184,"column":null}},"type":"if","locations":[{"start":{"line":182,"column":12},"end":{"line":184,"column":null}},{"start":{"line":182,"column":12},"end":{"line":184,"column":null}}]},"32":{"loc":{"start":{"line":187,"column":8},"end":{"line":189,"column":null}},"type":"if","locations":[{"start":{"line":187,"column":8},"end":{"line":189,"column":null}},{"start":{"line":187,"column":8},"end":{"line":189,"column":null}}]},"33":{"loc":{"start":{"line":187,"column":12},"end":{"line":187,"column":25}},"type":"binary-expr","locations":[{"start":{"line":187,"column":12},"end":{"line":187,"column":25}},{"start":{"line":187,"column":29},"end":{"line":187,"column":108}}]},"34":{"loc":{"start":{"line":191,"column":8},"end":{"line":193,"column":null}},"type":"if","locations":[{"start":{"line":191,"column":8},"end":{"line":193,"column":null}},{"start":{"line":191,"column":8},"end":{"line":193,"column":null}}]},"35":{"loc":{"start":{"line":191,"column":12},"end":{"line":191,"column":24}},"type":"binary-expr","locations":[{"start":{"line":191,"column":12},"end":{"line":191,"column":24}},{"start":{"line":191,"column":28},"end":{"line":191,"column":106}}]},"36":{"loc":{"start":{"line":196,"column":12},"end":{"line":198,"column":null}},"type":"if","locations":[{"start":{"line":196,"column":12},"end":{"line":198,"column":null}},{"start":{"line":196,"column":12},"end":{"line":198,"column":null}}]},"37":{"loc":{"start":{"line":196,"column":16},"end":{"line":196,"column":51}},"type":"binary-expr","locations":[{"start":{"line":196,"column":16},"end":{"line":196,"column":51}},{"start":{"line":196,"column":55},"end":{"line":196,"column":88}}]},"38":{"loc":{"start":{"line":216,"column":16},"end":{"line":239,"column":null}},"type":"if","locations":[{"start":{"line":216,"column":16},"end":{"line":239,"column":null}},{"start":{"line":216,"column":16},"end":{"line":239,"column":null}}]},"39":{"loc":{"start":{"line":216,"column":20},"end":{"line":216,"column":43}},"type":"binary-expr","locations":[{"start":{"line":216,"column":20},"end":{"line":216,"column":43}},{"start":{"line":216,"column":47},"end":{"line":216,"column":65}}]},"40":{"loc":{"start":{"line":218,"column":20},"end":{"line":237,"column":null}},"type":"if","locations":[{"start":{"line":218,"column":20},"end":{"line":237,"column":null}},{"start":{"line":218,"column":20},"end":{"line":237,"column":null}}]},"41":{"loc":{"start":{"line":221,"column":24},"end":{"line":223,"column":null}},"type":"if","locations":[{"start":{"line":221,"column":24},"end":{"line":223,"column":null}},{"start":{"line":221,"column":24},"end":{"line":223,"column":null}}]},"42":{"loc":{"start":{"line":226,"column":27},"end":{"line":237,"column":null}},"type":"if","locations":[{"start":{"line":226,"column":27},"end":{"line":237,"column":null}},{"start":{"line":226,"column":27},"end":{"line":237,"column":null}}]},"43":{"loc":{"start":{"line":229,"column":24},"end":{"line":231,"column":null}},"type":"if","locations":[{"start":{"line":229,"column":24},"end":{"line":231,"column":null}},{"start":{"line":229,"column":24},"end":{"line":231,"column":null}}]}},"s":{"0":41,"1":41,"2":41,"3":41,"4":41,"5":41,"6":41,"7":41,"8":41,"9":41,"10":41,"11":41,"12":541,"13":541,"14":541,"15":82,"16":82,"17":82,"18":82,"19":55,"20":27,"21":27,"22":29,"23":29,"24":13,"25":13,"26":13,"27":0,"28":13,"29":13,"30":16,"31":2,"32":2,"33":0,"34":0,"35":2,"36":14,"37":0,"38":14,"39":14,"40":459,"41":527,"42":527,"43":527,"44":164,"45":164,"46":164,"47":164,"48":143,"49":21,"50":23,"51":17,"52":17,"53":17,"54":1,"55":16,"56":14,"57":8,"58":6,"59":6,"60":4,"61":4,"62":2,"63":2,"64":6,"65":363,"66":8055,"67":8055,"68":8029,"69":8055,"70":8055,"71":8055,"72":101,"73":7954,"74":1057,"75":6897,"76":6897,"77":7014,"78":7014,"79":6352,"80":545,"81":541,"82":541,"83":13,"84":532,"85":527,"86":527,"87":14,"88":518,"89":69,"90":449,"91":113,"92":336,"93":336,"94":5,"95":0,"96":331,"97":18,"98":18,"99":18,"100":68,"101":1,"102":1,"103":1,"104":1,"105":1,"106":1,"107":0,"108":1,"109":1,"110":0,"111":0,"112":0,"113":0,"114":0,"115":0,"116":0,"117":0,"118":1,"119":18,"120":18,"121":41},"f":{"0":541,"1":527,"2":8055,"3":18},"b":{"0":[82,459],"1":[541,82],"2":[55,27],"3":[13,16],"4":[0,13],"5":[13,0],"6":[13,13],"7":[2,14],"8":[0,2],"9":[0,14],"10":[164,363],"11":[527,164],"12":[143,21],"13":[17,6],"14":[1,16],"15":[14,2],"16":[16,14],"17":[6,2],"18":[4,2],"19":[0],"20":[8029,26],"21":[8055,0],"22":[101,7954],"23":[8055,8055,1158],"24":[1057,6897],"25":[7954,7954],"26":[6897,0],"27":[6352,662],"28":[541,4],"29":[13,528],"30":[527,5],"31":[14,513],"32":[69,449],"33":[518,515],"34":[113,336],"35":[449,444],"36":[5,331],"37":[336,335],"38":[1,0],"39":[1,1],"40":[1,0],"41":[0,1],"42":[0,0],"43":[0,0]}}
}
