{"D:\\GitHub\\listManager\\src\\backend\\api\\trakt\\trakt-converter.ts": {"path":"D:\\GitHub\\listManager\\src\\backend\\api\\trakt\\trakt-converter.ts","statementMap":{"0":{"start":{"line":2,"column":0},"end":{"line":2,"column":68}},"1":{"start":{"line":3,"column":0},"end":{"line":3,"column":79}},"2":{"start":{"line":4,"column":0},"end":{"line":4,"column":81}},"3":{"start":{"line":5,"column":0},"end":{"line":5,"column":56}},"4":{"start":{"line":6,"column":0},"end":{"line":6,"column":69}},"5":{"start":{"line":7,"column":0},"end":{"line":7,"column":54}},"6":{"start":{"line":8,"column":0},"end":{"line":8,"column":67}},"7":{"start":{"line":9,"column":0},"end":{"line":9,"column":62}},"8":{"start":{"line":10,"column":0},"end":{"line":10,"column":70}},"9":{"start":{"line":11,"column":0},"end":{"line":11,"column":110}},"10":{"start":{"line":12,"column":0},"end":{"line":12,"column":114}},"11":{"start":{"line":13,"column":0},"end":{"line":13,"column":110}},"12":{"start":{"line":14,"column":0},"end":{"line":14,"column":90}},"13":{"start":{"line":15,"column":0},"end":{"line":15,"column":70}},"14":{"start":{"line":16,"column":0},"end":{"line":16,"column":41}},"15":{"start":{"line":17,"column":0},"end":{"line":17,"column":68}},"16":{"start":{"line":18,"column":0},"end":{"line":18,"column":49}},"17":{"start":{"line":24,"column":0},"end":{"line":24,"column":45}},"18":{"start":{"line":25,"column":0},"end":{"line":242,"column":4}},"19":{"start":{"line":27,"column":23},"end":{"line":27,"column":25}},"20":{"start":{"line":28,"column":8},"end":{"line":44,"column":null}},"21":{"start":{"line":29,"column":56},"end":{"line":29,"column":138}},"22":{"start":{"line":30,"column":12},"end":{"line":30,"column":98}},"23":{"start":{"line":31,"column":12},"end":{"line":31,"column":99}},"24":{"start":{"line":32,"column":12},"end":{"line":34,"column":null}},"25":{"start":{"line":33,"column":16},"end":{"line":33,"column":65}},"26":{"start":{"line":35,"column":12},"end":{"line":35,"column":48}},"27":{"start":{"line":36,"column":12},"end":{"line":38,"column":null}},"28":{"start":{"line":37,"column":16},"end":{"line":37,"column":106}},"29":{"start":{"line":39,"column":12},"end":{"line":39,"column":54}},"30":{"start":{"line":40,"column":12},"end":{"line":40,"column":61}},"31":{"start":{"line":41,"column":12},"end":{"line":41,"column":74}},"32":{"start":{"line":42,"column":12},"end":{"line":42,"column":68}},"33":{"start":{"line":43,"column":12},"end":{"line":43,"column":63}},"34":{"start":{"line":45,"column":8},"end":{"line":45,"column":22}},"35":{"start":{"line":49,"column":25},"end":{"line":49,"column":95}},"36":{"start":{"line":50,"column":8},"end":{"line":54,"column":null}},"37":{"start":{"line":51,"column":12},"end":{"line":51,"column":82}},"38":{"start":{"line":53,"column":12},"end":{"line":53,"column":30}},"39":{"start":{"line":56,"column":8},"end":{"line":56,"column":79}},"40":{"start":{"line":57,"column":8},"end":{"line":57,"column":41}},"41":{"start":{"line":58,"column":8},"end":{"line":58,"column":33}},"42":{"start":{"line":60,"column":23},"end":{"line":60,"column":56}},"43":{"start":{"line":61,"column":8},"end":{"line":68,"column":null}},"44":{"start":{"line":62,"column":12},"end":{"line":65,"column":null}},"45":{"start":{"line":63,"column":37},"end":{"line":63,"column":100}},"46":{"start":{"line":64,"column":16},"end":{"line":64,"column":55}},"47":{"start":{"line":67,"column":12},"end":{"line":67,"column":62}},"48":{"start":{"line":69,"column":8},"end":{"line":69,"column":22}},"49":{"start":{"line":73,"column":25},"end":{"line":73,"column":101}},"50":{"start":{"line":74,"column":8},"end":{"line":78,"column":null}},"51":{"start":{"line":75,"column":12},"end":{"line":75,"column":88}},"52":{"start":{"line":77,"column":12},"end":{"line":77,"column":30}},"53":{"start":{"line":79,"column":8},"end":{"line":79,"column":85}},"54":{"start":{"line":80,"column":8},"end":{"line":80,"column":47}},"55":{"start":{"line":81,"column":8},"end":{"line":81,"column":39}},"56":{"start":{"line":82,"column":8},"end":{"line":82,"column":45}},"57":{"start":{"line":84,"column":8},"end":{"line":84,"column":49}},"58":{"start":{"line":88,"column":50},"end":{"line":88,"column":52}},"59":{"start":{"line":89,"column":8},"end":{"line":92,"column":null}},"60":{"start":{"line":90,"column":32},"end":{"line":90,"column":95}},"61":{"start":{"line":90,"column":62},"end":{"line":90,"column":94}},"62":{"start":{"line":91,"column":12},"end":{"line":91,"column":64}},"63":{"start":{"line":93,"column":8},"end":{"line":93,"column":25}},"64":{"start":{"line":97,"column":25},"end":{"line":97,"column":99}},"65":{"start":{"line":98,"column":8},"end":{"line":98,"column":82}},"66":{"start":{"line":99,"column":8},"end":{"line":99,"column":83}},"67":{"start":{"line":101,"column":8},"end":{"line":101,"column":69}},"68":{"start":{"line":102,"column":8},"end":{"line":102,"column":44}},"69":{"start":{"line":103,"column":8},"end":{"line":103,"column":45}},"70":{"start":{"line":104,"column":8},"end":{"line":104,"column":37}},"71":{"start":{"line":105,"column":8},"end":{"line":105,"column":47}},"72":{"start":{"line":106,"column":8},"end":{"line":106,"column":52}},"73":{"start":{"line":107,"column":8},"end":{"line":111,"column":null}},"74":{"start":{"line":108,"column":12},"end":{"line":110,"column":null}},"75":{"start":{"line":109,"column":16},"end":{"line":109,"column":55}},"76":{"start":{"line":112,"column":8},"end":{"line":112,"column":59}},"77":{"start":{"line":113,"column":8},"end":{"line":120,"column":null}},"78":{"start":{"line":114,"column":12},"end":{"line":119,"column":null}},"79":{"start":{"line":115,"column":16},"end":{"line":115,"column":91}},"80":{"start":{"line":117,"column":16},"end":{"line":117,"column":80}},"81":{"start":{"line":118,"column":16},"end":{"line":118,"column":34}},"82":{"start":{"line":121,"column":36},"end":{"line":121,"column":69}},"83":{"start":{"line":122,"column":8},"end":{"line":124,"column":null}},"84":{"start":{"line":123,"column":12},"end":{"line":123,"column":119}},"85":{"start":{"line":125,"column":8},"end":{"line":127,"column":null}},"86":{"start":{"line":126,"column":12},"end":{"line":126,"column":104}},"87":{"start":{"line":128,"column":8},"end":{"line":130,"column":null}},"88":{"start":{"line":129,"column":12},"end":{"line":129,"column":104}},"89":{"start":{"line":132,"column":8},"end":{"line":132,"column":35}},"90":{"start":{"line":136,"column":44},"end":{"line":136,"column":46}},"91":{"start":{"line":137,"column":8},"end":{"line":165,"column":null}},"92":{"start":{"line":138,"column":31},"end":{"line":138,"column":153}},"93":{"start":{"line":139,"column":12},"end":{"line":164,"column":null}},"94":{"start":{"line":140,"column":16},"end":{"line":151,"column":null}},"95":{"start":{"line":141,"column":20},"end":{"line":143,"column":null}},"96":{"start":{"line":142,"column":24},"end":{"line":142,"column":57}},"97":{"start":{"line":144,"column":40},"end":{"line":144,"column":91}},"98":{"start":{"line":145,"column":20},"end":{"line":145,"column":74}},"99":{"start":{"line":146,"column":20},"end":{"line":146,"column":70}},"100":{"start":{"line":147,"column":20},"end":{"line":149,"column":null}},"101":{"start":{"line":148,"column":24},"end":{"line":148,"column":63}},"102":{"start":{"line":150,"column":20},"end":{"line":150,"column":55}},"103":{"start":{"line":152,"column":19},"end":{"line":164,"column":null}},"104":{"start":{"line":153,"column":16},"end":{"line":163,"column":null}},"105":{"start":{"line":153,"column":33},"end":{"line":153,"column":34}},"106":{"start":{"line":154,"column":20},"end":{"line":156,"column":null}},"107":{"start":{"line":155,"column":24},"end":{"line":155,"column":57}},"108":{"start":{"line":157,"column":40},"end":{"line":157,"column":82}},"109":{"start":{"line":158,"column":20},"end":{"line":160,"column":null}},"110":{"start":{"line":159,"column":24},"end":{"line":159,"column":63}},"111":{"start":{"line":161,"column":20},"end":{"line":161,"column":55}},"112":{"start":{"line":166,"column":8},"end":{"line":166,"column":32}},"113":{"start":{"line":170,"column":32},"end":{"line":170,"column":141}},"114":{"start":{"line":170,"column":75},"end":{"line":170,"column":140}},"115":{"start":{"line":171,"column":29},"end":{"line":171,"column":68}},"116":{"start":{"line":172,"column":8},"end":{"line":196,"column":null}},"117":{"start":{"line":174,"column":45},"end":{"line":174,"column":47}},"118":{"start":{"line":176,"column":12},"end":{"line":176,"column":53}},"119":{"start":{"line":178,"column":49},"end":{"line":183,"column":14}},"120":{"start":{"line":185,"column":35},"end":{"line":188,"column":14}},"121":{"start":{"line":190,"column":12},"end":{"line":190,"column":47}},"122":{"start":{"line":192,"column":53},"end":{"line":194,"column":14}},"123":{"start":{"line":195,"column":12},"end":{"line":195,"column":35}},"124":{"start":{"line":197,"column":8},"end":{"line":197,"column":42}},"125":{"start":{"line":201,"column":32},"end":{"line":201,"column":141}},"126":{"start":{"line":201,"column":75},"end":{"line":201,"column":140}},"127":{"start":{"line":202,"column":27},"end":{"line":202,"column":66}},"128":{"start":{"line":203,"column":8},"end":{"line":239,"column":null}},"129":{"start":{"line":205,"column":45},"end":{"line":205,"column":47}},"130":{"start":{"line":206,"column":32},"end":{"line":206,"column":76}},"131":{"start":{"line":208,"column":49},"end":{"line":214,"column":14}},"132":{"start":{"line":215,"column":12},"end":{"line":234,"column":null}},"133":{"start":{"line":215,"column":25},"end":{"line":215,"column":26}},"134":{"start":{"line":217,"column":16},"end":{"line":225,"column":null}},"135":{"start":{"line":217,"column":33},"end":{"line":217,"column":34}},"136":{"start":{"line":218,"column":20},"end":{"line":224,"column":null}},"137":{"start":{"line":219,"column":24},"end":{"line":221,"column":null}},"138":{"start":{"line":219,"column":105},"end":{"line":219,"column":124}},"139":{"start":{"line":220,"column":28},"end":{"line":220,"column":61}},"140":{"start":{"line":223,"column":24},"end":{"line":223,"column":57}},"141":{"start":{"line":226,"column":39},"end":{"line":229,"column":18}},"142":{"start":{"line":231,"column":16},"end":{"line":231,"column":51}},"143":{"start":{"line":233,"column":16},"end":{"line":233,"column":31}},"144":{"start":{"line":235,"column":53},"end":{"line":237,"column":14}},"145":{"start":{"line":238,"column":12},"end":{"line":238,"column":35}},"146":{"start":{"line":240,"column":8},"end":{"line":240,"column":42}}},"fnMap":{"0":{"name":"(anonymous_0)","decl":{"start":{"line":26,"column":11},"end":{"line":26,"column":16}},"loc":{"start":{"line":26,"column":77},"end":{"line":46,"column":5}}},"1":{"name":"(anonymous_1)","decl":{"start":{"line":48,"column":11},"end":{"line":48,"column":16}},"loc":{"start":{"line":48,"column":64},"end":{"line":70,"column":5}}},"2":{"name":"(anonymous_2)","decl":{"start":{"line":72,"column":11},"end":{"line":72,"column":16}},"loc":{"start":{"line":72,"column":72},"end":{"line":85,"column":5}}},"3":{"name":"(anonymous_3)","decl":{"start":{"line":87,"column":11},"end":{"line":87,"column":48}},"loc":{"start":{"line":87,"column":126},"end":{"line":94,"column":5}}},"4":{"name":"(anonymous_4)","decl":{"start":{"line":90,"column":55},"end":{"line":90,"column":56}},"loc":{"start":{"line":90,"column":62},"end":{"line":90,"column":94}}},"5":{"name":"(anonymous_5)","decl":{"start":{"line":96,"column":11},"end":{"line":96,"column":16}},"loc":{"start":{"line":96,"column":107},"end":{"line":133,"column":5}}},"6":{"name":"(anonymous_6)","decl":{"start":{"line":135,"column":11},"end":{"line":135,"column":16}},"loc":{"start":{"line":135,"column":75},"end":{"line":167,"column":5}}},"7":{"name":"(anonymous_7)","decl":{"start":{"line":169,"column":11},"end":{"line":169,"column":16}},"loc":{"start":{"line":169,"column":88},"end":{"line":198,"column":5}}},"8":{"name":"(anonymous_8)","decl":{"start":{"line":170,"column":68},"end":{"line":170,"column":69}},"loc":{"start":{"line":170,"column":75},"end":{"line":170,"column":140}}},"9":{"name":"(anonymous_9)","decl":{"start":{"line":200,"column":11},"end":{"line":200,"column":16}},"loc":{"start":{"line":200,"column":85},"end":{"line":241,"column":5}}},"10":{"name":"(anonymous_10)","decl":{"start":{"line":201,"column":68},"end":{"line":201,"column":69}},"loc":{"start":{"line":201,"column":75},"end":{"line":201,"column":140}}},"11":{"name":"(anonymous_11)","decl":{"start":{"line":219,"column":98},"end":{"line":219,"column":99}},"loc":{"start":{"line":219,"column":105},"end":{"line":219,"column":124}}}},"branchMap":{"0":{"loc":{"start":{"line":32,"column":12},"end":{"line":34,"column":null}},"type":"if","locations":[{"start":{"line":32,"column":12},"end":{"line":34,"column":null}},{"start":{"line":32,"column":12},"end":{"line":34,"column":null}}]},"1":{"loc":{"start":{"line":62,"column":12},"end":{"line":65,"column":null}},"type":"if","locations":[{"start":{"line":62,"column":12},"end":{"line":65,"column":null}},{"start":{"line":62,"column":12},"end":{"line":65,"column":null}}]},"2":{"loc":{"start":{"line":107,"column":8},"end":{"line":111,"column":null}},"type":"if","locations":[{"start":{"line":107,"column":8},"end":{"line":111,"column":null}},{"start":{"line":107,"column":8},"end":{"line":111,"column":null}}]},"3":{"loc":{"start":{"line":107,"column":12},"end":{"line":107,"column":27}},"type":"binary-expr","locations":[{"start":{"line":107,"column":12},"end":{"line":107,"column":27}},{"start":{"line":107,"column":31},"end":{"line":107,"column":61}}]},"4":{"loc":{"start":{"line":113,"column":8},"end":{"line":120,"column":null}},"type":"if","locations":[{"start":{"line":113,"column":8},"end":{"line":120,"column":null}},{"start":{"line":113,"column":8},"end":{"line":120,"column":null}}]},"5":{"loc":{"start":{"line":122,"column":8},"end":{"line":124,"column":null}},"type":"if","locations":[{"start":{"line":122,"column":8},"end":{"line":124,"column":null}},{"start":{"line":122,"column":8},"end":{"line":124,"column":null}}]},"6":{"loc":{"start":{"line":125,"column":8},"end":{"line":127,"column":null}},"type":"if","locations":[{"start":{"line":125,"column":8},"end":{"line":127,"column":null}},{"start":{"line":125,"column":8},"end":{"line":127,"column":null}}]},"7":{"loc":{"start":{"line":128,"column":8},"end":{"line":130,"column":null}},"type":"if","locations":[{"start":{"line":128,"column":8},"end":{"line":130,"column":null}},{"start":{"line":128,"column":8},"end":{"line":130,"column":null}}]},"8":{"loc":{"start":{"line":138,"column":50},"end":{"line":138,"column":148}},"type":"cond-expr","locations":[{"start":{"line":138,"column":50},"end":{"line":138,"column":148}},{"start":{"line":138,"column":151},"end":{"line":138,"column":153}}]},"9":{"loc":{"start":{"line":139,"column":12},"end":{"line":164,"column":null}},"type":"if","locations":[{"start":{"line":139,"column":12},"end":{"line":164,"column":null}},{"start":{"line":139,"column":12},"end":{"line":164,"column":null}}]},"10":{"loc":{"start":{"line":141,"column":20},"end":{"line":143,"column":null}},"type":"if","locations":[{"start":{"line":141,"column":20},"end":{"line":143,"column":null}},{"start":{"line":141,"column":20},"end":{"line":143,"column":null}}]},"11":{"loc":{"start":{"line":141,"column":24},"end":{"line":141,"column":50}},"type":"binary-expr","locations":[{"start":{"line":141,"column":24},"end":{"line":141,"column":50}},{"start":{"line":141,"column":54},"end":{"line":141,"column":90}}]},"12":{"loc":{"start":{"line":147,"column":20},"end":{"line":149,"column":null}},"type":"if","locations":[{"start":{"line":147,"column":20},"end":{"line":149,"column":null}},{"start":{"line":147,"column":20},"end":{"line":149,"column":null}}]},"13":{"loc":{"start":{"line":147,"column":24},"end":{"line":147,"column":40}},"type":"binary-expr","locations":[{"start":{"line":147,"column":24},"end":{"line":147,"column":40}},{"start":{"line":147,"column":44},"end":{"line":147,"column":94}}]},"14":{"loc":{"start":{"line":152,"column":19},"end":{"line":164,"column":null}},"type":"if","locations":[{"start":{"line":152,"column":19},"end":{"line":164,"column":null}},{"start":{"line":152,"column":19},"end":{"line":164,"column":null}}]},"15":{"loc":{"start":{"line":154,"column":20},"end":{"line":156,"column":null}},"type":"if","locations":[{"start":{"line":154,"column":20},"end":{"line":156,"column":null}},{"start":{"line":154,"column":20},"end":{"line":156,"column":null}}]},"16":{"loc":{"start":{"line":154,"column":24},"end":{"line":154,"column":50}},"type":"binary-expr","locations":[{"start":{"line":154,"column":24},"end":{"line":154,"column":50}},{"start":{"line":154,"column":54},"end":{"line":154,"column":90}}]},"17":{"loc":{"start":{"line":158,"column":20},"end":{"line":160,"column":null}},"type":"if","locations":[{"start":{"line":158,"column":20},"end":{"line":160,"column":null}},{"start":{"line":158,"column":20},"end":{"line":160,"column":null}}]},"18":{"loc":{"start":{"line":158,"column":24},"end":{"line":158,"column":40}},"type":"binary-expr","locations":[{"start":{"line":158,"column":24},"end":{"line":158,"column":40}},{"start":{"line":158,"column":44},"end":{"line":158,"column":80}}]},"19":{"loc":{"start":{"line":172,"column":8},"end":{"line":196,"column":null}},"type":"if","locations":[{"start":{"line":172,"column":8},"end":{"line":196,"column":null}},{"start":{"line":172,"column":8},"end":{"line":196,"column":null}}]},"20":{"loc":{"start":{"line":172,"column":12},"end":{"line":172,"column":50}},"type":"binary-expr","locations":[{"start":{"line":172,"column":12},"end":{"line":172,"column":50}},{"start":{"line":172,"column":54},"end":{"line":172,"column":66}}]},"21":{"loc":{"start":{"line":203,"column":8},"end":{"line":239,"column":null}},"type":"if","locations":[{"start":{"line":203,"column":8},"end":{"line":239,"column":null}},{"start":{"line":203,"column":8},"end":{"line":239,"column":null}}]},"22":{"loc":{"start":{"line":203,"column":12},"end":{"line":203,"column":27}},"type":"binary-expr","locations":[{"start":{"line":203,"column":12},"end":{"line":203,"column":27}},{"start":{"line":203,"column":31},"end":{"line":203,"column":43}}]},"23":{"loc":{"start":{"line":206,"column":32},"end":{"line":206,"column":56}},"type":"binary-expr","locations":[{"start":{"line":206,"column":32},"end":{"line":206,"column":56}},{"start":{"line":206,"column":60},"end":{"line":206,"column":76}}]},"24":{"loc":{"start":{"line":217,"column":37},"end":{"line":217,"column":65}},"type":"binary-expr","locations":[{"start":{"line":217,"column":37},"end":{"line":217,"column":65}},{"start":{"line":217,"column":69},"end":{"line":217,"column":92}},{"start":{"line":217,"column":96},"end":{"line":217,"column":120}}]},"25":{"loc":{"start":{"line":218,"column":20},"end":{"line":224,"column":null}},"type":"if","locations":[{"start":{"line":218,"column":20},"end":{"line":224,"column":null}},{"start":{"line":218,"column":20},"end":{"line":224,"column":null}}]},"26":{"loc":{"start":{"line":219,"column":24},"end":{"line":221,"column":null}},"type":"if","locations":[{"start":{"line":219,"column":24},"end":{"line":221,"column":null}},{"start":{"line":219,"column":24},"end":{"line":221,"column":null}}]},"27":{"loc":{"start":{"line":219,"column":28},"end":{"line":219,"column":54}},"type":"binary-expr","locations":[{"start":{"line":219,"column":28},"end":{"line":219,"column":54}},{"start":{"line":219,"column":58},"end":{"line":219,"column":132}}]}},"s":{"0":40,"1":40,"2":40,"3":40,"4":40,"5":40,"6":40,"7":40,"8":40,"9":40,"10":40,"11":40,"12":40,"13":40,"14":40,"15":40,"16":40,"17":40,"18":40,"19":0,"20":0,"21":0,"22":0,"23":0,"24":0,"25":0,"26":0,"27":0,"28":0,"29":0,"30":0,"31":0,"32":0,"33":0,"34":0,"35":21,"36":21,"37":21,"38":0,"39":21,"40":21,"41":21,"42":21,"43":21,"44":21,"45":21,"46":21,"47":0,"48":21,"49":18,"50":18,"51":18,"52":0,"53":18,"54":18,"55":18,"56":18,"57":18,"58":8,"59":8,"60":27,"61":81,"62":27,"63":8,"64":8,"65":8,"66":8,"67":8,"68":8,"69":8,"70":8,"71":8,"72":8,"73":8,"74":8,"75":35,"76":8,"77":8,"78":8,"79":8,"80":0,"81":0,"82":8,"83":8,"84":8,"85":8,"86":8,"87":8,"88":8,"89":8,"90":8,"91":8,"92":27,"93":27,"94":27,"95":336,"96":7,"97":336,"98":336,"99":336,"100":336,"101":109,"102":336,"103":0,"104":0,"105":0,"106":0,"107":0,"108":0,"109":0,"110":0,"111":0,"112":8,"113":0,"114":0,"115":0,"116":0,"117":0,"118":0,"119":0,"120":0,"121":0,"122":0,"123":0,"124":0,"125":0,"126":0,"127":0,"128":0,"129":0,"130":0,"131":0,"132":0,"133":0,"134":0,"135":0,"136":0,"137":0,"138":0,"139":0,"140":0,"141":0,"142":0,"143":0,"144":0,"145":0,"146":0},"f":{"0":0,"1":21,"2":18,"3":8,"4":81,"5":8,"6":8,"7":0,"8":0,"9":0,"10":0,"11":0},"b":{"0":[0,0],"1":[21,0],"2":[8,0],"3":[8,8],"4":[8,0],"5":[8,0],"6":[8,0],"7":[8,0],"8":[27,0],"9":[27,0],"10":[7,329],"11":[336,329],"12":[109,227],"13":[336,336],"14":[0,0],"15":[0,0],"16":[0,0],"17":[0,0],"18":[0,0],"19":[0,0],"20":[0,0],"21":[0,0],"22":[0,0],"23":[0,0],"24":[0,0,0],"25":[0,0],"26":[0,0],"27":[0,0]}}
,"D:\\GitHub\\listManager\\src\\backend\\controller\\main-list-manager\\main-list-manager.ts": {"path":"D:\\GitHub\\listManager\\src\\backend\\controller\\main-list-manager\\main-list-manager.ts","statementMap":{"0":{"start":{"line":1,"column":0},"end":{"line":1,"column":101}},"1":{"start":{"line":2,"column":0},"end":{"line":2,"column":57}},"2":{"start":{"line":3,"column":0},"end":{"line":3,"column":41}},"3":{"start":{"line":4,"column":0},"end":{"line":4,"column":52}},"4":{"start":{"line":5,"column":0},"end":{"line":5,"column":39}},"5":{"start":{"line":6,"column":0},"end":{"line":6,"column":48}},"6":{"start":{"line":7,"column":0},"end":{"line":7,"column":52}},"7":{"start":{"line":17,"column":8},"end":{"line":17,"column":41}},"8":{"start":{"line":18,"column":25},"end":{"line":18,"column":47}},"9":{"start":{"line":19,"column":24},"end":{"line":19,"column":26}},"10":{"start":{"line":20,"column":8},"end":{"line":54,"column":null}},"11":{"start":{"line":21,"column":34},"end":{"line":21,"column":92}},"12":{"start":{"line":22,"column":12},"end":{"line":42,"column":null}},"13":{"start":{"line":23,"column":16},"end":{"line":39,"column":null}},"14":{"start":{"line":24,"column":20},"end":{"line":38,"column":null}},"15":{"start":{"line":25,"column":24},"end":{"line":28,"column":null}},"16":{"start":{"line":26,"column":28},"end":{"line":26,"column":65}},"17":{"start":{"line":27,"column":28},"end":{"line":27,"column":40}},"18":{"start":{"line":29,"column":24},"end":{"line":31,"column":null}},"19":{"start":{"line":30,"column":28},"end":{"line":30,"column":73}},"20":{"start":{"line":33,"column":24},"end":{"line":33,"column":85}},"21":{"start":{"line":34,"column":24},"end":{"line":34,"column":66}},"22":{"start":{"line":35,"column":24},"end":{"line":35,"column":94}},"23":{"start":{"line":37,"column":24},"end":{"line":37,"column":42}},"24":{"start":{"line":41,"column":16},"end":{"line":41,"column":37}},"25":{"start":{"line":43,"column":12},"end":{"line":45,"column":null}},"26":{"start":{"line":44,"column":16},"end":{"line":44,"column":37}},"27":{"start":{"line":46,"column":12},"end":{"line":48,"column":null}},"28":{"start":{"line":47,"column":16},"end":{"line":47,"column":81}},"29":{"start":{"line":49,"column":12},"end":{"line":49,"column":114}},"30":{"start":{"line":50,"column":12},"end":{"line":50,"column":54}},"31":{"start":{"line":52,"column":12},"end":{"line":52,"column":30}},"32":{"start":{"line":53,"column":12},"end":{"line":53,"column":25}},"33":{"start":{"line":55,"column":8},"end":{"line":55,"column":20}},"34":{"start":{"line":59,"column":8},"end":{"line":59,"column":73}},"35":{"start":{"line":60,"column":26},"end":{"line":60,"column":89}},"36":{"start":{"line":61,"column":8},"end":{"line":69,"column":null}},"37":{"start":{"line":62,"column":33},"end":{"line":62,"column":68}},"38":{"start":{"line":63,"column":12},"end":{"line":65,"column":null}},"39":{"start":{"line":64,"column":16},"end":{"line":64,"column":77}},"40":{"start":{"line":66,"column":31},"end":{"line":66,"column":90}},"41":{"start":{"line":67,"column":12},"end":{"line":67,"column":38}},"42":{"start":{"line":68,"column":12},"end":{"line":68,"column":61}},"43":{"start":{"line":70,"column":8},"end":{"line":81,"column":null}},"44":{"start":{"line":71,"column":35},"end":{"line":71,"column":100}},"45":{"start":{"line":72,"column":12},"end":{"line":80,"column":null}},"46":{"start":{"line":73,"column":47},"end":{"line":73,"column":89}},"47":{"start":{"line":74,"column":16},"end":{"line":76,"column":null}},"48":{"start":{"line":75,"column":20},"end":{"line":75,"column":101}},"49":{"start":{"line":77,"column":45},"end":{"line":77,"column":114}},"50":{"start":{"line":78,"column":16},"end":{"line":78,"column":52}},"51":{"start":{"line":79,"column":16},"end":{"line":79,"column":82}},"52":{"start":{"line":88,"column":8},"end":{"line":90,"column":null}},"53":{"start":{"line":89,"column":12},"end":{"line":89,"column":19}},"54":{"start":{"line":91,"column":8},"end":{"line":91,"column":102}},"55":{"start":{"line":92,"column":45},"end":{"line":92,"column":71}},"56":{"start":{"line":93,"column":8},"end":{"line":93,"column":45}},"57":{"start":{"line":94,"column":8},"end":{"line":123,"column":null}},"58":{"start":{"line":95,"column":12},"end":{"line":95,"column":71}},"59":{"start":{"line":96,"column":12},"end":{"line":96,"column":106}},"60":{"start":{"line":97,"column":12},"end":{"line":97,"column":42}},"61":{"start":{"line":98,"column":12},"end":{"line":118,"column":null}},"62":{"start":{"line":98,"column":31},"end":{"line":98,"column":32}},"63":{"start":{"line":99,"column":16},"end":{"line":114,"column":null}},"64":{"start":{"line":100,"column":34},"end":{"line":100,"column":56}},"65":{"start":{"line":104,"column":20},"end":{"line":104,"column":45}},"66":{"start":{"line":105,"column":20},"end":{"line":109,"column":null}},"67":{"start":{"line":106,"column":24},"end":{"line":106,"column":48}},"68":{"start":{"line":108,"column":24},"end":{"line":108,"column":45}},"69":{"start":{"line":110,"column":20},"end":{"line":110,"column":85}},"70":{"start":{"line":111,"column":20},"end":{"line":111,"column":68}},"71":{"start":{"line":113,"column":20},"end":{"line":113,"column":38}},"72":{"start":{"line":115,"column":16},"end":{"line":117,"column":null}},"73":{"start":{"line":116,"column":20},"end":{"line":116,"column":44}},"74":{"start":{"line":119,"column":12},"end":{"line":119,"column":68}},"75":{"start":{"line":120,"column":12},"end":{"line":120,"column":113}},"76":{"start":{"line":122,"column":12},"end":{"line":122,"column":30}},"77":{"start":{"line":124,"column":8},"end":{"line":124,"column":46}},"78":{"start":{"line":129,"column":21},"end":{"line":129,"column":26}},"79":{"start":{"line":130,"column":8},"end":{"line":136,"column":null}},"80":{"start":{"line":131,"column":28},"end":{"line":131,"column":109}},"81":{"start":{"line":132,"column":28},"end":{"line":132,"column":111}},"82":{"start":{"line":133,"column":12},"end":{"line":133,"column":40}},"83":{"start":{"line":135,"column":12},"end":{"line":135,"column":103}},"84":{"start":{"line":137,"column":8},"end":{"line":137,"column":22}},"85":{"start":{"line":141,"column":8},"end":{"line":141,"column":41}},"86":{"start":{"line":142,"column":8},"end":{"line":144,"column":null}},"87":{"start":{"line":143,"column":12},"end":{"line":143,"column":44}},"88":{"start":{"line":145,"column":8},"end":{"line":145,"column":79}},"89":{"start":{"line":146,"column":22},"end":{"line":146,"column":76}},"90":{"start":{"line":147,"column":8},"end":{"line":153,"column":null}},"91":{"start":{"line":148,"column":28},"end":{"line":148,"column":39}},"92":{"start":{"line":149,"column":22},"end":{"line":149,"column":26}},"93":{"start":{"line":150,"column":12},"end":{"line":150,"column":65}},"94":{"start":{"line":151,"column":12},"end":{"line":151,"column":45}},"95":{"start":{"line":152,"column":12},"end":{"line":152,"column":42}},"96":{"start":{"line":154,"column":8},"end":{"line":154,"column":21}},"97":{"start":{"line":161,"column":8},"end":{"line":161,"column":41}},"98":{"start":{"line":162,"column":8},"end":{"line":168,"column":null}},"99":{"start":{"line":163,"column":24},"end":{"line":163,"column":84}},"100":{"start":{"line":164,"column":12},"end":{"line":164,"column":89}},"101":{"start":{"line":165,"column":12},"end":{"line":165,"column":23}},"102":{"start":{"line":167,"column":12},"end":{"line":167,"column":44}},"103":{"start":{"line":177,"column":8},"end":{"line":181,"column":null}},"104":{"start":{"line":178,"column":12},"end":{"line":178,"column":68}},"105":{"start":{"line":178,"column":49},"end":{"line":178,"column":66}},"106":{"start":{"line":180,"column":12},"end":{"line":180,"column":93}},"107":{"start":{"line":180,"column":74},"end":{"line":180,"column":91}},"108":{"start":{"line":185,"column":8},"end":{"line":185,"column":58}},"109":{"start":{"line":194,"column":8},"end":{"line":197,"column":null}},"110":{"start":{"line":195,"column":12},"end":{"line":195,"column":65}},"111":{"start":{"line":196,"column":12},"end":{"line":196,"column":46}},"112":{"start":{"line":8,"column":0},"end":{"line":8,"column":21}},"113":{"start":{"line":188,"column":19},"end":{"line":188,"column":43}},"114":{"start":{"line":189,"column":19},"end":{"line":189,"column":38}},"115":{"start":{"line":190,"column":19},"end":{"line":190,"column":41}},"116":{"start":{"line":191,"column":19},"end":{"line":191,"column":45}}},"fnMap":{"0":{"name":"(anonymous_0)","decl":{"start":{"line":16,"column":11},"end":{"line":16,"column":17}},"loc":{"start":{"line":16,"column":81},"end":{"line":56,"column":5}}},"1":{"name":"(anonymous_1)","decl":{"start":{"line":58,"column":11},"end":{"line":58,"column":17}},"loc":{"start":{"line":58,"column":56},"end":{"line":82,"column":5}}},"2":{"name":"(anonymous_2)","decl":{"start":{"line":87,"column":11},"end":{"line":87,"column":17}},"loc":{"start":{"line":87,"column":41},"end":{"line":125,"column":5}}},"3":{"name":"(anonymous_3)","decl":{"start":{"line":128,"column":11},"end":{"line":128,"column":17}},"loc":{"start":{"line":128,"column":87},"end":{"line":138,"column":5}}},"4":{"name":"(anonymous_4)","decl":{"start":{"line":140,"column":11},"end":{"line":140,"column":17}},"loc":{"start":{"line":140,"column":100},"end":{"line":155,"column":5}}},"5":{"name":"(anonymous_5)","decl":{"start":{"line":160,"column":11},"end":{"line":160,"column":17}},"loc":{"start":{"line":160,"column":35},"end":{"line":169,"column":5}}},"6":{"name":"(anonymous_6)","decl":{"start":{"line":176,"column":11},"end":{"line":176,"column":17}},"loc":{"start":{"line":176,"column":99},"end":{"line":182,"column":5}}},"7":{"name":"(anonymous_7)","decl":{"start":{"line":178,"column":42},"end":{"line":178,"column":43}},"loc":{"start":{"line":178,"column":49},"end":{"line":178,"column":66}}},"8":{"name":"(anonymous_8)","decl":{"start":{"line":180,"column":67},"end":{"line":180,"column":68}},"loc":{"start":{"line":180,"column":74},"end":{"line":180,"column":91}}},"9":{"name":"(anonymous_9)","decl":{"start":{"line":184,"column":11},"end":{"line":184,"column":17}},"loc":{"start":{"line":184,"column":43},"end":{"line":186,"column":5}}},"10":{"name":"(anonymous_10)","decl":{"start":{"line":193,"column":12},"end":{"line":193,"column":18}},"loc":{"start":{"line":193,"column":44},"end":{"line":198,"column":5}}}},"branchMap":{"0":{"loc":{"start":{"line":16,"column":76},"end":{"line":16,"column":81}},"type":"default-arg","locations":[{"start":{"line":16,"column":76},"end":{"line":16,"column":81}}]},"1":{"loc":{"start":{"line":22,"column":12},"end":{"line":42,"column":null}},"type":"if","locations":[{"start":{"line":22,"column":12},"end":{"line":42,"column":null}},{"start":{"line":22,"column":12},"end":{"line":42,"column":null}}]},"2":{"loc":{"start":{"line":25,"column":24},"end":{"line":28,"column":null}},"type":"if","locations":[{"start":{"line":25,"column":24},"end":{"line":28,"column":null}},{"start":{"line":25,"column":24},"end":{"line":28,"column":null}}]},"3":{"loc":{"start":{"line":29,"column":24},"end":{"line":31,"column":null}},"type":"if","locations":[{"start":{"line":29,"column":24},"end":{"line":31,"column":null}},{"start":{"line":29,"column":24},"end":{"line":31,"column":null}}]},"4":{"loc":{"start":{"line":43,"column":12},"end":{"line":45,"column":null}},"type":"if","locations":[{"start":{"line":43,"column":12},"end":{"line":45,"column":null}},{"start":{"line":43,"column":12},"end":{"line":45,"column":null}}]},"5":{"loc":{"start":{"line":46,"column":12},"end":{"line":48,"column":null}},"type":"if","locations":[{"start":{"line":46,"column":12},"end":{"line":48,"column":null}},{"start":{"line":46,"column":12},"end":{"line":48,"column":null}}]},"6":{"loc":{"start":{"line":61,"column":8},"end":{"line":69,"column":null}},"type":"if","locations":[{"start":{"line":61,"column":8},"end":{"line":69,"column":null}},{"start":{"line":61,"column":8},"end":{"line":69,"column":null}}]},"7":{"loc":{"start":{"line":63,"column":12},"end":{"line":65,"column":null}},"type":"if","locations":[{"start":{"line":63,"column":12},"end":{"line":65,"column":null}},{"start":{"line":63,"column":12},"end":{"line":65,"column":null}}]},"8":{"loc":{"start":{"line":70,"column":8},"end":{"line":81,"column":null}},"type":"if","locations":[{"start":{"line":70,"column":8},"end":{"line":81,"column":null}},{"start":{"line":70,"column":8},"end":{"line":81,"column":null}}]},"9":{"loc":{"start":{"line":72,"column":12},"end":{"line":80,"column":null}},"type":"if","locations":[{"start":{"line":72,"column":12},"end":{"line":80,"column":null}},{"start":{"line":72,"column":12},"end":{"line":80,"column":null}}]},"10":{"loc":{"start":{"line":74,"column":16},"end":{"line":76,"column":null}},"type":"if","locations":[{"start":{"line":74,"column":16},"end":{"line":76,"column":null}},{"start":{"line":74,"column":16},"end":{"line":76,"column":null}}]},"11":{"loc":{"start":{"line":88,"column":8},"end":{"line":90,"column":null}},"type":"if","locations":[{"start":{"line":88,"column":8},"end":{"line":90,"column":null}},{"start":{"line":88,"column":8},"end":{"line":90,"column":null}}]},"12":{"loc":{"start":{"line":115,"column":16},"end":{"line":117,"column":null}},"type":"if","locations":[{"start":{"line":115,"column":16},"end":{"line":117,"column":null}},{"start":{"line":115,"column":16},"end":{"line":117,"column":null}}]},"13":{"loc":{"start":{"line":128,"column":82},"end":{"line":128,"column":87}},"type":"default-arg","locations":[{"start":{"line":128,"column":82},"end":{"line":128,"column":87}}]},"14":{"loc":{"start":{"line":130,"column":8},"end":{"line":136,"column":null}},"type":"if","locations":[{"start":{"line":130,"column":8},"end":{"line":136,"column":null}},{"start":{"line":130,"column":8},"end":{"line":136,"column":null}}]},"15":{"loc":{"start":{"line":133,"column":20},"end":{"line":133,"column":27}},"type":"binary-expr","locations":[{"start":{"line":133,"column":20},"end":{"line":133,"column":27}},{"start":{"line":133,"column":31},"end":{"line":133,"column":38}}]},"16":{"loc":{"start":{"line":140,"column":78},"end":{"line":140,"column":83}},"type":"default-arg","locations":[{"start":{"line":140,"column":78},"end":{"line":140,"column":83}}]},"17":{"loc":{"start":{"line":142,"column":8},"end":{"line":144,"column":null}},"type":"if","locations":[{"start":{"line":142,"column":8},"end":{"line":144,"column":null}},{"start":{"line":142,"column":8},"end":{"line":144,"column":null}}]},"18":{"loc":{"start":{"line":147,"column":8},"end":{"line":153,"column":null}},"type":"if","locations":[{"start":{"line":147,"column":8},"end":{"line":153,"column":null}},{"start":{"line":147,"column":8},"end":{"line":153,"column":null}}]},"19":{"loc":{"start":{"line":162,"column":8},"end":{"line":168,"column":null}},"type":"if","locations":[{"start":{"line":162,"column":8},"end":{"line":168,"column":null}},{"start":{"line":162,"column":8},"end":{"line":168,"column":null}}]},"20":{"loc":{"start":{"line":177,"column":8},"end":{"line":181,"column":null}},"type":"if","locations":[{"start":{"line":177,"column":8},"end":{"line":181,"column":null}},{"start":{"line":177,"column":8},"end":{"line":181,"column":null}}]},"21":{"loc":{"start":{"line":194,"column":8},"end":{"line":197,"column":null}},"type":"if","locations":[{"start":{"line":194,"column":8},"end":{"line":197,"column":null}},{"start":{"line":194,"column":8},"end":{"line":197,"column":null}}]}},"s":{"0":40,"1":40,"2":40,"3":40,"4":40,"5":40,"6":40,"7":396,"8":396,"9":396,"10":396,"11":396,"12":396,"13":20,"14":22,"15":22,"16":6,"17":6,"18":16,"19":0,"20":16,"21":16,"22":16,"23":0,"24":376,"25":390,"26":14,"27":390,"28":12,"29":390,"30":390,"31":0,"32":0,"33":390,"34":11,"35":11,"36":11,"37":11,"38":11,"39":0,"40":11,"41":11,"42":11,"43":11,"44":0,"45":0,"46":0,"47":0,"48":0,"49":0,"50":0,"51":0,"52":39,"53":2,"54":37,"55":37,"56":37,"57":37,"58":37,"59":37,"60":37,"61":37,"62":37,"63":202,"64":202,"65":202,"66":202,"67":202,"68":0,"69":202,"70":202,"71":0,"72":202,"73":202,"74":37,"75":37,"76":0,"77":37,"78":16,"79":16,"80":1,"81":1,"82":1,"83":15,"84":15,"85":17,"86":17,"87":0,"88":17,"89":17,"90":17,"91":16,"92":16,"93":16,"94":16,"95":16,"96":1,"97":8160,"98":8160,"99":254,"100":254,"101":254,"102":7906,"103":28,"104":28,"105":30,"106":0,"107":0,"108":16,"109":8573,"110":0,"111":0,"112":40,"113":40,"114":40,"115":40,"116":40},"f":{"0":396,"1":11,"2":39,"3":16,"4":17,"5":8160,"6":28,"7":30,"8":0,"9":16,"10":8573},"b":{"0":[396],"1":[20,376],"2":[6,16],"3":[0,16],"4":[14,376],"5":[12,378],"6":[11,0],"7":[0,11],"8":[0,11],"9":[0,0],"10":[0,0],"11":[2,37],"12":[202,0],"13":[0],"14":[1,15],"15":[1,0],"16":[0],"17":[0,17],"18":[16,1],"19":[254,7906],"20":[28,0],"21":[0,8573]}}
,"D:\\GitHub\\listManager\\src\\backend\\controller\\objects\\meta\\episode\\episode.ts": {"path":"D:\\GitHub\\listManager\\src\\backend\\controller\\objects\\meta\\episode\\episode.ts","statementMap":{"0":{"start":{"line":2,"column":0},"end":{"line":2,"column":67}},"1":{"start":{"line":6,"column":0},"end":{"line":6,"column":45}},"2":{"start":{"line":24,"column":11},"end":{"line":24,"column":50}},"3":{"start":{"line":25,"column":11},"end":{"line":25,"column":55}},"4":{"start":{"line":27,"column":11},"end":{"line":27,"column":38}},"5":{"start":{"line":34,"column":11},"end":{"line":34,"column":43}},"6":{"start":{"line":35,"column":11},"end":{"line":35,"column":47}},"7":{"start":{"line":44,"column":8},"end":{"line":44,"column":29}},"8":{"start":{"line":45,"column":8},"end":{"line":45,"column":43}},"9":{"start":{"line":46,"column":8},"end":{"line":48,"column":null}},"10":{"start":{"line":47,"column":12},"end":{"line":47,"column":31}},"11":{"start":{"line":49,"column":8},"end":{"line":49,"column":47}},"12":{"start":{"line":50,"column":8},"end":{"line":50,"column":48}},"13":{"start":{"line":54,"column":8},"end":{"line":56,"column":null}},"14":{"start":{"line":55,"column":12},"end":{"line":55,"column":44}},"15":{"start":{"line":60,"column":26},"end":{"line":60,"column":30}},"16":{"start":{"line":61,"column":8},"end":{"line":66,"column":null}},"17":{"start":{"line":62,"column":12},"end":{"line":65,"column":null}},"18":{"start":{"line":63,"column":16},"end":{"line":63,"column":36}},"19":{"start":{"line":64,"column":16},"end":{"line":64,"column":22}},"20":{"start":{"line":67,"column":8},"end":{"line":69,"column":null}},"21":{"start":{"line":68,"column":12},"end":{"line":68,"column":47}},"22":{"start":{"line":11,"column":0},"end":{"line":11,"column":21}}},"fnMap":{"0":{"name":"(anonymous_0)","decl":{"start":{"line":43,"column":4},"end":{"line":43,"column":16}},"loc":{"start":{"line":43,"column":78},"end":{"line":51,"column":5}}},"1":{"name":"(anonymous_1)","decl":{"start":{"line":53,"column":11},"end":{"line":53,"column":22}},"loc":{"start":{"line":53,"column":59},"end":{"line":57,"column":5}}},"2":{"name":"(anonymous_2)","decl":{"start":{"line":59,"column":11},"end":{"line":59,"column":21}},"loc":{"start":{"line":59,"column":52},"end":{"line":70,"column":5}}}},"branchMap":{"0":{"loc":{"start":{"line":46,"column":8},"end":{"line":48,"column":null}},"type":"if","locations":[{"start":{"line":46,"column":8},"end":{"line":48,"column":null}},{"start":{"line":46,"column":8},"end":{"line":48,"column":null}}]},"1":{"loc":{"start":{"line":62,"column":12},"end":{"line":65,"column":null}},"type":"if","locations":[{"start":{"line":62,"column":12},"end":{"line":65,"column":null}},{"start":{"line":62,"column":12},"end":{"line":65,"column":null}}]},"2":{"loc":{"start":{"line":62,"column":16},"end":{"line":62,"column":48}},"type":"binary-expr","locations":[{"start":{"line":62,"column":16},"end":{"line":62,"column":48}},{"start":{"line":62,"column":52},"end":{"line":62,"column":81}}]},"3":{"loc":{"start":{"line":67,"column":8},"end":{"line":69,"column":null}},"type":"if","locations":[{"start":{"line":67,"column":8},"end":{"line":69,"column":null}},{"start":{"line":67,"column":8},"end":{"line":69,"column":null}}]}},"s":{"0":40,"1":40,"2":3869,"3":3869,"4":3869,"5":3869,"6":3869,"7":3869,"8":3869,"9":3869,"10":31,"11":3869,"12":3869,"13":2354,"14":3385,"15":7360,"16":7360,"17":18865,"18":3367,"19":3367,"20":7360,"21":3993,"22":40},"f":{"0":3869,"1":2354,"2":7360},"b":{"0":[31,3838],"1":[3367,15498],"2":[18865,15498],"3":[3993,3367]}}
,"D:\\GitHub\\listManager\\src\\backend\\controller\\provider-data-list-manager\\provider-data-list-loader.ts": {"path":"D:\\GitHub\\listManager\\src\\backend\\controller\\provider-data-list-manager\\provider-data-list-loader.ts","statementMap":{"0":{"start":{"line":1,"column":0},"end":{"line":1,"column":61}},"1":{"start":{"line":2,"column":0},"end":{"line":2,"column":29}},"2":{"start":{"line":3,"column":0},"end":{"line":3,"column":41}},"3":{"start":{"line":4,"column":0},"end":{"line":4,"column":54}},"4":{"start":{"line":5,"column":0},"end":{"line":5,"column":96}},"5":{"start":{"line":7,"column":0},"end":{"line":7,"column":96}},"6":{"start":{"line":8,"column":0},"end":{"line":8,"column":69}},"7":{"start":{"line":15,"column":8},"end":{"line":15,"column":48}},"8":{"start":{"line":16,"column":8},"end":{"line":49,"column":null}},"9":{"start":{"line":17,"column":12},"end":{"line":45,"column":null}},"10":{"start":{"line":18,"column":33},"end":{"line":18,"column":47}},"11":{"start":{"line":19,"column":37},"end":{"line":19,"column":68}},"12":{"start":{"line":20,"column":35},"end":{"line":20,"column":82}},"13":{"start":{"line":21,"column":16},"end":{"line":21,"column":73}},"14":{"start":{"line":22,"column":16},"end":{"line":41,"column":null}},"15":{"start":{"line":22,"column":33},"end":{"line":22,"column":34}},"16":{"start":{"line":23,"column":44},"end":{"line":23,"column":61}},"17":{"start":{"line":24,"column":20},"end":{"line":24,"column":86}},"18":{"start":{"line":25,"column":20},"end":{"line":25,"column":102}},"19":{"start":{"line":26,"column":20},"end":{"line":32,"column":null}},"20":{"start":{"line":27,"column":24},"end":{"line":27,"column":164}},"21":{"start":{"line":28,"column":24},"end":{"line":31,"column":null}},"22":{"start":{"line":30,"column":28},"end":{"line":30,"column":124}},"23":{"start":{"line":34,"column":20},"end":{"line":40,"column":null}},"24":{"start":{"line":35,"column":24},"end":{"line":35,"column":148}},"25":{"start":{"line":36,"column":27},"end":{"line":40,"column":null}},"26":{"start":{"line":37,"column":24},"end":{"line":37,"column":148}},"27":{"start":{"line":39,"column":24},"end":{"line":39,"column":89}},"28":{"start":{"line":42,"column":16},"end":{"line":42,"column":34}},"29":{"start":{"line":44,"column":16},"end":{"line":44,"column":47}},"30":{"start":{"line":47,"column":12},"end":{"line":47,"column":30}},"31":{"start":{"line":48,"column":12},"end":{"line":48,"column":22}},"32":{"start":{"line":50,"column":8},"end":{"line":50,"column":18}},"33":{"start":{"line":58,"column":8},"end":{"line":58,"column":56}},"34":{"start":{"line":59,"column":8},"end":{"line":59,"column":43}},"35":{"start":{"line":60,"column":8},"end":{"line":60,"column":60}},"36":{"start":{"line":64,"column":29},"end":{"line":64,"column":33}},"37":{"start":{"line":66,"column":8},"end":{"line":66,"column":66}},"38":{"start":{"line":9,"column":0},"end":{"line":9,"column":21}}},"fnMap":{"0":{"name":"(anonymous_0)","decl":{"start":{"line":14,"column":11},"end":{"line":14,"column":17}},"loc":{"start":{"line":14,"column":26},"end":{"line":51,"column":5}}},"1":{"name":"(anonymous_1)","decl":{"start":{"line":57,"column":11},"end":{"line":57,"column":17}},"loc":{"start":{"line":57,"column":58},"end":{"line":61,"column":5}}},"2":{"name":"(anonymous_2)","decl":{"start":{"line":63,"column":12},"end":{"line":63,"column":18}},"loc":{"start":{"line":63,"column":26},"end":{"line":67,"column":5}}}},"branchMap":{"0":{"loc":{"start":{"line":17,"column":12},"end":{"line":45,"column":null}},"type":"if","locations":[{"start":{"line":17,"column":12},"end":{"line":45,"column":null}},{"start":{"line":17,"column":12},"end":{"line":45,"column":null}}]},"1":{"loc":{"start":{"line":34,"column":20},"end":{"line":40,"column":null}},"type":"if","locations":[{"start":{"line":34,"column":20},"end":{"line":40,"column":null}},{"start":{"line":34,"column":20},"end":{"line":40,"column":null}}]},"2":{"loc":{"start":{"line":36,"column":27},"end":{"line":40,"column":null}},"type":"if","locations":[{"start":{"line":36,"column":27},"end":{"line":40,"column":null}},{"start":{"line":36,"column":27},"end":{"line":40,"column":null}}]}},"s":{"0":40,"1":40,"2":40,"3":40,"4":40,"5":40,"6":40,"7":0,"8":0,"9":0,"10":0,"11":0,"12":0,"13":0,"14":0,"15":0,"16":0,"17":0,"18":0,"19":0,"20":0,"21":0,"22":0,"23":0,"24":0,"25":0,"26":0,"27":0,"28":0,"29":0,"30":0,"31":0,"32":0,"33":0,"34":0,"35":0,"36":0,"37":0,"38":40},"f":{"0":0,"1":0,"2":0},"b":{"0":[0,0],"1":[0,0],"2":[0,0]}}
,"D:\\GitHub\\listManager\\src\\backend\\controller\\provider-data-list-manager\\provider-data-list-manager.ts": {"path":"D:\\GitHub\\listManager\\src\\backend\\controller\\provider-data-list-manager\\provider-data-list-manager.ts","statementMap":{"0":{"start":{"line":1,"column":0},"end":{"line":1,"column":57}},"1":{"start":{"line":2,"column":0},"end":{"line":2,"column":41}},"2":{"start":{"line":3,"column":0},"end":{"line":3,"column":96}},"3":{"start":{"line":5,"column":0},"end":{"line":5,"column":96}},"4":{"start":{"line":6,"column":0},"end":{"line":6,"column":65}},"5":{"start":{"line":7,"column":0},"end":{"line":7,"column":69}},"6":{"start":{"line":18,"column":8},"end":{"line":30,"column":null}},"7":{"start":{"line":19,"column":41},"end":{"line":19,"column":101}},"8":{"start":{"line":20,"column":12},"end":{"line":26,"column":null}},"9":{"start":{"line":21,"column":16},"end":{"line":21,"column":58}},"10":{"start":{"line":22,"column":16},"end":{"line":22,"column":28}},"11":{"start":{"line":24,"column":16},"end":{"line":24,"column":53}},"12":{"start":{"line":25,"column":16},"end":{"line":25,"column":28}},"13":{"start":{"line":28,"column":12},"end":{"line":28,"column":30}},"14":{"start":{"line":29,"column":12},"end":{"line":29,"column":25}},"15":{"start":{"line":34,"column":30},"end":{"line":34,"column":85}},"16":{"start":{"line":35,"column":8},"end":{"line":44,"column":null}},"17":{"start":{"line":36,"column":32},"end":{"line":36,"column":68}},"18":{"start":{"line":37,"column":12},"end":{"line":43,"column":null}},"19":{"start":{"line":38,"column":16},"end":{"line":38,"column":125}},"20":{"start":{"line":39,"column":19},"end":{"line":43,"column":null}},"21":{"start":{"line":40,"column":16},"end":{"line":40,"column":125}},"22":{"start":{"line":42,"column":16},"end":{"line":42,"column":80}},"23":{"start":{"line":51,"column":8},"end":{"line":51,"column":62}},"24":{"start":{"line":52,"column":8},"end":{"line":52,"column":53}},"25":{"start":{"line":53,"column":8},"end":{"line":53,"column":54}},"26":{"start":{"line":58,"column":21},"end":{"line":58,"column":26}},"27":{"start":{"line":59,"column":8},"end":{"line":65,"column":null}},"28":{"start":{"line":60,"column":28},"end":{"line":60,"column":136}},"29":{"start":{"line":61,"column":28},"end":{"line":61,"column":130}},"30":{"start":{"line":62,"column":12},"end":{"line":62,"column":40}},"31":{"start":{"line":64,"column":12},"end":{"line":64,"column":130}},"32":{"start":{"line":66,"column":8},"end":{"line":66,"column":22}},"33":{"start":{"line":70,"column":8},"end":{"line":70,"column":41}},"34":{"start":{"line":71,"column":8},"end":{"line":73,"column":null}},"35":{"start":{"line":72,"column":12},"end":{"line":72,"column":52}},"36":{"start":{"line":74,"column":8},"end":{"line":74,"column":117}},"37":{"start":{"line":75,"column":22},"end":{"line":75,"column":97}},"38":{"start":{"line":76,"column":8},"end":{"line":85,"column":null}},"39":{"start":{"line":77,"column":28},"end":{"line":77,"column":39}},"40":{"start":{"line":78,"column":22},"end":{"line":78,"column":26}},"41":{"start":{"line":79,"column":12},"end":{"line":79,"column":65}},"42":{"start":{"line":80,"column":12},"end":{"line":82,"column":null}},"43":{"start":{"line":83,"column":12},"end":{"line":83,"column":49}},"44":{"start":{"line":84,"column":12},"end":{"line":84,"column":42}},"45":{"start":{"line":86,"column":8},"end":{"line":86,"column":21}},"46":{"start":{"line":93,"column":8},"end":{"line":93,"column":35}},"47":{"start":{"line":94,"column":8},"end":{"line":100,"column":null}},"48":{"start":{"line":95,"column":24},"end":{"line":95,"column":108}},"49":{"start":{"line":96,"column":12},"end":{"line":96,"column":93}},"50":{"start":{"line":97,"column":12},"end":{"line":97,"column":23}},"51":{"start":{"line":99,"column":12},"end":{"line":99,"column":60}},"52":{"start":{"line":107,"column":8},"end":{"line":107,"column":35}},"53":{"start":{"line":108,"column":8},"end":{"line":114,"column":null}},"54":{"start":{"line":109,"column":24},"end":{"line":109,"column":108}},"55":{"start":{"line":110,"column":12},"end":{"line":110,"column":93}},"56":{"start":{"line":111,"column":12},"end":{"line":111,"column":23}},"57":{"start":{"line":113,"column":12},"end":{"line":113,"column":60}},"58":{"start":{"line":123,"column":8},"end":{"line":127,"column":null}},"59":{"start":{"line":124,"column":12},"end":{"line":124,"column":68}},"60":{"start":{"line":124,"column":49},"end":{"line":124,"column":66}},"61":{"start":{"line":126,"column":12},"end":{"line":126,"column":109}},"62":{"start":{"line":126,"column":90},"end":{"line":126,"column":107}},"63":{"start":{"line":131,"column":8},"end":{"line":131,"column":74}},"64":{"start":{"line":140,"column":8},"end":{"line":143,"column":null}},"65":{"start":{"line":141,"column":12},"end":{"line":141,"column":89}},"66":{"start":{"line":142,"column":12},"end":{"line":142,"column":54}},"67":{"start":{"line":9,"column":0},"end":{"line":9,"column":21}},"68":{"start":{"line":134,"column":19},"end":{"line":134,"column":62}},"69":{"start":{"line":135,"column":19},"end":{"line":135,"column":38}},"70":{"start":{"line":136,"column":19},"end":{"line":136,"column":41}},"71":{"start":{"line":137,"column":19},"end":{"line":137,"column":56}}},"fnMap":{"0":{"name":"(anonymous_0)","decl":{"start":{"line":17,"column":11},"end":{"line":17,"column":17}},"loc":{"start":{"line":17,"column":106},"end":{"line":31,"column":5}}},"1":{"name":"(anonymous_1)","decl":{"start":{"line":33,"column":11},"end":{"line":33,"column":17}},"loc":{"start":{"line":33,"column":72},"end":{"line":45,"column":5}}},"2":{"name":"(anonymous_2)","decl":{"start":{"line":50,"column":11},"end":{"line":50,"column":17}},"loc":{"start":{"line":50,"column":41},"end":{"line":54,"column":5}}},"3":{"name":"(anonymous_3)","decl":{"start":{"line":57,"column":11},"end":{"line":57,"column":17}},"loc":{"start":{"line":57,"column":109},"end":{"line":67,"column":5}}},"4":{"name":"(anonymous_4)","decl":{"start":{"line":69,"column":11},"end":{"line":69,"column":17}},"loc":{"start":{"line":69,"column":124},"end":{"line":87,"column":5}}},"5":{"name":"(anonymous_5)","decl":{"start":{"line":92,"column":11},"end":{"line":92,"column":17}},"loc":{"start":{"line":92,"column":43},"end":{"line":101,"column":5}}},"6":{"name":"(anonymous_6)","decl":{"start":{"line":106,"column":11},"end":{"line":106,"column":17}},"loc":{"start":{"line":106,"column":41},"end":{"line":115,"column":5}}},"7":{"name":"(anonymous_7)","decl":{"start":{"line":122,"column":11},"end":{"line":122,"column":17}},"loc":{"start":{"line":122,"column":143},"end":{"line":128,"column":5}}},"8":{"name":"(anonymous_8)","decl":{"start":{"line":124,"column":42},"end":{"line":124,"column":43}},"loc":{"start":{"line":124,"column":49},"end":{"line":124,"column":66}}},"9":{"name":"(anonymous_9)","decl":{"start":{"line":126,"column":83},"end":{"line":126,"column":84}},"loc":{"start":{"line":126,"column":90},"end":{"line":126,"column":107}}},"10":{"name":"(anonymous_10)","decl":{"start":{"line":130,"column":11},"end":{"line":130,"column":17}},"loc":{"start":{"line":130,"column":47},"end":{"line":132,"column":5}}},"11":{"name":"(anonymous_11)","decl":{"start":{"line":139,"column":12},"end":{"line":139,"column":18}},"loc":{"start":{"line":139,"column":38},"end":{"line":144,"column":5}}}},"branchMap":{"0":{"loc":{"start":{"line":17,"column":101},"end":{"line":17,"column":106}},"type":"default-arg","locations":[{"start":{"line":17,"column":101},"end":{"line":17,"column":106}}]},"1":{"loc":{"start":{"line":20,"column":12},"end":{"line":26,"column":null}},"type":"if","locations":[{"start":{"line":20,"column":12},"end":{"line":26,"column":null}},{"start":{"line":20,"column":12},"end":{"line":26,"column":null}}]},"2":{"loc":{"start":{"line":35,"column":8},"end":{"line":44,"column":null}},"type":"if","locations":[{"start":{"line":35,"column":8},"end":{"line":44,"column":null}},{"start":{"line":35,"column":8},"end":{"line":44,"column":null}}]},"3":{"loc":{"start":{"line":37,"column":12},"end":{"line":43,"column":null}},"type":"if","locations":[{"start":{"line":37,"column":12},"end":{"line":43,"column":null}},{"start":{"line":37,"column":12},"end":{"line":43,"column":null}}]},"4":{"loc":{"start":{"line":37,"column":16},"end":{"line":37,"column":60}},"type":"binary-expr","locations":[{"start":{"line":37,"column":16},"end":{"line":37,"column":60}},{"start":{"line":37,"column":64},"end":{"line":37,"column":105}}]},"5":{"loc":{"start":{"line":39,"column":19},"end":{"line":43,"column":null}},"type":"if","locations":[{"start":{"line":39,"column":19},"end":{"line":43,"column":null}},{"start":{"line":39,"column":19},"end":{"line":43,"column":null}}]},"6":{"loc":{"start":{"line":39,"column":23},"end":{"line":39,"column":67}},"type":"binary-expr","locations":[{"start":{"line":39,"column":23},"end":{"line":39,"column":67}},{"start":{"line":39,"column":71},"end":{"line":39,"column":112}}]},"7":{"loc":{"start":{"line":57,"column":104},"end":{"line":57,"column":109}},"type":"default-arg","locations":[{"start":{"line":57,"column":104},"end":{"line":57,"column":109}}]},"8":{"loc":{"start":{"line":59,"column":8},"end":{"line":65,"column":null}},"type":"if","locations":[{"start":{"line":59,"column":8},"end":{"line":65,"column":null}},{"start":{"line":59,"column":8},"end":{"line":65,"column":null}}]},"9":{"loc":{"start":{"line":62,"column":20},"end":{"line":62,"column":27}},"type":"binary-expr","locations":[{"start":{"line":62,"column":20},"end":{"line":62,"column":27}},{"start":{"line":62,"column":31},"end":{"line":62,"column":38}}]},"10":{"loc":{"start":{"line":69,"column":91},"end":{"line":69,"column":96}},"type":"default-arg","locations":[{"start":{"line":69,"column":91},"end":{"line":69,"column":96}}]},"11":{"loc":{"start":{"line":71,"column":8},"end":{"line":73,"column":null}},"type":"if","locations":[{"start":{"line":71,"column":8},"end":{"line":73,"column":null}},{"start":{"line":71,"column":8},"end":{"line":73,"column":null}}]},"12":{"loc":{"start":{"line":76,"column":8},"end":{"line":85,"column":null}},"type":"if","locations":[{"start":{"line":76,"column":8},"end":{"line":85,"column":null}},{"start":{"line":76,"column":8},"end":{"line":85,"column":null}}]},"13":{"loc":{"start":{"line":80,"column":12},"end":{"line":82,"column":null}},"type":"if","locations":[{"start":{"line":80,"column":12},"end":{"line":82,"column":null}},{"start":{"line":80,"column":12},"end":{"line":82,"column":null}}]},"14":{"loc":{"start":{"line":94,"column":8},"end":{"line":100,"column":null}},"type":"if","locations":[{"start":{"line":94,"column":8},"end":{"line":100,"column":null}},{"start":{"line":94,"column":8},"end":{"line":100,"column":null}}]},"15":{"loc":{"start":{"line":108,"column":8},"end":{"line":114,"column":null}},"type":"if","locations":[{"start":{"line":108,"column":8},"end":{"line":114,"column":null}},{"start":{"line":108,"column":8},"end":{"line":114,"column":null}}]},"16":{"loc":{"start":{"line":123,"column":8},"end":{"line":127,"column":null}},"type":"if","locations":[{"start":{"line":123,"column":8},"end":{"line":127,"column":null}},{"start":{"line":123,"column":8},"end":{"line":127,"column":null}}]},"17":{"loc":{"start":{"line":140,"column":8},"end":{"line":143,"column":null}},"type":"if","locations":[{"start":{"line":140,"column":8},"end":{"line":143,"column":null}},{"start":{"line":140,"column":8},"end":{"line":143,"column":null}}]}},"s":{"0":40,"1":40,"2":40,"3":40,"4":40,"5":40,"6":1169,"7":1169,"8":1169,"9":355,"10":355,"11":814,"12":814,"13":0,"14":0,"15":357,"16":357,"17":357,"18":357,"19":201,"20":156,"21":156,"22":0,"23":0,"24":0,"25":0,"26":0,"27":0,"28":0,"29":0,"30":0,"31":0,"32":0,"33":0,"34":0,"35":0,"36":0,"37":0,"38":0,"39":0,"40":0,"41":0,"42":0,"43":0,"44":0,"45":0,"46":34,"47":34,"48":0,"49":0,"50":0,"51":34,"52":246941,"53":246941,"54":0,"55":0,"56":0,"57":246941,"58":0,"59":0,"60":0,"61":0,"62":0,"63":34,"64":246975,"65":0,"66":0,"67":40,"68":40,"69":40,"70":40,"71":40},"f":{"0":1169,"1":357,"2":0,"3":0,"4":0,"5":34,"6":246941,"7":0,"8":0,"9":0,"10":34,"11":246975},"b":{"0":[1169],"1":[355,814],"2":[357,0],"3":[201,156],"4":[357,201],"5":[156,0],"6":[156,156],"7":[0],"8":[0,0],"9":[0,0],"10":[0],"11":[0,0],"12":[0,0],"13":[0,0],"14":[0,34],"15":[0,246941],"16":[0,0],"17":[0,246975]}}
,"D:\\GitHub\\listManager\\src\\backend\\controller\\provider-manager\\local-data\\info-provider-local-data.ts": {"path":"D:\\GitHub\\listManager\\src\\backend\\controller\\provider-manager\\local-data\\info-provider-local-data.ts","statementMap":{"0":{"start":{"line":1,"column":0},"end":{"line":1,"column":63}},"1":{"start":{"line":2,"column":0},"end":{"line":2,"column":44}},"2":{"start":{"line":3,"column":0},"end":{"line":3,"column":59}},"3":{"start":{"line":4,"column":0},"end":{"line":4,"column":65}},"4":{"start":{"line":16,"column":8},"end":{"line":16,"column":18}},"5":{"start":{"line":14,"column":11},"end":{"line":14,"column":23}},"6":{"start":{"line":17,"column":8},"end":{"line":17,"column":47}},"7":{"start":{"line":18,"column":8},"end":{"line":29,"column":null}},"8":{"start":{"line":19,"column":12},"end":{"line":26,"column":null}},"9":{"start":{"line":20,"column":16},"end":{"line":20,"column":35}},"10":{"start":{"line":21,"column":19},"end":{"line":26,"column":null}},"11":{"start":{"line":22,"column":16},"end":{"line":22,"column":48}},"12":{"start":{"line":23,"column":16},"end":{"line":23,"column":42}},"13":{"start":{"line":25,"column":16},"end":{"line":25,"column":72}},"14":{"start":{"line":28,"column":12},"end":{"line":28,"column":31}},"15":{"start":{"line":10,"column":30},"end":{"line":10,"column":102}},"16":{"start":{"line":11,"column":8},"end":{"line":11,"column":89}},"17":{"start":{"line":33,"column":8},"end":{"line":37,"column":null}},"18":{"start":{"line":34,"column":12},"end":{"line":36,"column":null}},"19":{"start":{"line":35,"column":16},"end":{"line":35,"column":32}},"20":{"start":{"line":38,"column":8},"end":{"line":38,"column":85}},"21":{"start":{"line":8,"column":0},"end":{"line":8,"column":13}}},"fnMap":{"0":{"name":"(anonymous_0)","decl":{"start":{"line":15,"column":4},"end":{"line":15,"column":16}},"loc":{"start":{"line":15,"column":90},"end":{"line":30,"column":5}}},"1":{"name":"(anonymous_1)","decl":{"start":{"line":9,"column":11},"end":{"line":9,"column":17}},"loc":{"start":{"line":9,"column":80},"end":{"line":12,"column":5}}},"2":{"name":"(anonymous_2)","decl":{"start":{"line":32,"column":11},"end":{"line":32,"column":30}},"loc":{"start":{"line":32,"column":30},"end":{"line":39,"column":5}}}},"branchMap":{"0":{"loc":{"start":{"line":18,"column":8},"end":{"line":29,"column":null}},"type":"if","locations":[{"start":{"line":18,"column":8},"end":{"line":29,"column":null}},{"start":{"line":18,"column":8},"end":{"line":29,"column":null}}]},"1":{"loc":{"start":{"line":19,"column":12},"end":{"line":26,"column":null}},"type":"if","locations":[{"start":{"line":19,"column":12},"end":{"line":26,"column":null}},{"start":{"line":19,"column":12},"end":{"line":26,"column":null}}]},"2":{"loc":{"start":{"line":21,"column":19},"end":{"line":26,"column":null}},"type":"if","locations":[{"start":{"line":21,"column":19},"end":{"line":26,"column":null}},{"start":{"line":21,"column":19},"end":{"line":26,"column":null}}]},"3":{"loc":{"start":{"line":34,"column":12},"end":{"line":36,"column":null}},"type":"if","locations":[{"start":{"line":34,"column":12},"end":{"line":36,"column":null}},{"start":{"line":34,"column":12},"end":{"line":36,"column":null}}]}},"s":{"0":40,"1":40,"2":40,"3":40,"4":397,"5":397,"6":397,"7":397,"8":169,"9":65,"10":104,"11":54,"12":54,"13":50,"14":228,"15":159,"16":159,"17":0,"18":0,"19":0,"20":0,"21":40},"f":{"0":397,"1":159,"2":0},"b":{"0":[169,228],"1":[65,104],"2":[54,50],"3":[0,0]}}
,"D:\\GitHub\\listManager\\src\\backend\\controller\\provider-manager\\local-data\\list-provider-local-data.ts": {"path":"D:\\GitHub\\listManager\\src\\backend\\controller\\provider-manager\\local-data\\list-provider-local-data.ts","statementMap":{"0":{"start":{"line":1,"column":0},"end":{"line":1,"column":63}},"1":{"start":{"line":2,"column":0},"end":{"line":2,"column":60}},"2":{"start":{"line":3,"column":0},"end":{"line":3,"column":62}},"3":{"start":{"line":4,"column":0},"end":{"line":4,"column":51}},"4":{"start":{"line":5,"column":0},"end":{"line":5,"column":44}},"5":{"start":{"line":6,"column":0},"end":{"line":6,"column":59}},"6":{"start":{"line":7,"column":0},"end":{"line":7,"column":65}},"7":{"start":{"line":49,"column":8},"end":{"line":49,"column":18}},"8":{"start":{"line":39,"column":11},"end":{"line":39,"column":42}},"9":{"start":{"line":44,"column":11},"end":{"line":44,"column":39}},"10":{"start":{"line":45,"column":11},"end":{"line":45,"column":31}},"11":{"start":{"line":46,"column":11},"end":{"line":46,"column":23}},"12":{"start":{"line":50,"column":8},"end":{"line":50,"column":47}},"13":{"start":{"line":51,"column":8},"end":{"line":62,"column":null}},"14":{"start":{"line":52,"column":12},"end":{"line":59,"column":null}},"15":{"start":{"line":53,"column":16},"end":{"line":53,"column":35}},"16":{"start":{"line":54,"column":19},"end":{"line":59,"column":null}},"17":{"start":{"line":55,"column":16},"end":{"line":55,"column":48}},"18":{"start":{"line":56,"column":16},"end":{"line":56,"column":42}},"19":{"start":{"line":58,"column":16},"end":{"line":58,"column":72}},"20":{"start":{"line":61,"column":12},"end":{"line":61,"column":31}},"21":{"start":{"line":15,"column":30},"end":{"line":15,"column":102}},"22":{"start":{"line":16,"column":8},"end":{"line":16,"column":139}},"23":{"start":{"line":17,"column":8},"end":{"line":17,"column":114}},"24":{"start":{"line":26,"column":8},"end":{"line":34,"column":null}},"25":{"start":{"line":27,"column":12},"end":{"line":33,"column":null}},"26":{"start":{"line":28,"column":16},"end":{"line":30,"column":null}},"27":{"start":{"line":29,"column":20},"end":{"line":29,"column":32}},"28":{"start":{"line":32,"column":16},"end":{"line":32,"column":28}},"29":{"start":{"line":35,"column":8},"end":{"line":35,"column":21}},"30":{"start":{"line":67,"column":8},"end":{"line":71,"column":null}},"31":{"start":{"line":68,"column":12},"end":{"line":70,"column":null}},"32":{"start":{"line":69,"column":16},"end":{"line":69,"column":32}},"33":{"start":{"line":72,"column":8},"end":{"line":72,"column":85}},"34":{"start":{"line":76,"column":8},"end":{"line":85,"column":null}},"35":{"start":{"line":77,"column":12},"end":{"line":84,"column":null}},"36":{"start":{"line":78,"column":16},"end":{"line":78,"column":61}},"37":{"start":{"line":79,"column":35},"end":{"line":79,"column":92}},"38":{"start":{"line":79,"column":81},"end":{"line":79,"column":90}},"39":{"start":{"line":80,"column":30},"end":{"line":80,"column":91}},"40":{"start":{"line":80,"column":66},"end":{"line":80,"column":90}},"41":{"start":{"line":81,"column":16},"end":{"line":81,"column":49}},"42":{"start":{"line":83,"column":16},"end":{"line":83,"column":40}},"43":{"start":{"line":86,"column":8},"end":{"line":86,"column":15}},"44":{"start":{"line":90,"column":8},"end":{"line":93,"column":null}},"45":{"start":{"line":90,"column":25},"end":{"line":90,"column":26}},"46":{"start":{"line":91,"column":12},"end":{"line":91,"column":52}},"47":{"start":{"line":103,"column":8},"end":{"line":105,"column":null}},"48":{"start":{"line":104,"column":12},"end":{"line":104,"column":36}},"49":{"start":{"line":106,"column":37},"end":{"line":106,"column":76}},"50":{"start":{"line":107,"column":8},"end":{"line":107,"column":54}},"51":{"start":{"line":114,"column":8},"end":{"line":116,"column":null}},"52":{"start":{"line":115,"column":12},"end":{"line":115,"column":36}},"53":{"start":{"line":117,"column":8},"end":{"line":117,"column":47}},"54":{"start":{"line":124,"column":8},"end":{"line":126,"column":null}},"55":{"start":{"line":125,"column":12},"end":{"line":125,"column":36}},"56":{"start":{"line":127,"column":22},"end":{"line":127,"column":106}},"57":{"start":{"line":127,"column":64},"end":{"line":127,"column":105}},"58":{"start":{"line":128,"column":8},"end":{"line":133,"column":null}},"59":{"start":{"line":129,"column":12},"end":{"line":129,"column":25}},"60":{"start":{"line":131,"column":12},"end":{"line":131,"column":110}},"61":{"start":{"line":132,"column":12},"end":{"line":132,"column":24}},"62":{"start":{"line":12,"column":0},"end":{"line":12,"column":13}}},"fnMap":{"0":{"name":"(anonymous_0)","decl":{"start":{"line":48,"column":4},"end":{"line":48,"column":16}},"loc":{"start":{"line":48,"column":90},"end":{"line":63,"column":5}}},"1":{"name":"(anonymous_1)","decl":{"start":{"line":14,"column":11},"end":{"line":14,"column":17}},"loc":{"start":{"line":14,"column":80},"end":{"line":18,"column":5}}},"2":{"name":"(anonymous_2)","decl":{"start":{"line":25,"column":12},"end":{"line":25,"column":18}},"loc":{"start":{"line":25,"column":76},"end":{"line":36,"column":5}}},"3":{"name":"(anonymous_3)","decl":{"start":{"line":66,"column":11},"end":{"line":66,"column":30}},"loc":{"start":{"line":66,"column":30},"end":{"line":73,"column":5}}},"4":{"name":"(anonymous_4)","decl":{"start":{"line":75,"column":11},"end":{"line":75,"column":35}},"loc":{"start":{"line":75,"column":35},"end":{"line":87,"column":5}}},"5":{"name":"(anonymous_5)","decl":{"start":{"line":79,"column":74},"end":{"line":79,"column":75}},"loc":{"start":{"line":79,"column":81},"end":{"line":79,"column":90}}},"6":{"name":"(anonymous_6)","decl":{"start":{"line":80,"column":59},"end":{"line":80,"column":60}},"loc":{"start":{"line":80,"column":66},"end":{"line":80,"column":90}}},"7":{"name":"(anonymous_7)","decl":{"start":{"line":89,"column":11},"end":{"line":89,"column":29}},"loc":{"start":{"line":89,"column":57},"end":{"line":94,"column":5}}},"8":{"name":"(anonymous_8)","decl":{"start":{"line":102,"column":11},"end":{"line":102,"column":31}},"loc":{"start":{"line":102,"column":71},"end":{"line":108,"column":5}}},"9":{"name":"(anonymous_9)","decl":{"start":{"line":113,"column":11},"end":{"line":113,"column":30}},"loc":{"start":{"line":113,"column":59},"end":{"line":118,"column":5}}},"10":{"name":"(anonymous_10)","decl":{"start":{"line":123,"column":11},"end":{"line":123,"column":16}},"loc":{"start":{"line":123,"column":68},"end":{"line":134,"column":5}}},"11":{"name":"(anonymous_11)","decl":{"start":{"line":127,"column":51},"end":{"line":127,"column":52}},"loc":{"start":{"line":127,"column":64},"end":{"line":127,"column":105}}}},"branchMap":{"0":{"loc":{"start":{"line":51,"column":8},"end":{"line":62,"column":null}},"type":"if","locations":[{"start":{"line":51,"column":8},"end":{"line":62,"column":null}},{"start":{"line":51,"column":8},"end":{"line":62,"column":null}}]},"1":{"loc":{"start":{"line":52,"column":12},"end":{"line":59,"column":null}},"type":"if","locations":[{"start":{"line":52,"column":12},"end":{"line":59,"column":null}},{"start":{"line":52,"column":12},"end":{"line":59,"column":null}}]},"2":{"loc":{"start":{"line":54,"column":19},"end":{"line":59,"column":null}},"type":"if","locations":[{"start":{"line":54,"column":19},"end":{"line":59,"column":null}},{"start":{"line":54,"column":19},"end":{"line":59,"column":null}}]},"3":{"loc":{"start":{"line":16,"column":68},"end":{"line":16,"column":133}},"type":"cond-expr","locations":[{"start":{"line":16,"column":68},"end":{"line":16,"column":133}},{"start":{"line":16,"column":136},"end":{"line":16,"column":138}}]},"4":{"loc":{"start":{"line":26,"column":8},"end":{"line":34,"column":null}},"type":"if","locations":[{"start":{"line":26,"column":8},"end":{"line":34,"column":null}},{"start":{"line":26,"column":8},"end":{"line":34,"column":null}}]},"5":{"loc":{"start":{"line":27,"column":12},"end":{"line":33,"column":null}},"type":"if","locations":[{"start":{"line":27,"column":12},"end":{"line":33,"column":null}},{"start":{"line":27,"column":12},"end":{"line":33,"column":null}}]},"6":{"loc":{"start":{"line":27,"column":16},"end":{"line":27,"column":40}},"type":"binary-expr","locations":[{"start":{"line":27,"column":16},"end":{"line":27,"column":40}},{"start":{"line":27,"column":44},"end":{"line":27,"column":51}}]},"7":{"loc":{"start":{"line":28,"column":16},"end":{"line":30,"column":null}},"type":"if","locations":[{"start":{"line":28,"column":16},"end":{"line":30,"column":null}},{"start":{"line":28,"column":16},"end":{"line":30,"column":null}}]},"8":{"loc":{"start":{"line":68,"column":12},"end":{"line":70,"column":null}},"type":"if","locations":[{"start":{"line":68,"column":12},"end":{"line":70,"column":null}},{"start":{"line":68,"column":12},"end":{"line":70,"column":null}}]},"9":{"loc":{"start":{"line":76,"column":8},"end":{"line":85,"column":null}},"type":"if","locations":[{"start":{"line":76,"column":8},"end":{"line":85,"column":null}},{"start":{"line":76,"column":8},"end":{"line":85,"column":null}}]},"10":{"loc":{"start":{"line":89,"column":56},"end":{"line":89,"column":57}},"type":"default-arg","locations":[{"start":{"line":89,"column":56},"end":{"line":89,"column":57}}]},"11":{"loc":{"start":{"line":102,"column":57},"end":{"line":102,"column":58}},"type":"default-arg","locations":[{"start":{"line":102,"column":57},"end":{"line":102,"column":58}}]},"12":{"loc":{"start":{"line":103,"column":8},"end":{"line":105,"column":null}},"type":"if","locations":[{"start":{"line":103,"column":8},"end":{"line":105,"column":null}},{"start":{"line":103,"column":8},"end":{"line":105,"column":null}}]},"13":{"loc":{"start":{"line":114,"column":8},"end":{"line":116,"column":null}},"type":"if","locations":[{"start":{"line":114,"column":8},"end":{"line":116,"column":null}},{"start":{"line":114,"column":8},"end":{"line":116,"column":null}}]},"14":{"loc":{"start":{"line":124,"column":8},"end":{"line":126,"column":null}},"type":"if","locations":[{"start":{"line":124,"column":8},"end":{"line":126,"column":null}},{"start":{"line":124,"column":8},"end":{"line":126,"column":null}}]},"15":{"loc":{"start":{"line":128,"column":8},"end":{"line":133,"column":null}},"type":"if","locations":[{"start":{"line":128,"column":8},"end":{"line":133,"column":null}},{"start":{"line":128,"column":8},"end":{"line":133,"column":null}}]}},"s":{"0":40,"1":40,"2":40,"3":40,"4":40,"5":40,"6":40,"7":1102,"8":1102,"9":1102,"10":1102,"11":1102,"12":1102,"13":1102,"14":668,"15":320,"16":348,"17":215,"18":215,"19":133,"20":434,"21":206,"22":206,"23":206,"24":0,"25":0,"26":0,"27":0,"28":0,"29":0,"30":51,"31":151,"32":49,"33":2,"34":34,"35":34,"36":34,"37":34,"38":15,"39":34,"40":15,"41":34,"42":0,"43":0,"44":0,"45":0,"46":0,"47":301,"48":26,"49":301,"50":301,"51":10,"52":7,"53":10,"54":1,"55":0,"56":1,"57":2,"58":1,"59":0,"60":1,"61":1,"62":40},"f":{"0":1102,"1":206,"2":0,"3":51,"4":34,"5":15,"6":15,"7":0,"8":301,"9":10,"10":1,"11":2},"b":{"0":[668,434],"1":[320,348],"2":[215,133],"3":[114,92],"4":[0,0],"5":[0,0],"6":[0,0],"7":[0,0],"8":[49,102],"9":[34,0],"10":[0],"11":[301],"12":[26,275],"13":[7,3],"14":[0,1],"15":[0,1]}}
,"D:\\GitHub\\listManager\\src\\backend\\controller\\provider-manager\\local-data\\interfaces\\provider-local-data.ts": {"path":"D:\\GitHub\\listManager\\src\\backend\\controller\\provider-manager\\local-data\\interfaces\\provider-local-data.ts","statementMap":{"0":{"start":{"line":1,"column":0},"end":{"line":1,"column":63}},"1":{"start":{"line":2,"column":0},"end":{"line":2,"column":47}},"2":{"start":{"line":6,"column":0},"end":{"line":6,"column":73}},"3":{"start":{"line":8,"column":0},"end":{"line":8,"column":61}},"4":{"start":{"line":11,"column":0},"end":{"line":11,"column":60}},"5":{"start":{"line":85,"column":20},"end":{"line":85,"column":40}},"6":{"start":{"line":94,"column":11},"end":{"line":94,"column":71}},"7":{"start":{"line":98,"column":29},"end":{"line":98,"column":51}},"8":{"start":{"line":110,"column":11},"end":{"line":110,"column":41}},"9":{"start":{"line":114,"column":11},"end":{"line":114,"column":50}},"10":{"start":{"line":121,"column":11},"end":{"line":121,"column":45}},"11":{"start":{"line":125,"column":11},"end":{"line":125,"column":32}},"12":{"start":{"line":126,"column":11},"end":{"line":126,"column":34}},"13":{"start":{"line":127,"column":11},"end":{"line":127,"column":51}},"14":{"start":{"line":130,"column":11},"end":{"line":130,"column":26}},"15":{"start":{"line":133,"column":11},"end":{"line":133,"column":32}},"16":{"start":{"line":138,"column":11},"end":{"line":138,"column":36}},"17":{"start":{"line":142,"column":11},"end":{"line":142,"column":37}},"18":{"start":{"line":148,"column":11},"end":{"line":148,"column":41}},"19":{"start":{"line":153,"column":14},"end":{"line":153,"column":33}},"20":{"start":{"line":154,"column":14},"end":{"line":154,"column":41}},"21":{"start":{"line":157,"column":8},"end":{"line":163,"column":null}},"22":{"start":{"line":158,"column":12},"end":{"line":158,"column":25}},"23":{"start":{"line":160,"column":29},"end":{"line":160,"column":109}},"24":{"start":{"line":161,"column":12},"end":{"line":161,"column":35}},"25":{"start":{"line":162,"column":12},"end":{"line":162,"column":38}},"26":{"start":{"line":164,"column":8},"end":{"line":164,"column":51}},"27":{"start":{"line":24,"column":8},"end":{"line":24,"column":82}},"28":{"start":{"line":24,"column":33},"end":{"line":24,"column":80}},"29":{"start":{"line":25,"column":33},"end":{"line":25,"column":35}},"30":{"start":{"line":26,"column":8},"end":{"line":28,"column":null}},"31":{"start":{"line":27,"column":12},"end":{"line":27,"column":75}},"32":{"start":{"line":30,"column":8},"end":{"line":30,"column":118}},"33":{"start":{"line":31,"column":8},"end":{"line":31,"column":121}},"34":{"start":{"line":32,"column":8},"end":{"line":32,"column":118}},"35":{"start":{"line":34,"column":8},"end":{"line":34,"column":113}},"36":{"start":{"line":35,"column":8},"end":{"line":35,"column":129}},"37":{"start":{"line":36,"column":8},"end":{"line":36,"column":29}},"38":{"start":{"line":40,"column":35},"end":{"line":40,"column":36}},"39":{"start":{"line":41,"column":8},"end":{"line":74,"column":null}},"40":{"start":{"line":42,"column":12},"end":{"line":73,"column":null}},"41":{"start":{"line":43,"column":34},"end":{"line":43,"column":48}},"42":{"start":{"line":44,"column":16},"end":{"line":69,"column":null}},"43":{"start":{"line":45,"column":20},"end":{"line":56,"column":null}},"44":{"start":{"line":46,"column":24},"end":{"line":54,"column":null}},"45":{"start":{"line":47,"column":28},"end":{"line":49,"column":null}},"46":{"start":{"line":48,"column":32},"end":{"line":48,"column":62}},"47":{"start":{"line":50,"column":31},"end":{"line":54,"column":null}},"48":{"start":{"line":51,"column":28},"end":{"line":51,"column":119}},"49":{"start":{"line":53,"column":28},"end":{"line":53,"column":86}},"50":{"start":{"line":55,"column":24},"end":{"line":55,"column":33}},"51":{"start":{"line":57,"column":23},"end":{"line":69,"column":null}},"52":{"start":{"line":58,"column":20},"end":{"line":63,"column":null}},"53":{"start":{"line":59,"column":24},"end":{"line":61,"column":null}},"54":{"start":{"line":60,"column":32},"end":{"line":60,"column":62}},"55":{"start":{"line":62,"column":24},"end":{"line":62,"column":33}},"56":{"start":{"line":64,"column":23},"end":{"line":69,"column":null}},"57":{"start":{"line":65,"column":20},"end":{"line":67,"column":null}},"58":{"start":{"line":66,"column":28},"end":{"line":66,"column":58}},"59":{"start":{"line":68,"column":20},"end":{"line":68,"column":29}},"60":{"start":{"line":70,"column":16},"end":{"line":72,"column":null}},"61":{"start":{"line":71,"column":24},"end":{"line":71,"column":54}},"62":{"start":{"line":75,"column":8},"end":{"line":75,"column":29}},"63":{"start":{"line":168,"column":21},"end":{"line":168,"column":22}},"64":{"start":{"line":170,"column":8},"end":{"line":174,"column":null}},"65":{"start":{"line":171,"column":12},"end":{"line":173,"column":null}},"66":{"start":{"line":172,"column":16},"end":{"line":172,"column":25}},"67":{"start":{"line":176,"column":8},"end":{"line":176,"column":22}},"68":{"start":{"line":188,"column":8},"end":{"line":194,"column":null}},"69":{"start":{"line":189,"column":12},"end":{"line":193,"column":null}},"70":{"start":{"line":190,"column":16},"end":{"line":192,"column":null}},"71":{"start":{"line":190,"column":48},"end":{"line":190,"column":89}},"72":{"start":{"line":191,"column":20},"end":{"line":191,"column":42}},"73":{"start":{"line":202,"column":8},"end":{"line":202,"column":45}},"74":{"start":{"line":203,"column":8},"end":{"line":210,"column":null}},"75":{"start":{"line":206,"column":12},"end":{"line":209,"column":null}},"76":{"start":{"line":206,"column":48},"end":{"line":206,"column":65}},"77":{"start":{"line":207,"column":16},"end":{"line":207,"column":49}},"78":{"start":{"line":208,"column":16},"end":{"line":208,"column":28}},"79":{"start":{"line":211,"column":8},"end":{"line":211,"column":21}},"80":{"start":{"line":219,"column":8},"end":{"line":219,"column":46}},"81":{"start":{"line":227,"column":8},"end":{"line":227,"column":50}},"82":{"start":{"line":234,"column":8},"end":{"line":234,"column":50}},"83":{"start":{"line":13,"column":0},"end":{"line":13,"column":30}}},"fnMap":{"0":{"name":"(anonymous_0)","decl":{"start":{"line":156,"column":4},"end":{"line":156,"column":16}},"loc":{"start":{"line":156,"column":35},"end":{"line":165,"column":5}}},"1":{"name":"(anonymous_1)","decl":{"start":{"line":23,"column":14},"end":{"line":23,"column":20}},"loc":{"start":{"line":23,"column":83},"end":{"line":37,"column":5}}},"2":{"name":"(anonymous_2)","decl":{"start":{"line":24,"column":23},"end":{"line":24,"column":24}},"loc":{"start":{"line":24,"column":33},"end":{"line":24,"column":80}}},"3":{"name":"(anonymous_3)","decl":{"start":{"line":39,"column":12},"end":{"line":39,"column":18}},"loc":{"start":{"line":39,"column":78},"end":{"line":76,"column":5}}},"4":{"name":"(anonymous_4)","decl":{"start":{"line":167,"column":11},"end":{"line":167,"column":16}},"loc":{"start":{"line":167,"column":41},"end":{"line":177,"column":5}}},"5":{"name":"(anonymous_5)","decl":{"start":{"line":187,"column":11},"end":{"line":187,"column":24}},"loc":{"start":{"line":187,"column":41},"end":{"line":195,"column":5}}},"6":{"name":"(anonymous_6)","decl":{"start":{"line":190,"column":41},"end":{"line":190,"column":42}},"loc":{"start":{"li
[...]
5},"end":{"line":91,"column":null}},"type":"if","locations":[{"start":{"line":89,"column":15},"end":{"line":91,"column":null}},{"start":{"line":89,"column":15},"end":{"line":91,"column":null}}]},"12":{"loc":{"start":{"line":89,"column":19},"end":{"line":89,"column":49}},"type":"binary-expr","locations":[{"start":{"line":89,"column":19},"end":{"line":89,"column":49}},{"start":{"line":89,"column":53},"end":{"line":89,"column":83}}]},"13":{"loc":{"start":{"line":92,"column":8},"end":{"line":102,"column":null}},"type":"if","locations":[{"start":{"line":92,"column":8},"end":{"line":102,"column":null}},{"start":{"line":92,"column":8},"end":{"line":102,"column":null}}]},"14":{"loc":{"start":{"line":93,"column":12},"end":{"line":97,"column":null}},"type":"if","locations":[{"start":{"line":93,"column":12},"end":{"line":97,"column":null}},{"start":{"line":93,"column":12},"end":{"line":97,"column":null}}]},"15":{"loc":{"start":{"line":98,"column":15},"end":{"line":102,"column":null}},"type":"if","locations":[{"start":{"line":98,"column":15},"end":{"line":102,"column":null}},{"start":{"line":98,"column":15},"end":{"line":102,"column":null}}]},"16":{"loc":{"start":{"line":107,"column":12},"end":{"line":112,"column":null}},"type":"if","locations":[{"start":{"line":107,"column":12},"end":{"line":112,"column":null}},{"start":{"line":107,"column":12},"end":{"line":112,"column":null}}]},"17":{"loc":{"start":{"line":108,"column":16},"end":{"line":111,"column":null}},"type":"if","locations":[{"start":{"line":108,"column":16},"end":{"line":111,"column":null}},{"start":{"line":108,"column":16},"end":{"line":111,"column":null}}]},"18":{"loc":{"start":{"line":119,"column":12},"end":{"line":121,"column":null}},"type":"if","locations":[{"start":{"line":119,"column":12},"end":{"line":121,"column":null}},{"start":{"line":119,"column":12},"end":{"line":121,"column":null}}]},"19":{"loc":{"start":{"line":140,"column":105},"end":{"line":140,"column":106}},"type":"default-arg","locations":[{"start":{"line":140,"column":105},"end":{"line":140,"column":106}}]},"20":{"loc":{"start":{"line":143,"column":12},"end":{"line":145,"column":null}},"type":"if","locations":[{"start":{"line":143,"column":12},"end":{"line":145,"column":null}},{"start":{"line":143,"column":12},"end":{"line":145,"column":null}}]},"21":{"loc":{"start":{"line":162,"column":146},"end":{"line":162,"column":147}},"type":"default-arg","locations":[{"start":{"line":162,"column":146},"end":{"line":162,"column":147}}]},"22":{"loc":{"start":{"line":166,"column":16},"end":{"line":171,"column":null}},"type":"if","locations":[{"start":{"line":166,"column":16},"end":{"line":171,"column":null}},{"start":{"line":166,"column":16},"end":{"line":171,"column":null}}]},"23":{"loc":{"start":{"line":168,"column":20},"end":{"line":170,"column":null}},"type":"if","locations":[{"start":{"line":168,"column":20},"end":{"line":170,"column":null}},{"start":{"line":168,"column":20},"end":{"line":170,"column":null}}]},"24":{"loc":{"start":{"line":173,"column":16},"end":{"line":200,"column":null}},"type":"if","locations":[{"start":{"line":173,"column":16},"end":{"line":200,"column":null}},{"start":{"line":173,"column":16},"end":{"line":200,"column":null}}]},"25":{"loc":{"start":{"line":177,"column":28},"end":{"line":197,"column":null}},"type":"if","locations":[{"start":{"line":177,"column":28},"end":{"line":197,"column":null}},{"start":{"line":177,"column":28},"end":{"line":197,"column":null}}]},"26":{"loc":{"start":{"line":178,"column":32},"end":{"line":196,"column":null}},"type":"if","locations":[{"start":{"line":178,"column":32},"end":{"line":196,"column":null}},{"start":{"line":178,"column":32},"end":{"line":196,"column":null}}]},"27":{"loc":{"start":{"line":180,"column":36},"end":{"line":182,"column":null}},"type":"if","locations":[{"start":{"line":180,"column":36},"end":{"line":182,"column":null}},{"start":{"line":180,"column":36},"end":{"line":182,"column":null}}]},"28":{"loc":{"start":{"line":188,"column":36},"end":{"line":195,"column":null}},"type":"if","locations":[{"start":{"line":188,"column":36},"end":{"line":195,"column":null}},{"start":{"line":188,"column":36},"end":{"line":195,"column":null}}]},"29":{"loc":{"start":{"line":211,"column":16},"end":{"line":213,"column":null}},"type":"if","locations":[{"start":{"line":211,"column":16},"end":{"line":213,"column":null}},{"start":{"line":211,"column":16},"end":{"line":213,"column":null}}]},"30":{"loc":{"start":{"line":227,"column":16},"end":{"line":233,"column":null}},"type":"if","locations":[{"start":{"line":227,"column":16},"end":{"line":233,"column":null}},{"start":{"line":227,"column":16},"end":{"line":233,"column":null}}]},"31":{"loc":{"start":{"line":229,"column":20},"end":{"line":231,"column":null}},"type":"if","locations":[{"start":{"line":229,"column":20},"end":{"line":231,"column":null}},{"start":{"line":229,"column":20},"end":{"line":231,"column":null}}]},"32":{"loc":{"start":{"line":249,"column":108},"end":{"line":249,"column":109}},"type":"default-arg","locations":[{"start":{"line":249,"column":108},"end":{"line":249,"column":109}}]},"33":{"loc":{"start":{"line":256,"column":16},"end":{"line":258,"column":null}},"type":"if","locations":[{"start":{"line":256,"column":16},"end":{"line":258,"column":null}},{"start":{"line":256,"column":16},"end":{"line":258,"column":null}}]},"34":{"loc":{"start":{"line":261,"column":16},"end":{"line":263,"column":null}},"type":"if","locations":[{"start":{"line":261,"column":16},"end":{"line":263,"column":null}},{"start":{"line":261,"column":16},"end":{"line":263,"column":null}}]},"35":{"loc":{"start":{"line":276,"column":16},"end":{"line":278,"column":null}},"type":"if","locations":[{"start":{"line":276,"column":16},"end":{"line":278,"column":null}},{"start":{"line":276,"column":16},"end":{"line":278,"column":null}}]},"36":{"loc":{"start":{"line":280,"column":16},"end":{"line":284,"column":null}},"type":"if","locations":[{"start":{"line":280,"column":16},"end":{"line":284,"column":null}},{"start":{"line":280,"column":16},"end":{"line":284,"column":null}}]},"37":{"loc":{"start":{"line":295,"column":12},"end":{"line":310,"column":null}},"type":"if","locations":[{"start":{"line":295,"column":12},"end":{"line":310,"column":null}},{"start":{"line":295,"column":12},"end":{"line":310,"column":null}}]},"38":{"loc":{"start":{"line":297,"column":16},"end":{"line":309,"column":null}},"type":"if","locations":[{"start":{"line":297,"column":16},"end":{"line":309,"column":null}},{"start":{"line":297,"column":16},"end":{"line":309,"column":null}}]},"39":{"loc":{"start":{"line":298,"column":20},"end":{"line":308,"column":null}},"type":"if","locations":[{"start":{"line":298,"column":20},"end":{"line":308,"column":null}},{"start":{"line":298,"column":20},"end":{"line":308,"column":null}}]},"40":{"loc":{"start":{"line":300,"column":24},"end":{"line":307,"column":null}},"type":"if","locations":[{"start":{"line":300,"column":24},"end":{"line":307,"column":null}},{"start":{"line":300,"column":24},"end":{"line":307,"column":null}}]},"41":{"loc":{"start":{"line":300,"column":28},"end":{"line":300,"column":48}},"type":"binary-expr","locations":[{"start":{"line":300,"column":28},"end":{"line":300,"column":48}},{"start":{"line":300,"column":52},"end":{"line":300,"column":87}}]},"42":{"loc":{"start":{"line":312,"column":16},"end":{"line":327,"column":null}},"type":"if","locations":[{"start":{"line":312,"column":16},"end":{"line":327,"column":null}},{"start":{"line":312,"column":16},"end":{"line":327,"column":null}}]},"43":{"loc":{"start":{"line":313,"column":20},"end":{"line":326,"column":null}},"type":"if","locations":[{"start":{"line":313,"column":20},"end":{"line":326,"column":null}},{"start":{"line":313,"column":20},"end":{"line":326,"column":null}}]},"44":{"loc":{"start":{"line":314,"column":24},"end":{"line":325,"column":null}},"type":"if","locations":[{"start":{"line":314,"column":24},"end":{"line":325,"column":null}},{"start":{"line":314,"column":24},"end":{"line":325,"column":null}}]},"45":{"loc":{"start":{"line":316,"column":28},"end":{"line":324,"column":null}},"type":"if","locations":[{"start":{"line":316,"column":28},"end":{"line":324,"column":null}},{"start":{"line":316,"column":28},"end":{"line":324,"column":null}}]},"46":{"loc":{"start":{"line":321,"column":32},"end":{"line":323,"column":null}},"type":"if","locations":[{"start":{"line":321,"column":32},"end":{"line":323,"column":null}},{"start":{"line":321,"column":32},"end":{"line":323,"column":null}}]},"47":{"loc":{"start":{"line":334,"column":8},"end":{"line":336,"column":null}},"type":"if","locations":[{"start":{"line":334,"column":8},"end":{"line":336,"column":null}},{"start":{"line":334,"column":8},"end":{"line":336,"column":null}}]},"48":{"loc":{"start":{"line":338,"column":12},"end":{"line":340,"column":null}},"type":"if","locations":[{"start":{"line":338,"column":12},"end":{"line":340,"column":null}},{"start":{"line":338,"column":12},"end":{"line":340,"column":null}}]},"49":{"loc":{"start":{"line":346,"column":8},"end":{"line":352,"column":null}},"type":"if","locations":[{"start":{"line":346,"column":8},"end":{"line":352,"column":null}},{"start":{"line":346,"column":8},"end":{"line":352,"column":null}}]},"50":{"loc":{"start":{"line":346,"column":12},"end":{"line":346,"column":41}},"type":"binary-expr","locations":[{"start":{"line":346,"column":12},"end":{"line":346,"column":41}},{"start":{"line":346,"column":45},"end":{"line":346,"column":78}}]},"51":{"loc":{"start":{"line":348,"column":16},"end":{"line":350,"column":null}},"type":"if","locations":[{"start":{"line":348,"column":16},"end":{"line":350,"column":null}},{"start":{"line":348,"column":16},"end":{"line":350,"column":null}}]},"52":{"loc":{"start":{"line":358,"column":12},"end":{"line":370,"column":null}},"type":"if","locations":[{"start":{"line":358,"column":12},"end":{"line":370,"column":null}},{"start":{"line":358,"column":12},"end":{"line":370,"column":null}}]},"53":{"loc":{"start":{"line":360,"column":20},"end":{"line":367,"column":null}},"type":"if","locations":[{"start":{"line":360,"column":20},"end":{"line":367,"column":null}},{"start":{"line":360,"column":20},"end":{"line":367,"column":null}}]},"54":{"loc":{"start":{"line":361,"column":24},"end":{"line":366,"column":null}},"type":"if","locations":[{"start":{"line":361,"column":24},"end":{"line":366,"column":null}},{"start":{"line":361,"column":24},"end":{"line":366,"column":null}}]},"55":{"loc":{"start":{"line":378,"column":12},"end":{"line":380,"column":null}},"type":"if","locations":[{"start":{"line":378,"column":12},"end":{"line":380,"column":null}},{"start":{"line":378,"column":12},"end":{"line":380,"column":null}}]},"56":{"loc":{"start":{"line":390,"column":16},"end":{"line":392,"column":null}},"type":"if","locations":[{"start":{"line":390,"column":16},"end":{"line":392,"column":null}},{"start":{"line":390,"column":16},"end":{"line":392,"column":null}}]},"57":{"loc":{"start":{"line":390,"column":22},"end":{"line":390,"column":73}},"type":"binary-expr","locations":[{"start":{"line":390,"column":22},"end":{"line":390,"column":73}},{"start":{"line":390,"column":77},"end":{"line":390,"column":128}}]},"58":{"loc":{"start":{"line":394,"column":12},"end":{"line":396,"column":null}},"type":"if","locations":[{"start":{"line":394,"column":12},"end":{"line":396,"column":null}},{"start":{"line":394,"column":12},"end":{"line":396,"column":null}}]},"59":{"loc":{"start":{"line":405,"column":16},"end":{"line":410,"column":null}},"type":"if","locations":[{"start":{"line":405,"column":16},"end":{"line":410,"column":null}},{"start":{"line":405,"column":16},"end":{"line":410,"column":null}}]},"60":{"loc":{"start":{"line":413,"column":12},"end":{"line":415,"column":null}},"type":"if","locations":[{"start":{"line":413,"column":12},"end":{"line":415,"column":null}},{"start":{"line":413,"column":12},"end":{"line":415,"column":null}}]},"61":{"loc":{"start":{"line":423,"column":12},"end":{"line":425,"column":null}},"type":"if","locations":[{"start":{"line":423,"column":12},"end":{"line":425,"column":null}},{"start":{"line":423,"column":12},"end":{"line":425,"column":null}}]},"62":{"loc":{"start":{"line":449,"column":118},"end":{"line":449,"column":119}},"type":"default-arg","locations":[{"start":{"line":449,"column":118},"end":{"line":449,"column":119}}]},"63":{"loc":{"start":{"line":453,"column":12},"end":{"line":457,"column":null}},"type":"if","locations":[{"start":{"line":453,"column":12},"end":{"line":457,"column":null}},{"start":{"line":453,"column":12},"end":{"line":457,"column":null}}]},"64":{"loc":{"start":{"line":454,"column":16},"end":{"line":456,"column":null}},"type":"if","locations":[{"start":{"line":454,"column":16},"end":{"line":456,"column":null}},{"start":{"line":454,"column":16},"end":{"line":456,"column":null}}]},"65":{"loc":{"start":{"line":459,"column":8},"end":{"line":461,"column":null}},"type":"if","locations":[{"start":{"line":459,"column":8},"end":{"line":461,"column":null}},{"start":{"line":459,"column":8},"end":{"line":461,"column":null}}]},"66":{"loc":{"start":{"line":472,"column":8},"end":{"line":489,"column":null}},"type":"if","locations":[{"start":{"line":472,"column":8},"end":{"line":489,"column":null}},{"start":{"line":472,"column":8},"end":{"line":489,"column":null}}]},"67":{"loc":{"start":{"line":477,"column":20},"end":{"line":480,"column":null}},"type":"if","locations":[{"start":{"line":477,"column":20},"end":{"line":480,"column":null}},{"start":{"line":477,"column":20},"end":{"line":480,"column":null}}]},"68":{"loc":{"start":{"line":482,"column":16},"end":{"line":487,"column":null}},"type":"if","locations":[{"start":{"line":482,"column":16},"end":{"line":487,"column":null}},{"start":{"line":482,"column":16},"end":{"line":487,"column":null}}]},"69":{"loc":{"start":{"line":495,"column":12},"end":{"line":497,"column":null}},"type":"if","locations":[{"start":{"line":495,"column":12},"end":{"line":497,"column":null}},{"start":{"line":495,"column":12},"end":{"line":497,"column":null}}]},"70":{"loc":{"start":{"line":504,"column":12},"end":{"line":506,"column":null}},"type":"if","locations":[{"start":{"line":504,"column":12},"end":{"line":506,"column":null}},{"start":{"line":504,"column":12},"end":{"line":506,"column":null}}]},"71":{"loc":{"start":{"line":504,"column":16},"end":{"line":504,"column":61}},"type":"binary-expr","locations":[{"start":{"line":504,"column":16},"end":{"line":504,"column":61}},{"start":{"line":504,"column":65},"end":{"line":504,"column":135}}]},"72":{"loc":{"start":{"line":516,"column":8},"end":{"line":526,"column":null}},"type":"if","locations":[{"start":{"line":516,"column":8},"end":{"line":526,"column":null}},{"start":{"line":516,"column":8},"end":{"line":526,"column":null}}]},"73":{"loc":{"start":{"line":518,"column":15},"end":{"line":526,"column":null}},"type":"if","locations":[{"start":{"line":518,"column":15},"end":{"line":526,"column":null}},{"start":{"line":518,"column":15},"end":{"line":526,"column":null}}]},"74":{"loc":{"start":{"line":520,"column":15},"end":{"line":526,"column":null}},"type":"if","locations":[{"start":{"line":520,"column":15},"end":{"line":526,"column":null}},{"start":{"line":520,"column":15},"end":{"line":526,"column":null}}]},"75":{"loc":{"start":{"line":522,"column":15},"end":{"line":526,"column":null}},"type":"if","locations":[{"start":{"line":522,"column":15},"end":{"line":526,"column":null}},{"start":{"line":522,"column":15},"end":{"line":526,"column":null}}]}},"s":{"0":40,"1":40,"2":40,"3":40,"4":40,"5":40,"6":40,"7":40,"8":40,"9":40,"10":40,"11":253,"12":253,"13":253,"14":253,"15":253,"16":253,"17":253,"18":253,"19":52,"20":52,"21":7,"22":7,"23":7,"24":10,"25":49,"26":36,"27":70,"28":36,"29":14,"30":25,"31":13,"32":13,"33":14,"34":14,"35":14,"36":14,"37":14,"38":14,"39":14,"40":10,"41":10,"42":3,"43":3,"44":7,"45":253,"46":401,"47":253,"48":0,"49":0,"50":0,"51":0,"52":0,"53":0,"54":0,"55":0,"56":0,"57":0,"58":1,"59":17,"60":17,"61":1,"62":16,"63":5,"64":11,"65":7,"66":4,"67":3,"68":4,"69":2,"70":2,"71":267,"72":415,"73":269,"74":201,"75":201,"76":14,"77":14,"78":39,"79":15,"80":14,"81":27,"82":15,"83":256,"84":256,"85":430,"86":256,"87":479,"88":479,"89":6566,"90":2386,"91":479,"92":1927,"93":6076,"94":1927,"95":267,"96":492,"97":492,"98":1743,"99":284,"100":284,"101":274,"102":1469,"103":1469,"104":1448,"105":4333,"106":1448,"107":2031,"108":4062,"109":2031,"110":1951,"111":1951,"112":0,"113":1951,"114":1951,"115":1951,"116":5842,"117":1951,"118":1951,"119":6,"120":6,"121":1945,"122":1945,"123":1945,"124":267,"125":492,"126":1469,"127":1469,"128":1469,"129":2197,"130":4394,"131":2197,"132":2197,"133":2197,"134":4753,"135":2197,"136":1469,"137":1676,"138":1676,"139":29506,"140":3583685,"141":8326,"142":8326,"143":40,"144":8326,"145":1676,"146":537,"147":537,"148":537,"149":1032,"150":3810,"151":3810,"152":3810,"153":1086,"154":2724,"155":2724,"156":1676,"157":2724,"158":2724,"159":2724,"160":729,"161":1995,"162":751,"163":751,"164":751,"165":537,"166":751,"167":751,"168":751,"169":7259,"170":7253,"171":7253,"172":3069,"173":2514,"174":2514,"175":2337,"176":2337,"177":2337,"178":2337,"179":2337,"180":2337,"181":4922,"182":1490748,"183":1490621,"184":20386,"185":4700,"186":4700,"187":491,"188":491,"189":491,"190":491,"191":491,"192":12,"193":751,"194":4753,"195":2395,"196":2358,"197":4716,"198":0,"199":2358,"200":6747,"201":1086,"202":1086,"203":80,"204":6667,"205":1951,"206":5321,"207":1951,"208":804556,"209":2023,"210":2023,"211":0,"212":0,"213":1951,"214":1951,"215":2724,"216":11441,"217":11441,"218":729,"219":1995,"220":1490748,"221":82804,"222":82804,"223":165608,"224":155822,"225":82804,"226":127,"227":1490621,"228":3249658,"229":6493184,"230":6493184,"231":6493184,"232":11220,"233":11220,"234":6481964,"235":6493184,"236":11220,"237":3238438,"238":7556,"239":7556,"240":3249658,"241":11220,"242":7556,"243":6826310,"244":10277,"245":10277,"246":1448,"247":150519,"248":1448,"249":1448,"250":1448,"251":2876,"252":2031,"253":2031,"254":1448,"255":1448,"256":0,"257":201,"258":201,"259":201,"260":201,"261":201,"262":3393,"263":3393,"264":0,"265":0,"266":0,"267":3393,"268":3393,"269":3393,"270":3393,"271":3393,"272":201,"273":3583685,"274":2968513,"275":8326,"276":3575359,"277":1521329,"278":1742178,"279":1490660,"280":30669,"281":150527,"282":150527,"283":150527,"284":2509,"285":148018,"286":285,"287":147733,"288":15,"289":147718,"290":14,"291":147704,"292":40},"f":{"0":253,"1":70,"2":25,"3":401,"4":0,"5":1,"6":17,"7":17,"8":267,"9":14,"10":27,"11":15,"12":256,"13":479,"14":1927,"15":6076,"16":267,"17":4333,"18":5842,"19":492,"20":1469,"21":4753,"22":1676,"23":537,"24":751,"25":4753,"26":6747,"27":1951,"28":2724,"29":1490748,"30":3249658,"31":7556,"32":6826310,"33":10277,"34":1448,"35":150519,"36":201,"37":3583685,"38":1521329,"39":150527},"b":{"0":[52,201],"1":[7,45],"2":[36,13],"3":[14,22],"4":[13,1],"5":[3,7],"6":[10,3],"7":[0,0],"8":[0,0],"9":[1,16],"10":[17,2],"11":[5,11],"12":[16,6],"13":[7,4],"14":[4,3],"15":[2,2],"16":[269,146],"17":[201,68],"18":[15,24],"19":[0],"20":[2386,4180],"21":[253],"22":[284,1459],"23":[274,10],"24":[1448,21],"25":[2031,2031],"26":[1951,80],"27":[0,1951],"28":[6,1945],"29":[2197,2197],"30":[8326,3575359],"31":[40,8286],"32":[253],"33":[1086,2724],"34":[1676,1048],"35":[729,1995],"36":[751,1244],"37":[7253,6],"38":[3069,4184],"39":[2514,555],"40":[2337,177],"41":[2514,2380],"42":[1490621,127],"43":[20386,1470235],"44":[4700,15686],"45":[491,4209],"46":[12,479],"47":[2395,2358],"48":[0,4716],"49":[1086,5661],"50":[6747,1086],"51":[80,1006],"52":[1951,3370],"53":[2023,802533],"54":[2023,0],"55":[729,10712],"56":[155822,9786],"57":[165608,159062],"58":[127,82677],"59":[11220,6481964],"60":[11220,6481964],"61":[11220,3238438],"62":[0],"63":[2031,845],"64":[2031,0],"65":[1448,0],"66":[201,0],"67":[0,0],"68":[3393,0],"69":[8326,2960187],"70":[1490660,251518],"71":[1742178,1490660],"72":[2509,148018],"73":[285,147733],"74":[15,147718],"75":[14,147704]}}
}
