TN:
SF:C:\Users\dbergmann\Desktop\list-manager\src\backend\controller\objects\series.ts
FN:43,(anonymous_0)
FN:49,(anonymous_1)
FN:56,(anonymous_2)
FN:70,(anonymous_3)
FN:78,(anonymous_4)
FN:94,(anonymous_5)
FN:111,(anonymous_6)
FN:132,(anonymous_7)
FN:135,(anonymous_8)
FN:136,(anonymous_9)
FN:146,(anonymous_10)
FN:148,(anonymous_11)
FN:156,(anonymous_12)
FN:160,(anonymous_13)
FN:174,(anonymous_14)
FN:203,(anonymous_15)
FN:214,(anonymous_16)
FN:228,(anonymous_17)
FN:244,(anonymous_18)
FN:259,(anonymous_19)
FN:273,(anonymous_20)
FN:275,(anonymous_21)
FN:287,(anonymous_22)
FN:317,(anonymous_23)
FN:340,(anonymous_24)
FN:377,(anonymous_25)
FN:398,(anonymous_26)
FN:412,(anonymous_27)
FN:427,(anonymous_28)
FN:434,(anonymous_29)
FN:462,(anonymous_30)
FN:475,(anonymous_31)
FN:488,(anonymous_32)
FN:490,(anonymous_33)
FN:495,(anonymous_34)
FN:540,(anonymous_35)
FN:558,(anonymous_36)
FN:621,(anonymous_37)
FN:628,(anonymous_38)
FN:651,(anonymous_39)
FNF:40
FNH:37
FNDA:5652,(anonymous_0)
FNDA:4001,(anonymous_1)
FNDA:81,(anonymous_2)
FNDA:35715,(anonymous_3)
FNDA:40437,(anonymous_4)
FNDA:3,(anonymous_5)
FNDA:0,(anonymous_6)
FNDA:9,(anonymous_7)
FNDA:9,(anonymous_8)
FNDA:9,(anonymous_9)
FNDA:1,(anonymous_10)
FNDA:2,(anonymous_11)
FNDA:2405,(anonymous_12)
FNDA:2644,(anonymous_13)
FNDA:5627,(anonymous_14)
FNDA:147,(anonymous_15)
FNDA:268,(anonymous_16)
FNDA:278,(anonymous_17)
FNDA:385,(anonymous_18)
FNDA:40,(anonymous_19)
FNDA:29638,(anonymous_20)
FNDA:75216,(anonymous_21)
FNDA:40,(anonymous_22)
FNDA:4,(anonymous_23)
FNDA:1,(anonymous_24)
FNDA:1871,(anonymous_25)
FNDA:921,(anonymous_26)
FNDA:987,(anonymous_27)
FNDA:89034,(anonymous_28)
FNDA:28797,(anonymous_29)
FNDA:6485,(anonymous_30)
FNDA:0,(anonymous_31)
FNDA:19,(anonymous_32)
FNDA:127,(anonymous_33)
FNDA:11599,(anonymous_34)
FNDA:28797,(anonymous_35)
FNDA:40,(anonymous_36)
FNDA:22,(anonymous_37)
FNDA:0,(anonymous_38)
FNDA:40,(anonymous_39)
DA:1,40
DA:2,40
DA:3,40
DA:4,40
DA:5,40
DA:6,40
DA:7,40
DA:8,40
DA:9,40
DA:10,40
DA:11,40
DA:14,40
DA:15,40
DA:16,40
DA:19,40
DA:20,40
DA:22,40
DA:24,40
DA:26,40
DA:27,40
DA:29,40
DA:30,40
DA:32,5652
DA:33,5652
DA:34,5652
DA:35,5652
DA:39,5652
DA:40,5652
DA:44,5652
DA:46,5652
DA:50,4001
DA:51,4001
DA:52,4001
DA:53,4001
DA:57,81
DA:58,81
DA:59,81
DA:60,459
DA:61,41
DA:64,81
DA:71,35715
DA:72,35715
DA:79,40437
DA:80,40437
DA:81,49514
DA:82,49514
DA:84,0
DA:87,40437
DA:95,3
DA:96,3
DA:97,3
DA:99,3
DA:112,0
DA:113,0
DA:114,0
DA:115,0
DA:116,0
DA:117,0
DA:118,0
DA:119,0
DA:120,0
DA:121,0
DA:126,0
DA:133,9
DA:134,9
DA:135,9
DA:136,9
DA:137,7
DA:138,0
DA:140,7
DA:147,1
DA:148,2
DA:149,1
DA:157,2405
DA:159,2405
DA:160,2644
DA:162,0
DA:164,2405
DA:165,2405
DA:167,0
DA:175,5627
DA:176,5627
DA:177,3712
DA:178,3712
DA:180,83
DA:181,28
DA:182,26
DA:183,26
DA:184,26
DA:185,26
DA:188,83
DA:189,83
DA:190,3629
DA:191,350
DA:193,3279
DA:194,3279
DA:197,5544
DA:198,603
DA:200,4941
DA:204,147
DA:205,147
DA:206,147
DA:207,147
DA:208,185
DA:209,148
DA:210,148
DA:211,270
DA:213,898
DA:214,268
DA:215,89
DA:223,0
DA:225,58
DA:229,278
DA:230,106
DA:232,278
DA:233,0
DA:235,278
DA:236,278
DA:237,278
DA:238,278
DA:239,745
DA:240,745
DA:241,235
DA:242,394
DA:243,1338
DA:244,385
DA:245,65
DA:254,0
DA:256,213
DA:260,40
DA:261,0
DA:263,40
DA:264,40
DA:265,38
DA:267,2
DA:268,2
DA:270,40
DA:274,29638
DA:275,75216
DA:276,29638
DA:277,29638
DA:279,0
DA:288,40
DA:289,40
DA:291,40
DA:292,40
DA:293,40
DA:294,40
DA:295,27
DA:296,27
DA:298,40
DA:299,40
DA:300,40
DA:302,40
DA:303,0
DA:305,40
DA:308,40
DA:309,3
DA:311,37
DA:314,40
DA:318,4
DA:319,3
DA:320,3
DA:321,3
DA:322,3
DA:323,0
DA:326,3
DA:327,3
DA:328,3
DA:330,0
DA:333,0
DA:341,1
DA:342,1
DA:343,0
DA:346,1
DA:347,1
DA:349,1
DA:350,0
DA:351,0
DA:352,0
DA:354,0
DA:358,1
DA:359,1
DA:360,1
DA:361,1
DA:362,1
DA:363,1
DA:368,0
DA:378,1871
DA:380,1871
DA:381,1956
DA:382,11819
DA:383,11599
DA:384,11599
DA:386,11514
DA:391,1871
DA:392,1870
DA:395,1871
DA:399,921
DA:400,1038
DA:401,178
DA:404,743
DA:405,481
DA:406,0
DA:409,743
DA:413,987
DA:414,1143
DA:415,148
DA:418,839
DA:419,741
DA:420,0
DA:423,839
DA:428,89034
DA:429,89034
DA:430,89034
DA:431,89034
DA:435,28797
DA:436,28797
DA:437,33649
DA:438,1307
DA:442,28797
DA:444,28797
DA:445,27681
DA:446,27681
DA:448,1116
DA:449,1116
DA:450,1116
DA:451,1116
DA:454,0
DA:455,0
DA:463,6485
DA:464,6485
DA:465,9696
DA:466,7040
DA:469,6485
DA:476,0
DA:477,0
DA:478,0
DA:480,0
DA:481,0
DA:482,0
DA:485,0
DA:489,19
DA:490,127
DA:491,19
DA:492,19
DA:496,11599
DA:497,11599
DA:498,11599
DA:499,11563
DA:500,13133
DA:501,13133
DA:502,13162
DA:503,238
DA:504,238
DA:505,238
DA:506,0
DA:507,238
DA:508,13
DA:510,225
DA:511,144
DA:512,45
DA:515,180
DA:516,61
DA:517,12
DA:520,168
DA:521,116
DA:522,11
DA:525,157
DA:526,84
DA:527,4
DA:534,11514
DA:541,28797
DA:542,28797
DA:543,28797
DA:544,36750
DA:545,36750
DA:546,362
DA:549,28797
DA:559,40
DA:560,22
DA:562,18
DA:563,18
DA:564,18
DA:566,0
DA:567,0
DA:569,18
DA:570,0
DA:572,18
DA:573,18
DA:574,1
DA:575,1
DA:576,2
DA:577,2
DA:578,2
DA:579,1
DA:585,16
DA:586,32
DA:587,32
DA:588,15
DA:589,15
DA:590,15
DA:591,0
DA:592,0
DA:596,0
DA:597,0
DA:598,0
DA:599,0
DA:600,0
DA:601,0
DA:602,0
DA:604,0
DA:605,0
DA:608,0
DA:615,16
DA:622,22
DA:623,22
DA:624,22
DA:625,22
DA:626,22
DA:627,43
DA:628,43
DA:629,43
DA:630,22
DA:632,21
DA:633,21
DA:634,21
DA:635,0
DA:636,0
DA:638,21
DA:639,1
DA:646,22
DA:651,40
DA:653,40
DA:655,40
DA:657,40
DA:659,40
DA:661,40
DA:663,40
LF:339
LH:280
BRDA:60,0,0,41
BRDA:60,0,1,418
BRDA:111,1,0,0
BRDA:116,2,0,0
BRDA:116,2,1,0
BRDA:116,3,0,0
BRDA:116,3,1,0
BRDA:118,4,0,0
BRDA:118,4,1,0
BRDA:120,5,0,0
BRDA:120,5,1,0
BRDA:137,6,0,0
BRDA:137,6,1,7
BRDA:164,7,0,2405
BRDA:164,7,1,0
BRDA:174,8,0,5139
BRDA:174,9,0,5600
BRDA:176,10,0,3712
BRDA:176,10,1,1915
BRDA:176,11,0,5627
BRDA:176,11,1,1960
BRDA:176,11,2,3712
BRDA:178,12,0,83
BRDA:178,12,1,3629
BRDA:178,13,0,3712
BRDA:178,13,1,179
BRDA:180,14,0,28
BRDA:180,14,1,55
BRDA:180,15,0,83
BRDA:180,15,1,56
BRDA:180,15,2,28
BRDA:181,16,0,26
BRDA:181,16,1,2
BRDA:190,17,0,350
BRDA:190,17,1,3279
BRDA:197,18,0,603
BRDA:197,18,1,4941
BRDA:208,19,0,148
BRDA:208,19,1,37
BRDA:208,20,0,185
BRDA:208,20,1,185
BRDA:213,21,0,268
BRDA:213,21,1,630
BRDA:214,22,0,89
BRDA:214,22,1,179
BRDA:229,23,0,106
BRDA:229,23,1,172
BRDA:232,24,0,0
BRDA:232,24,1,278
BRDA:240,25,0,235
BRDA:240,25,1,510
BRDA:240,26,0,745
BRDA:240,26,1,745
BRDA:243,27,0,385
BRDA:243,27,1,953
BRDA:244,28,0,65
BRDA:244,28,1,320
BRDA:260,29,0,0
BRDA:260,29,1,40
BRDA:276,30,0,29638
BRDA:276,30,1,0
BRDA:287,31,0,10
BRDA:287,32,0,27
BRDA:294,33,0,27
BRDA:294,33,1,13
BRDA:302,34,0,0
BRDA:302,34,1,40
BRDA:308,35,0,3
BRDA:308,35,1,37
BRDA:320,36,0,3
BRDA:320,36,1,0
BRDA:322,37,0,0
BRDA:322,37,1,3
BRDA:327,38,0,3
BRDA:327,38,1,0
BRDA:342,39,0,0
BRDA:342,39,1,1
BRDA:346,40,0,1
BRDA:346,40,1,0
BRDA:349,41,0,0
BRDA:349,41,1,1
BRDA:351,42,0,0
BRDA:351,42,1,0
BRDA:358,43,0,1
BRDA:358,43,1,0
BRDA:361,44,0,1
BRDA:361,44,1,0
BRDA:377,45,0,1870
BRDA:382,46,0,11599
BRDA:382,46,1,220
BRDA:391,47,0,1870
BRDA:391,47,1,1
BRDA:400,48,0,178
BRDA:400,48,1,860
BRDA:405,49,0,0
BRDA:405,49,1,481
BRDA:414,50,0,148
BRDA:414,50,1,995
BRDA:419,51,0,0
BRDA:419,51,1,741
BRDA:437,52,0,1307
BRDA:437,52,1,32342
BRDA:444,53,0,27681
BRDA:444,53,1,1116
BRDA:449,54,0,1116
BRDA:449,54,1,0
BRDA:465,55,0,7040
BRDA:465,55,1,2656
BRDA:477,56,0,0
BRDA:477,56,1,0
BRDA:481,57,0,0
BRDA:481,57,1,0
BRDA:498,58,0,11563
BRDA:498,58,1,36
BRDA:498,59,0,11599
BRDA:498,59,1,116
BRDA:498,59,2,104
BRDA:502,60,0,238
BRDA:502,60,1,12924
BRDA:505,61,0,0
BRDA:505,61,1,238
BRDA:505,62,0,238
BRDA:505,62,1,22
BRDA:507,63,0,13
BRDA:507,63,1,225
BRDA:507,64,0,238
BRDA:507,64,1,22
BRDA:511,65,0,45
BRDA:511,65,1,99
BRDA:516,66,0,12
BRDA:516,66,1,49
BRDA:521,67,0,11
BRDA:521,67,1,105
BRDA:526,68,0,4
BRDA:526,68,1,80
BRDA:545,69,0,362
BRDA:545,69,1,36388
BRDA:559,70,0,22
BRDA:559,70,1,18
BRDA:569,71,0,0
BRDA:569,71,1,18
BRDA:573,72,0,1
BRDA:573,72,1,15
BRDA:577,73,0,2
BRDA:577,73,1,0
BRDA:577,74,0,2
BRDA:577,74,1,2
BRDA:578,75,0,1
BRDA:578,75,1,1
BRDA:578,76,0,2
BRDA:578,76,1,1
BRDA:587,77,0,15
BRDA:587,77,1,17
BRDA:587,78,0,32
BRDA:587,78,1,32
BRDA:587,78,2,16
BRDA:590,79,0,0
BRDA:590,79,1,15
BRDA:590,80,0,15
BRDA:590,80,1,15
BRDA:590,80,2,1
BRDA:591,81,0,0
BRDA:591,81,1,0
BRDA:596,82,0,0
BRDA:596,82,1,0
BRDA:597,83,0,0
BRDA:597,83,1,0
BRDA:597,84,0,0
BRDA:597,84,1,0
BRDA:599,85,0,0
BRDA:599,85,1,0
BRDA:601,86,0,0
BRDA:601,86,1,0
BRDA:621,87,0,22
BRDA:625,88,0,22
BRDA:625,88,1,0
BRDA:627,89,0,43
BRDA:627,89,1,0
BRDA:628,90,0,43
BRDA:628,90,1,0
BRDA:629,91,0,22
BRDA:629,91,1,21
BRDA:632,92,0,21
BRDA:632,92,1,21
BRDA:633,93,0,21
BRDA:633,93,1,21
BRDA:634,94,0,0
BRDA:634,94,1,21
BRDA:634,95,0,21
BRDA:634,95,1,0
BRDA:635,96,0,0
BRDA:635,96,1,0
BRDA:638,97,0,1
BRDA:638,97,1,20
BRDA:651,98,0,40
BRDA:651,98,1,40
BRF:196
BRH:141
end_of_record
TN:
SF:C:\Users\dbergmann\Desktop\list-manager\src\backend\helpFunctions\title-check-helper.ts
FN:9,(anonymous_0)
FN:10,(anonymous_1)
FN:11,(anonymous_2)
FN:15,(anonymous_3)
FN:48,(anonymous_4)
FN:76,(anonymous_5)
FN:118,(anonymous_6)
FN:147,(anonymous_7)
FN:173,(anonymous_8)
FN:198,(anonymous_9)
FN:209,(anonymous_10)
FNF:11
FNH:11
FNDA:1600,(anonymous_0)
FNDA:3887,(anonymous_1)
FNDA:2356,(anonymous_2)
FNDA:405763,(anonymous_3)
FNDA:959,(anonymous_4)
FNDA:405771,(anonymous_5)
FNDA:32290,(anonymous_6)
FNDA:6034,(anonymous_7)
FNDA:36759,(anonymous_8)
FNDA:10603,(anonymous_9)
FNDA:2194864,(anonymous_10)
DA:1,40
DA:2,40
DA:4,40
DA:5,40
DA:6,40
DA:8,40
DA:10,3887
DA:11,2356
DA:12,1600
DA:16,405763
DA:17,950
DA:18,2086
DA:19,2086
DA:20,2086
DA:21,2086
DA:22,2086
DA:23,354
DA:26,0
DA:29,950
DA:30,8510
DA:31,8510
DA:32,8510
DA:33,8510
DA:34,8510
DA:35,2229
DA:38,0
DA:41,950
DA:42,142
DA:45,405621
DA:49,959
DA:50,1662
DA:51,1662
DA:53,10974
DA:54,10974
DA:55,10974
DA:56,10974
DA:57,79
DA:59,10895
DA:60,10895
DA:61,10895
DA:62,53
DA:64,10842
DA:65,10842
DA:66,10842
DA:67,17
DA:73,810
DA:77,405771
DA:78,405771
DA:79,405771
DA:80,405771
DA:81,405771
DA:82,407326
DA:83,407326
DA:84,2191301
DA:85,2191301
DA:86,2187738
DA:88,3563
DA:89,3563
DA:90,1413
DA:92,2150
DA:94,3563
DA:95,3563
DA:96,198
DA:97,3365
DA:98,60
DA:100,3563
DA:101,3563
DA:103,3563
DA:104,3563
DA:105,957
DA:111,404814
DA:113,0
DA:114,0
DA:119,32290
DA:120,32272
DA:121,32272
DA:122,32272
DA:123,32272
DA:124,108
DA:125,108
DA:126,108
DA:128,32164
DA:129,27
DA:131,32137
DA:132,1668
DA:134,30469
DA:135,30749
DA:136,30749
DA:139,30469
DA:140,258
DA:144,30229
DA:148,6034
DA:149,6034
DA:150,6034
DA:151,6034
DA:152,6034
DA:153,101
DA:154,101
DA:155,58
DA:156,58
DA:157,58
DA:158,43
DA:159,13
DA:160,13
DA:161,13
DA:162,30
DA:163,30
DA:164,30
DA:165,30
DA:169,5933
DA:170,5933
DA:174,36759
DA:175,41
DA:178,36718
DA:179,1
DA:183,36717
DA:184,12
DA:187,36705
DA:188,5
DA:191,36700
DA:192,311
DA:195,36389
DA:199,10603
DA:200,10603
DA:201,10603
DA:202,10603
DA:203,10603
DA:204,10603
DA:205,10603
DA:206,10603
DA:210,2194864
LF:131
LH:127
BRDA:16,0,0,950
BRDA:16,0,1,404813
BRDA:22,1,0,354
BRDA:22,1,1,1732
BRDA:34,2,0,2229
BRDA:34,2,1,6281
BRDA:41,3,0,142
BRDA:41,3,1,808
BRDA:50,4,0,1662
BRDA:50,4,1,0
BRDA:50,5,0,1662
BRDA:50,5,1,1662
BRDA:53,6,0,10974
BRDA:53,6,1,0
BRDA:53,7,0,10974
BRDA:53,7,1,10974
BRDA:56,8,0,79
BRDA:56,8,1,10895
BRDA:61,9,0,53
BRDA:61,9,1,10842
BRDA:66,10,0,17
BRDA:66,10,1,10825
BRDA:82,11,0,407326
BRDA:82,11,1,0
BRDA:84,12,0,2191301
BRDA:84,12,1,0
BRDA:85,13,0,2187738
BRDA:85,13,1,3563
BRDA:89,14,0,1413
BRDA:89,14,1,2150
BRDA:95,15,0,198
BRDA:95,15,1,3365
BRDA:97,16,0,60
BRDA:97,16,1,3305
BRDA:104,17,0,957
BRDA:104,17,1,2606
BRDA:119,18,0,32272
BRDA:119,18,1,18
BRDA:123,19,0,108
BRDA:123,19,1,32164
BRDA:125,20,0,108
BRDA:125,20,1,0
BRDA:128,21,0,27
BRDA:128,21,1,32137
BRDA:131,22,0,1668
BRDA:131,22,1,30469
BRDA:139,23,0,258
BRDA:139,23,1,30211
BRDA:152,24,0,101
BRDA:152,24,1,5933
BRDA:153,25,0,101
BRDA:153,25,1,0
BRDA:154,26,0,58
BRDA:154,26,1,43
BRDA:158,27,0,13
BRDA:158,27,1,30
BRDA:162,28,0,30
BRDA:162,28,1,0
BRDA:174,29,0,41
BRDA:174,29,1,36718
BRDA:178,30,0,1
BRDA:178,30,1,36717
BRDA:183,31,0,12
BRDA:183,31,1,36705
BRDA:187,32,0,5
BRDA:187,32,1,36700
BRDA:191,33,0,311
BRDA:191,33,1,36389
BRF:68
BRH:61
end_of_record
TN:
SF:C:\Users\dbergmann\Desktop\list-manager\src\backend\helpFunctions\provider\provider-helper.ts
FN:16,(anonymous_0)
FN:36,(anonymous_1)
FN:58,(anonymous_2)
FN:95,(anonymous_3)
FN:113,(anonymous_4)
FN:116,(anonymous_5)
FN:131,(anonymous_6)
FN:139,(anonymous_7)
FN:157,(anonymous_8)
FN:176,(anonymous_9)
FN:177,(anonymous_10)
FN:181,(anonymous_11)
FN:189,(anonymous_12)
FN:209,(anonymous_13)
FN:215,(anonymous_14)
FN:226,(anonymous_15)
FN:235,(anonymous_16)
FN:236,(anonymous_17)
FN:237,(anonymous_18)
FN:250,(anonymous_19)
FN:273,(anonymous_20)
FN:281,(anonymous_21)
FN:302,(anonymous_22)
FNF:23
FNH:23
FNDA:139,(anonymous_0)
FNDA:20,(anonymous_1)
FNDA:2045,(anonymous_2)
FNDA:2054,(anonymous_3)
FNDA:136,(anonymous_4)
FNDA:2338,(anonymous_5)
FNDA:136,(anonymous_6)
FNDA:1937,(anonymous_7)
FNDA:136,(anonymous_8)
FNDA:136,(anonymous_9)
FNDA:149,(anonymous_10)
FNDA:141,(anonymous_11)
FNDA:137,(anonymous_12)
FNDA:136,(anonymous_13)
FNDA:19612,(anonymous_14)
FNDA:3781,(anonymous_15)
FNDA:3790,(anonymous_16)
FNDA:3832,(anonymous_17)
FNDA:3820,(anonymous_18)
FNDA:38,(anonymous_19)
FNDA:1946,(anonymous_20)
FNDA:2045,(anonymous_21)
FNDA:2234,(anonymous_22)
DA:4,40
DA:5,40
DA:7,40
DA:8,40
DA:9,40
DA:10,40
DA:11,40
DA:14,40
DA:17,139
DA:19,136
DA:20,136
DA:21,20
DA:22,20
DA:25,136
DA:26,136
DA:28,136
DA:29,136
DA:31,136
DA:33,139
DA:37,20
DA:38,20
DA:39,20
DA:40,25
DA:41,25
DA:42,25
DA:43,23
DA:44,23
DA:45,51
DA:49,2
DA:52,20
DA:59,2045
DA:60,2045
DA:61,2045
DA:62,2045
DA:63,0
DA:64,0
DA:65,0
DA:66,0
DA:68,0
DA:72,2045
DA:73,2045
DA:74,2045
DA:75,2045
DA:77,2054
DA:78,2054
DA:79,9
DA:81,2054
DA:82,85
DA:83,85
DA:85,1969
DA:89,2045
DA:90,76
DA:92,2045
DA:96,2054
DA:97,9
DA:98,0
DA:99,0
DA:102,2045
DA:103,76
DA:104,9
DA:107,2045
DA:114,136
DA:115,136
DA:116,2338
DA:117,141
DA:119,1863
DA:120,1863
DA:121,1805
DA:124,28
DA:128,136
DA:132,136
DA:133,136
DA:134,136
DA:136,136
DA:137,136
DA:138,1918
DA:139,1937
DA:140,1918
DA:141,1918
DA:142,1918
DA:143,1918
DA:144,1918
DA:145,1918
DA:146,29
DA:151,0
DA:154,136
DA:158,136
DA:159,136
DA:160,136
DA:161,136
DA:162,136
DA:163,104
DA:164,104
DA:165,104
DA:166,104
DA:167,55
DA:170,0
DA:173,136
DA:177,149
DA:178,136
DA:182,141
DA:183,141
DA:184,137
DA:186,4
DA:190,137
DA:191,137
DA:192,137
DA:193,115
DA:194,115
DA:195,228
DA:196,10
DA:197,10
DA:199,10
DA:202,115
DA:203,105
DA:206,137
DA:210,136
DA:211,136
DA:212,136
DA:214,136
DA:215,19612
DA:216,1946
DA:217,1946
DA:218,141
DA:219,113
DA:222,1805
DA:226,3781
DA:227,136
DA:236,3832
DA:237,3820
DA:238,3790
DA:239,474
DA:240,3316
DA:241,20
DA:243,3296
DA:251,38
DA:252,38
DA:253,38
DA:254,38
DA:255,38
DA:256,38
DA:257,0
DA:258,0
DA:260,38
DA:261,0
DA:262,0
DA:266,0
DA:268,38
DA:274,1946
DA:275,2122
DA:276,141
DA:282,2045
DA:283,2045
DA:284,2377
DA:285,2377
DA:286,2233
DA:287,0
DA:288,0
DA:289,0
DA:291,0
DA:296,132
DA:299,2045
DA:303,2234
DA:304,2137
DA:305,76
DA:306,1
DA:310,2101
LF:167
LH:149
BRDA:16,0,0,139
BRDA:16,1,0,139
BRDA:17,2,0,136
BRDA:17,2,1,3
BRDA:17,3,0,139
BRDA:17,3,1,3
BRDA:20,4,0,20
BRDA:20,4,1,116
BRDA:41,5,0,25
BRDA:41,5,1,0
BRDA:41,6,0,25
BRDA:41,6,1,25
BRDA:41,6,2,0
BRDA:78,7,0,9
BRDA:78,7,1,2045
BRDA:89,8,0,76
BRDA:89,8,1,1969
BRDA:96,9,0,9
BRDA:96,9,1,2045
BRDA:96,10,0,2054
BRDA:96,10,1,9
BRDA:97,11,0,0
BRDA:97,11,1,9
BRDA:98,12,0,0
BRDA:98,12,1,0
BRDA:102,13,0,76
BRDA:102,13,1,1969
BRDA:102,14,0,2045
BRDA:102,14,1,2045
BRDA:103,15,0,9
BRDA:103,15,1,67
BRDA:113,16,0,0
BRDA:116,17,0,141
BRDA:116,17,1,1863
BRDA:120,18,0,1805
BRDA:120,18,1,30
BRDA:140,19,0,1918
BRDA:140,19,1,0
BRDA:140,20,0,1918
BRDA:140,20,1,113
BRDA:140,20,2,1805
BRDA:183,21,0,137
BRDA:183,21,1,4
BRDA:195,22,0,10
BRDA:195,22,1,218
BRDA:196,23,0,10
BRDA:196,23,1,0
BRDA:202,24,0,105
BRDA:202,24,1,10
BRDA:215,25,0,1946
BRDA:215,25,1,170
BRDA:217,26,0,141
BRDA:217,26,1,1805
BRDA:218,27,0,113
BRDA:218,27,1,28
BRDA:218,28,0,141
BRDA:218,28,1,28
BRDA:238,29,0,474
BRDA:238,29,1,3316
BRDA:240,30,0,20
BRDA:240,30,1,3296
BRDA:253,31,0,38
BRDA:253,31,1,0
BRDA:256,32,0,0
BRDA:256,32,1,38
BRDA:260,33,0,0
BRDA:260,33,1,38
BRDA:275,34,0,141
BRDA:275,34,1,1981
BRDA:285,35,0,2233
BRDA:285,35,1,144
BRDA:286,36,0,0
BRDA:286,36,1,2101
BRDA:303,37,0,2137
BRDA:303,37,1,97
BRDA:305,38,0,1
BRDA:305,38,1,75
BRF:77
BRH:65
end_of_record
