TN:
SF:C:\Users\dbergmann\Desktop\list-manager\src\backend\controller\objects\series.ts
FN:43,(anonymous_0)
FN:49,(anonymous_1)
FN:56,(anonymous_2)
FN:70,(anonymous_3)
FN:78,(anonymous_4)
FN:94,(anonymous_5)
FN:111,(anonymous_6)
FN:132,(anonymous_7)
FN:135,(anonymous_8)
FN:136,(anonymous_9)
FN:146,(anonymous_10)
FN:148,(anonymous_11)
FN:156,(anonymous_12)
FN:160,(anonymous_13)
FN:174,(anonymous_14)
FN:203,(anonymous_15)
FN:214,(anonymous_16)
FN:228,(anonymous_17)
FN:244,(anonymous_18)
FN:259,(anonymous_19)
FN:273,(anonymous_20)
FN:275,(anonymous_21)
FN:287,(anonymous_22)
FN:317,(anonymous_23)
FN:340,(anonymous_24)
FN:377,(anonymous_25)
FN:398,(anonymous_26)
FN:412,(anonymous_27)
FN:427,(anonymous_28)
FN:434,(anonymous_29)
FN:462,(anonymous_30)
FN:475,(anonymous_31)
FN:488,(anonymous_32)
FN:490,(anonymous_33)
FN:495,(anonymous_34)
FN:540,(anonymous_35)
FN:557,(anonymous_36)
FN:620,(anonymous_37)
FN:627,(anonymous_38)
FN:650,(anonymous_39)
FNF:40
FNH:37
FNDA:7526,(anonymous_0)
FNDA:8802,(anonymous_1)
FNDA:77,(anonymous_2)
FNDA:107091,(anonymous_3)
FNDA:117914,(anonymous_4)
FNDA:3,(anonymous_5)
FNDA:0,(anonymous_6)
FNDA:9,(anonymous_7)
FNDA:9,(anonymous_8)
FNDA:9,(anonymous_9)
FNDA:1,(anonymous_10)
FNDA:2,(anonymous_11)
FNDA:6287,(anonymous_12)
FNDA:6634,(anonymous_13)
FNDA:16104,(anonymous_14)
FNDA:84,(anonymous_15)
FNDA:89,(anonymous_16)
FNDA:255,(anonymous_17)
FNDA:248,(anonymous_18)
FNDA:47,(anonymous_19)
FNDA:59079,(anonymous_20)
FNDA:84679,(anonymous_21)
FNDA:37,(anonymous_22)
FNDA:4,(anonymous_23)
FNDA:1,(anonymous_24)
FNDA:4153,(anonymous_25)
FNDA:870,(anonymous_26)
FNDA:893,(anonymous_27)
FNDA:251081,(anonymous_28)
FNDA:92066,(anonymous_29)
FNDA:13904,(anonymous_30)
FNDA:0,(anonymous_31)
FNDA:14,(anonymous_32)
FNDA:92,(anonymous_33)
FNDA:40253,(anonymous_34)
FNDA:92066,(anonymous_35)
FNDA:47,(anonymous_36)
FNDA:21,(anonymous_37)
FNDA:0,(anonymous_38)
FNDA:41,(anonymous_39)
DA:1,41
DA:2,41
DA:3,41
DA:4,41
DA:5,41
DA:6,41
DA:7,41
DA:8,41
DA:9,41
DA:10,41
DA:11,41
DA:14,41
DA:15,41
DA:16,41
DA:19,41
DA:20,41
DA:22,41
DA:24,41
DA:26,41
DA:27,41
DA:29,41
DA:30,41
DA:32,7526
DA:33,7526
DA:34,7526
DA:35,7526
DA:39,7526
DA:40,7526
DA:44,7526
DA:46,7526
DA:50,8802
DA:51,8802
DA:52,8802
DA:53,8802
DA:57,77
DA:58,77
DA:59,77
DA:60,324
DA:61,24
DA:64,77
DA:71,107091
DA:72,107091
DA:79,117914
DA:80,117914
DA:81,127000
DA:82,127000
DA:84,0
DA:87,117914
DA:95,3
DA:96,3
DA:97,3
DA:99,3
DA:112,0
DA:113,0
DA:114,0
DA:115,0
DA:116,0
DA:117,0
DA:118,0
DA:119,0
DA:120,0
DA:121,0
DA:126,0
DA:133,9
DA:134,9
DA:135,9
DA:136,9
DA:137,7
DA:138,0
DA:140,7
DA:147,1
DA:148,2
DA:149,1
DA:157,6287
DA:159,6287
DA:160,6634
DA:162,0
DA:164,6287
DA:165,6287
DA:167,0
DA:175,16104
DA:176,16104
DA:177,8049
DA:178,8049
DA:180,90
DA:181,19
DA:182,18
DA:183,18
DA:184,18
DA:185,18
DA:188,90
DA:189,90
DA:190,7959
DA:191,330
DA:193,7629
DA:194,7629
DA:197,16014
DA:198,655
DA:200,15359
DA:204,84
DA:205,84
DA:206,84
DA:207,84
DA:208,85
DA:209,84
DA:210,84
DA:211,89
DA:213,240
DA:214,89
DA:215,29
DA:223,0
DA:225,55
DA:229,255
DA:230,85
DA:232,255
DA:233,0
DA:235,255
DA:236,255
DA:237,255
DA:238,255
DA:239,726
DA:240,726
DA:241,216
DA:242,257
DA:243,877
DA:244,248
DA:245,38
DA:254,0
DA:256,217
DA:260,47
DA:261,0
DA:263,47
DA:264,47
DA:265,45
DA:267,2
DA:268,2
DA:270,47
DA:274,59079
DA:275,84679
DA:276,59079
DA:277,59079
DA:279,0
DA:288,37
DA:289,37
DA:291,37
DA:292,37
DA:293,37
DA:294,37
DA:295,26
DA:296,26
DA:298,37
DA:299,37
DA:300,37
DA:302,37
DA:303,0
DA:305,37
DA:308,37
DA:309,4
DA:311,33
DA:314,37
DA:318,4
DA:319,3
DA:320,3
DA:321,3
DA:322,3
DA:323,0
DA:326,3
DA:327,3
DA:328,3
DA:330,0
DA:333,0
DA:341,1
DA:342,1
DA:343,0
DA:346,1
DA:347,1
DA:349,1
DA:350,0
DA:351,0
DA:352,0
DA:354,0
DA:358,1
DA:359,1
DA:360,1
DA:361,1
DA:362,1
DA:363,1
DA:368,0
DA:378,4153
DA:380,4153
DA:381,4213
DA:382,40433
DA:383,40253
DA:384,40253
DA:386,40193
DA:391,4153
DA:392,4152
DA:395,4153
DA:399,870
DA:400,1009
DA:401,174
DA:404,696
DA:405,432
DA:406,1
DA:409,695
DA:413,893
DA:414,1080
DA:415,85
DA:418,808
DA:419,731
DA:420,0
DA:423,808
DA:428,251081
DA:429,251081
DA:430,251081
DA:431,251081
DA:435,92066
DA:436,92066
DA:437,97860
DA:438,804
DA:442,92066
DA:444,92066
DA:445,91418
DA:446,91418
DA:448,648
DA:449,648
DA:450,648
DA:451,648
DA:454,0
DA:455,0
DA:463,13904
DA:464,13904
DA:465,16291
DA:466,14160
DA:469,13904
DA:476,0
DA:477,0
DA:478,0
DA:480,0
DA:481,0
DA:482,0
DA:485,0
DA:489,14
DA:490,92
DA:491,14
DA:492,14
DA:496,40253
DA:497,40253
DA:498,40253
DA:499,40248
DA:500,43954
DA:501,43954
DA:502,43976
DA:503,155
DA:504,155
DA:505,155
DA:506,0
DA:507,155
DA:508,10
DA:510,145
DA:511,67
DA:512,23
DA:515,122
DA:516,24
DA:517,12
DA:520,110
DA:521,58
DA:522,11
DA:525,99
DA:526,26
DA:527,4
DA:534,40193
DA:541,92066
DA:542,92066
DA:543,97880
DA:544,97880
DA:545,134
DA:548,92066
DA:558,47
DA:559,30
DA:561,17
DA:562,17
DA:563,17
DA:565,0
DA:566,0
DA:568,17
DA:569,0
DA:571,17
DA:572,17
DA:573,1
DA:574,1
DA:575,2
DA:576,2
DA:577,2
DA:578,1
DA:584,15
DA:585,30
DA:586,30
DA:587,14
DA:588,14
DA:589,14
DA:590,0
DA:591,0
DA:595,0
DA:596,0
DA:597,0
DA:598,0
DA:599,0
DA:600,0
DA:601,0
DA:603,0
DA:604,0
DA:607,0
DA:614,15
DA:621,21
DA:622,21
DA:623,21
DA:624,21
DA:625,21
DA:626,41
DA:627,41
DA:628,41
DA:629,21
DA:631,20
DA:632,20
DA:633,20
DA:634,0
DA:635,0
DA:637,20
DA:638,0
DA:645,21
DA:650,41
DA:652,41
DA:654,41
DA:656,41
DA:658,41
DA:660,41
DA:662,41
LF:338
LH:279
BRDA:60,0,0,24
BRDA:60,0,1,300
BRDA:111,1,0,0
BRDA:116,2,0,0
BRDA:116,2,1,0
BRDA:116,3,0,0
BRDA:116,3,1,0
BRDA:118,4,0,0
BRDA:118,4,1,0
BRDA:120,5,0,0
BRDA:120,5,1,0
BRDA:137,6,0,0
BRDA:137,6,1,7
BRDA:164,7,0,6287
BRDA:164,7,1,0
BRDA:174,8,0,15693
BRDA:174,9,0,16078
BRDA:176,10,0,8049
BRDA:176,10,1,8055
BRDA:176,11,0,16104
BRDA:176,11,1,8122
BRDA:176,11,2,8049
BRDA:178,12,0,90
BRDA:178,12,1,7959
BRDA:178,13,0,8049
BRDA:178,13,1,181
BRDA:180,14,0,19
BRDA:180,14,1,71
BRDA:180,15,0,90
BRDA:180,15,1,75
BRDA:180,15,2,19
BRDA:181,16,0,18
BRDA:181,16,1,1
BRDA:190,17,0,330
BRDA:190,17,1,7629
BRDA:197,18,0,655
BRDA:197,18,1,15359
BRDA:208,19,0,84
BRDA:208,19,1,1
BRDA:208,20,0,85
BRDA:208,20,1,85
BRDA:213,21,0,89
BRDA:213,21,1,151
BRDA:214,22,0,29
BRDA:214,22,1,60
BRDA:229,23,0,85
BRDA:229,23,1,170
BRDA:232,24,0,0
BRDA:232,24,1,255
BRDA:240,25,0,216
BRDA:240,25,1,510
BRDA:240,26,0,726
BRDA:240,26,1,726
BRDA:243,27,0,248
BRDA:243,27,1,629
BRDA:244,28,0,38
BRDA:244,28,1,210
BRDA:260,29,0,0
BRDA:260,29,1,47
BRDA:276,30,0,59079
BRDA:276,30,1,0
BRDA:287,31,0,10
BRDA:287,32,0,26
BRDA:294,33,0,26
BRDA:294,33,1,11
BRDA:302,34,0,0
BRDA:302,34,1,37
BRDA:308,35,0,4
BRDA:308,35,1,33
BRDA:320,36,0,3
BRDA:320,36,1,0
BRDA:322,37,0,0
BRDA:322,37,1,3
BRDA:327,38,0,3
BRDA:327,38,1,0
BRDA:342,39,0,0
BRDA:342,39,1,1
BRDA:346,40,0,1
BRDA:346,40,1,0
BRDA:349,41,0,0
BRDA:349,41,1,1
BRDA:351,42,0,0
BRDA:351,42,1,0
BRDA:358,43,0,1
BRDA:358,43,1,0
BRDA:361,44,0,1
BRDA:361,44,1,0
BRDA:377,45,0,4152
BRDA:382,46,0,40253
BRDA:382,46,1,180
BRDA:391,47,0,4152
BRDA:391,47,1,1
BRDA:400,48,0,174
BRDA:400,48,1,835
BRDA:405,49,0,1
BRDA:405,49,1,431
BRDA:414,50,0,85
BRDA:414,50,1,995
BRDA:419,51,0,0
BRDA:419,51,1,731
BRDA:437,52,0,804
BRDA:437,52,1,97056
BRDA:444,53,0,91418
BRDA:444,53,1,648
BRDA:449,54,0,648
BRDA:449,54,1,0
BRDA:465,55,0,14160
BRDA:465,55,1,2131
BRDA:477,56,0,0
BRDA:477,56,1,0
BRDA:481,57,0,0
BRDA:481,57,1,0
BRDA:498,58,0,40248
BRDA:498,58,1,5
BRDA:498,59,0,40253
BRDA:498,59,1,12
BRDA:498,59,2,12
BRDA:502,60,0,155
BRDA:502,60,1,43821
BRDA:505,61,0,0
BRDA:505,61,1,155
BRDA:505,62,0,155
BRDA:505,62,1,19
BRDA:507,63,0,10
BRDA:507,63,1,145
BRDA:507,64,0,155
BRDA:507,64,1,19
BRDA:511,65,0,23
BRDA:511,65,1,44
BRDA:516,66,0,12
BRDA:516,66,1,12
BRDA:521,67,0,11
BRDA:521,67,1,47
BRDA:526,68,0,4
BRDA:526,68,1,22
BRDA:544,69,0,134
BRDA:544,69,1,97746
BRDA:558,70,0,30
BRDA:558,70,1,17
BRDA:568,71,0,0
BRDA:568,71,1,17
BRDA:572,72,0,1
BRDA:572,72,1,14
BRDA:576,73,0,2
BRDA:576,73,1,0
BRDA:576,74,0,2
BRDA:576,74,1,2
BRDA:577,75,0,1
BRDA:577,75,1,1
BRDA:577,76,0,2
BRDA:577,76,1,1
BRDA:586,77,0,14
BRDA:586,77,1,16
BRDA:586,78,0,30
BRDA:586,78,1,30
BRDA:586,78,2,15
BRDA:589,79,0,0
BRDA:589,79,1,14
BRDA:589,80,0,14
BRDA:589,80,1,14
BRDA:589,80,2,1
BRDA:590,81,0,0
BRDA:590,81,1,0
BRDA:595,82,0,0
BRDA:595,82,1,0
BRDA:596,83,0,0
BRDA:596,83,1,0
BRDA:596,84,0,0
BRDA:596,84,1,0
BRDA:598,85,0,0
BRDA:598,85,1,0
BRDA:600,86,0,0
BRDA:600,86,1,0
BRDA:620,87,0,21
BRDA:624,88,0,21
BRDA:624,88,1,0
BRDA:626,89,0,41
BRDA:626,89,1,0
BRDA:627,90,0,41
BRDA:627,90,1,0
BRDA:628,91,0,21
BRDA:628,91,1,20
BRDA:631,92,0,20
BRDA:631,92,1,20
BRDA:632,93,0,20
BRDA:632,93,1,20
BRDA:633,94,0,0
BRDA:633,94,1,20
BRDA:633,95,0,20
BRDA:633,95,1,0
BRDA:634,96,0,0
BRDA:634,96,1,0
BRDA:637,97,0,0
BRDA:637,97,1,20
BRDA:650,98,0,41
BRDA:650,98,1,41
BRF:196
BRH:141
end_of_record
TN:
SF:C:\Users\dbergmann\Desktop\list-manager\src\backend\controller\objects\extension\provider-extension\series-provider-extension.ts
FN:12,(anonymous_0)
FN:20,(anonymous_1)
FN:21,(anonymous_2)
FN:34,(anonymous_3)
FN:35,(anonymous_4)
FN:44,(anonymous_5)
FN:54,(anonymous_6)
FN:64,(anonymous_7)
FN:69,(anonymous_8)
FN:74,(anonymous_9)
FNF:10
FNH:10
FNDA:7526,(anonymous_0)
FNDA:411,(anonymous_1)
FNDA:535,(anonymous_2)
FNDA:989,(anonymous_3)
FNDA:401,(anonymous_4)
FNDA:4929,(anonymous_5)
FNDA:380,(anonymous_6)
FNDA:354961,(anonymous_7)
FNDA:252660,(anonymous_8)
FNDA:59097,(anonymous_9)
DA:1,41
DA:2,41
DA:5,41
DA:6,41
DA:7,41
DA:8,41
DA:12,41
DA:13,7526
DA:14,7526
DA:21,535
DA:22,411
DA:23,254
DA:24,254
DA:26,157
DA:35,989
DA:36,989
DA:37,868
DA:38,868
DA:40,121
DA:45,4929
DA:46,962
DA:47,626
DA:48,336
DA:49,322
DA:55,380
DA:56,101
DA:57,32
DA:58,69
DA:59,69
DA:65,354961
DA:66,354961
DA:70,252660
DA:71,252660
DA:75,59097
LF:34
LH:34
BRDA:22,0,0,254
BRDA:22,0,1,157
BRDA:36,1,0,868
BRDA:36,1,1,121
BRDA:46,2,0,626
BRDA:46,2,1,336
BRDA:48,3,0,322
BRDA:48,3,1,14
BRDA:56,4,0,32
BRDA:56,4,1,69
BRDA:58,5,0,69
BRDA:58,5,1,0
BRF:12
BRH:11
end_of_record
TN:
SF:C:\Users\dbergmann\Desktop\list-manager\src\backend\controller\objects\extension\provider-extension\binding\info-local-data-bind.ts
FN:5,(anonymous_0)
FNF:1
FNH:1
FNDA:254,(anonymous_0)
DA:2,41
DA:4,41
DA:6,254
LF:3
LH:3
BRF:0
BRH:0
end_of_record
TN:
SF:C:\Users\dbergmann\Desktop\list-manager\src\backend\controller\objects\extension\provider-extension\binding\list-local-data-bind.ts
FN:6,(anonymous_0)
FNF:1
FNH:1
FNDA:868,(anonymous_0)
DA:3,41
DA:5,41
DA:7,868
LF:3
LH:3
BRF:0
BRH:0
end_of_record
TN:
SF:C:\Users\dbergmann\Desktop\list-manager\src\backend\controller\objects\extension\provider-extension\binding\local-data-bind.ts
FN:9,(anonymous_0)
FNF:1
FNH:1
FNDA:1122,(anonymous_0)
DA:4,41
DA:10,1122
DA:11,1122
DA:12,1122
DA:13,9
DA:15,1113
LF:6
LH:6
BRDA:12,0,0,9
BRDA:12,0,1,1113
BRF:2
BRH:2
end_of_record
TN:
SF:C:\Users\dbergmann\Desktop\list-manager\src\backend\helpFunctions\comperators\multi-provider-results-comperator.ts
FN:14,(anonymous_0)
FNF:1
FNH:1
FNDA:347,(anonymous_0)
DA:2,41
DA:3,41
DA:4,41
DA:5,41
DA:6,41
DA:7,41
DA:8,41
DA:9,41
DA:10,41
DA:11,41
DA:13,41
DA:15,347
DA:17,347
DA:18,347
DA:19,347
DA:20,347
DA:22,347
DA:23,347
DA:24,70
DA:25,70
DA:26,32
DA:27,18
DA:28,18
DA:29,8
DA:30,8
DA:31,10
DA:32,8
DA:33,8
DA:34,2
DA:37,0
DA:41,38
DA:44,277
DA:47,347
DA:48,347
DA:49,347
DA:50,347
DA:51,70
DA:54,347
DA:55,347
DA:56,347
DA:58,347
DA:59,347
DA:60,347
DA:61,347
DA:62,347
DA:63,10
DA:67,347
DA:68,53
DA:69,24
DA:70,0
DA:71,0
DA:76,294
DA:78,347
LF:53
LH:50
BRDA:23,0,0,70
BRDA:23,0,1,277
BRDA:25,1,0,32
BRDA:25,1,1,38
BRDA:26,2,0,18
BRDA:26,2,1,14
BRDA:28,3,0,8
BRDA:28,3,1,10
BRDA:31,4,0,8
BRDA:31,4,1,2
BRDA:31,5,0,10
BRDA:31,5,1,1
BRDA:31,5,2,10
BRDA:34,6,0,2
BRDA:34,6,1,0
BRDA:34,7,0,2
BRDA:34,7,1,2
BRDA:50,8,0,70
BRDA:50,8,1,277
BRDA:62,9,0,10
BRDA:62,9,1,337
BRDA:67,10,0,53
BRDA:67,10,1,294
BRDA:67,11,0,347
BRDA:67,11,1,297
BRDA:70,12,0,0
BRDA:70,12,1,0
BRF:27
BRH:24
end_of_record
TN:
SF:C:\Users\dbergmann\Desktop\list-manager\src\backend\helpFunctions\provider\provider-helper.ts
FN:16,(anonymous_0)
FN:41,(anonymous_1)
FN:84,(anonymous_2)
FN:102,(anonymous_3)
FN:105,(anonymous_4)
FN:120,(anonymous_5)
FN:128,(anonymous_6)
FN:146,(anonymous_7)
FN:165,(anonymous_8)
FN:166,(anonymous_9)
FN:170,(anonymous_10)
FN:178,(anonymous_11)
FN:198,(anonymous_12)
FN:204,(anonymous_13)
FN:215,(anonymous_14)
FN:224,(anonymous_15)
FN:225,(anonymous_16)
FN:226,(anonymous_17)
FN:239,(anonymous_18)
FN:262,(anonymous_19)
FN:270,(anonymous_20)
FN:291,(anonymous_21)
FNF:22
FNH:22
FNDA:193,(anonymous_0)
FNDA:4365,(anonymous_1)
FNDA:4372,(anonymous_2)
FNDA:190,(anonymous_3)
FNDA:4414,(anonymous_4)
FNDA:190,(anonymous_5)
FNDA:4312,(anonymous_6)
FNDA:190,(anonymous_7)
FNDA:190,(anonymous_8)
FNDA:205,(anonymous_9)
FNDA:195,(anonymous_10)
FNDA:191,(anonymous_11)
FNDA:190,(anonymous_12)
FNDA:58582,(anonymous_13)
FNDA:9459,(anonymous_14)
FNDA:9468,(anonymous_15)
FNDA:9510,(anonymous_16)
FNDA:9497,(anonymous_17)
FNDA:19,(anonymous_18)
FNDA:4294,(anonymous_19)
FNDA:4365,(anonymous_20)
FNDA:4413,(anonymous_21)
DA:4,41
DA:5,41
DA:7,41
DA:8,41
DA:9,41
DA:10,41
DA:11,41
DA:14,41
DA:17,193
DA:19,190
DA:20,190
DA:21,168
DA:22,168
DA:25,190
DA:26,190
DA:28,190
DA:29,22
DA:30,22
DA:33,190
DA:35,193
DA:42,4365
DA:43,4365
DA:44,4365
DA:45,4365
DA:46,0
DA:47,0
DA:48,0
DA:49,0
DA:51,0
DA:52,0
DA:54,0
DA:58,4365
DA:59,4365
DA:60,4365
DA:61,4365
DA:63,4372
DA:64,4372
DA:65,7
DA:67,4372
DA:68,67
DA:69,67
DA:70,0
DA:72,67
DA:74,4305
DA:78,4365
DA:79,60
DA:81,4365
DA:85,4372
DA:86,7
DA:87,0
DA:88,0
DA:91,4365
DA:92,60
DA:93,7
DA:96,4365
DA:103,190
DA:104,190
DA:105,4414
DA:106,196
DA:108,4144
DA:109,4144
DA:110,4098
DA:113,22
DA:117,190
DA:121,190
DA:122,190
DA:123,190
DA:125,190
DA:126,190
DA:127,4291
DA:128,4312
DA:129,4291
DA:130,4291
DA:131,4291
DA:132,4291
DA:133,4291
DA:134,4291
DA:135,62
DA:140,0
DA:143,190
DA:147,190
DA:148,190
DA:149,190
DA:150,190
DA:151,190
DA:152,74
DA:153,74
DA:154,74
DA:155,74
DA:156,39
DA:159,0
DA:162,190
DA:166,205
DA:167,190
DA:171,195
DA:172,195
DA:173,191
DA:175,4
DA:179,191
DA:180,191
DA:181,191
DA:182,91
DA:183,91
DA:184,228
DA:185,16
DA:186,16
DA:188,16
DA:191,91
DA:192,75
DA:195,191
DA:199,190
DA:200,190
DA:201,190
DA:203,190
DA:204,58582
DA:205,4294
DA:206,4294
DA:207,196
DA:208,193
DA:211,4098
DA:215,9459
DA:216,190
DA:225,9510
DA:226,9497
DA:227,9468
DA:228,839
DA:229,8629
DA:230,34
DA:232,8595
DA:240,19
DA:241,19
DA:242,19
DA:243,19
DA:244,19
DA:245,19
DA:246,0
DA:247,0
DA:249,19
DA:250,0
DA:251,0
DA:255,0
DA:257,19
DA:263,4294
DA:264,4340
DA:265,196
DA:271,4365
DA:272,4365
DA:273,4606
DA:274,4606
DA:275,4412
DA:276,0
DA:277,0
DA:278,0
DA:280,0
DA:285,76
DA:288,4365
DA:292,4413
DA:293,4296
DA:294,53
DA:295,1
DA:299,4336
LF:161
LH:140
BRDA:16,0,0,193
BRDA:16,1,0,193
BRDA:17,2,0,190
BRDA:17,2,1,3
BRDA:17,3,0,193
BRDA:17,3,1,3
BRDA:20,4,0,168
BRDA:20,4,1,22
BRDA:28,5,0,22
BRDA:28,5,1,168
BRDA:48,6,0,0
BRDA:48,6,1,0
BRDA:48,7,0,0
BRDA:48,7,1,0
BRDA:64,8,0,7
BRDA:64,8,1,4365
BRDA:69,9,0,0
BRDA:69,9,1,67
BRDA:69,10,0,67
BRDA:69,10,1,4
BRDA:78,11,0,60
BRDA:78,11,1,4305
BRDA:85,12,0,7
BRDA:85,12,1,4365
BRDA:85,13,0,4372
BRDA:85,13,1,7
BRDA:86,14,0,0
BRDA:86,14,1,7
BRDA:87,15,0,0
BRDA:87,15,1,0
BRDA:91,16,0,60
BRDA:91,16,1,4305
BRDA:91,17,0,4365
BRDA:91,17,1,4365
BRDA:92,18,0,7
BRDA:92,18,1,53
BRDA:102,19,0,0
BRDA:105,20,0,196
BRDA:105,20,1,4144
BRDA:109,21,0,4098
BRDA:109,21,1,24
BRDA:129,22,0,4291
BRDA:129,22,1,0
BRDA:129,23,0,4291
BRDA:129,23,1,193
BRDA:129,23,2,4098
BRDA:172,24,0,191
BRDA:172,24,1,4
BRDA:184,25,0,16
BRDA:184,25,1,212
BRDA:185,26,0,16
BRDA:185,26,1,0
BRDA:191,27,0,75
BRDA:191,27,1,16
BRDA:204,28,0,4294
BRDA:204,28,1,134
BRDA:206,29,0,196
BRDA:206,29,1,4098
BRDA:207,30,0,193
BRDA:207,30,1,3
BRDA:207,31,0,196
BRDA:207,31,1,3
BRDA:227,32,0,839
BRDA:227,32,1,8629
BRDA:229,33,0,34
BRDA:229,33,1,8595
BRDA:242,34,0,19
BRDA:242,34,1,0
BRDA:245,35,0,0
BRDA:245,35,1,19
BRDA:249,36,0,0
BRDA:249,36,1,19
BRDA:264,37,0,196
BRDA:264,37,1,4144
BRDA:274,38,0,4412
BRDA:274,38,1,194
BRDA:275,39,0,0
BRDA:275,39,1,4336
BRDA:292,40,0,4296
BRDA:292,40,1,117
BRDA:294,41,0,1
BRDA:294,41,1,52
BRF:82
BRH:67
end_of_record
TN:
SF:C:\Users\dbergmann\Desktop\list-manager\src\backend\helpFunctions\provider\provider-info-downloader\provider-info-downloaderhelper.ts
FN:29,(anonymous_0)
FN:46,(anonymous_1)
FN:53,(anonymous_2)
FN:64,(anonymous_3)
FN:99,(anonymous_4)
FN:106,(anonymous_5)
FN:135,(anonymous_6)
FN:149,(anonymous_7)
FN:151,(anonymous_8)
FN:169,(anonymous_9)
FN:184,(anonymous_10)
FNF:11
FNH:10
FNDA:4,(anonymous_0)
FNDA:4389,(anonymous_1)
FNDA:4641,(anonymous_2)
FNDA:0,(anonymous_3)
FNDA:4168,(anonymous_4)
FNDA:70,(anonymous_5)
FNDA:14,(anonymous_6)
FNDA:4162,(anonymous_7)
FNDA:883,(anonymous_8)
FNDA:4162,(anonymous_9)
FNDA:686,(anonymous_10)
DA:2,41
DA:3,41
DA:4,41
DA:5,41
DA:7,41
DA:8,41
DA:9,41
DA:11,41
DA:12,41
DA:13,41
DA:14,41
DA:15,41
DA:16,41
DA:17,41
DA:18,41
DA:19,41
DA:20,41
DA:24,41
DA:30,4
DA:31,4
DA:32,4
DA:33,4
DA:34,1
DA:35,1
DA:40,0
DA:41,0
DA:43,3
DA:47,4389
DA:48,4389
DA:49,4389
DA:50,4389
DA:52,4389
DA:53,4641
DA:54,4389
DA:55,4187
DA:56,4166
DA:57,4166
DA:58,4
DA:59,4162
DA:61,4162
DA:62,4162
DA:63,4162
DA:64,4161
DA:65,4161
DA:66,4161
DA:67,0
DA:69,4161
DA:71,4161
DA:72,48
DA:73,48
DA:74,48
DA:76,0
DA:78,0
DA:80,0
DA:83,21
DA:86,202
DA:87,30
DA:89,30
DA:90,30
DA:93,1
DA:94,1
DA:96,0
DA:100,4168
DA:101,4136
DA:102,4136
DA:103,16
DA:104,18
DA:105,18
DA:106,70
DA:107,18
DA:108,14
DA:109,14
DA:110,14
DA:111,14
DA:112,6
DA:113,6
DA:114,6
DA:115,6
DA:116,6
DA:117,0
DA:118,0
DA:119,0
DA:120,0
DA:121,0
DA:127,0
DA:132,4162
DA:136,14
DA:138,233
DA:139,6
DA:142,8
DA:150,4162
DA:151,4162
DA:152,4162
DA:154,4162
DA:156,1
DA:157,1
DA:159,4162
DA:170,4162
DA:171,4162
DA:172,4162
DA:173,4162
DA:174,186
DA:175,186
DA:177,64
DA:178,55
DA:179,55
DA:180,346
DA:181,346
DA:183,55
DA:184,686
DA:185,55
DA:186,250
DA:188,39
DA:189,39
DA:192,16
DA:193,123
DA:194,10
DA:196,10
DA:197,10
DA:202,9
DA:205,3976
DA:207,3991
LF:122
LH:109
BRDA:33,0,0,1
BRDA:33,0,1,3
BRDA:46,1,0,17
BRDA:47,2,0,4389
BRDA:47,2,1,0
BRDA:54,3,0,4187
BRDA:54,3,1,202
BRDA:55,4,0,4166
BRDA:55,4,1,21
BRDA:55,5,0,4187
BRDA:55,5,1,83
BRDA:65,6,0,4161
BRDA:65,6,1,0
BRDA:65,7,0,4161
BRDA:65,7,1,4161
BRDA:66,8,0,0
BRDA:66,8,1,4161
BRDA:72,9,0,48
BRDA:72,9,1,0
BRDA:100,10,0,4136
BRDA:100,10,1,32
BRDA:102,11,0,16
BRDA:102,11,1,4120
BRDA:107,12,0,14
BRDA:107,12,1,4
BRDA:109,13,0,14
BRDA:109,13,1,0
BRDA:111,14,0,6
BRDA:111,14,1,8
BRDA:112,15,0,6
BRDA:112,15,1,0
BRDA:117,16,0,0
BRDA:117,16,1,0
BRDA:138,17,0,6
BRDA:138,17,1,227
BRDA:173,18,0,186
BRDA:173,18,1,3976
BRDA:173,19,0,4162
BRDA:173,19,1,4115
BRDA:173,19,2,3982
BRDA:177,20,0,55
BRDA:177,20,1,9
BRDA:177,21,0,64
BRDA:177,21,1,64
BRDA:183,22,0,55
BRDA:183,22,1,0
BRDA:186,23,0,39
BRDA:186,23,1,211
BRDA:193,24,0,10
BRDA:193,24,1,113
BRF:50
BRH:41
end_of_record
TN:
SF:C:\Users\dbergmann\Desktop\list-manager\src\backend\helpFunctions\season-helper\season-helper.ts
FN:34,(anonymous_0)
FN:94,(anonymous_1)
FN:139,(anonymous_2)
FN:211,(anonymous_3)
FNF:4
FNH:4
FNDA:541,(anonymous_0)
FNDA:527,(anonymous_1)
FNDA:8055,(anonymous_2)
FNDA:18,(anonymous_3)
DA:3,41
DA:4,41
DA:6,41
DA:7,41
DA:8,41
DA:9,41
DA:10,41
DA:11,41
DA:12,41
DA:13,41
DA:14,41
DA:15,41
DA:35,541
DA:36,541
DA:37,541
DA:38,82
DA:39,82
DA:40,82
DA:41,82
DA:42,55
DA:44,27
DA:45,27
DA:47,29
DA:48,29
DA:49,13
DA:50,13
DA:51,13
DA:52,0
DA:54,13
DA:55,13
DA:58,16
DA:60,2
DA:61,2
DA:62,0
DA:63,0
DA:65,2
DA:66,14
DA:68,0
DA:70,14
DA:74,14
DA:76,459
DA:95,527
DA:96,527
DA:97,527
DA:98,164
DA:99,164
DA:100,164
DA:101,164
DA:102,143
DA:104,21
DA:105,23
DA:106,17
DA:107,17
DA:108,17
DA:109,1
DA:111,16
DA:112,14
DA:115,8
DA:117,6
DA:118,6
DA:119,4
DA:120,4
DA:122,2
DA:124,2
DA:128,6
DA:130,363
DA:140,8055
DA:146,8055
DA:147,8029
DA:149,8055
DA:150,8055
DA:152,8055
DA:153,101
DA:158,7954
DA:159,1057
DA:164,6897
DA:165,6897
DA:166,7014
DA:167,7014
DA:168,6352
DA:173,545
DA:174,541
DA:175,541
DA:176,13
DA:180,532
DA:181,527
DA:182,527
DA:183,14
DA:187,518
DA:188,69
DA:191,449
DA:192,113
DA:195,336
DA:196,336
DA:197,5
DA:200,0
DA:203,331
DA:212,18
DA:213,18
DA:214,18
DA:215,68
DA:216,1
DA:217,1
DA:218,1
DA:219,1
DA:220,1
DA:221,1
DA:222,0
DA:224,1
DA:225,1
DA:226,0
DA:227,0
DA:228,0
DA:229,0
DA:230,0
DA:232,0
DA:233,0
DA:235,0
DA:238,1
DA:242,18
DA:243,18
DA:247,41
LF:122
LH:108
BRDA:37,0,0,82
BRDA:37,0,1,459
BRDA:37,1,0,541
BRDA:37,1,1,82
BRDA:41,2,0,55
BRDA:41,2,1,27
BRDA:48,3,0,13
BRDA:48,3,1,16
BRDA:51,4,0,0
BRDA:51,4,1,13
BRDA:54,5,0,13
BRDA:54,5,1,0
BRDA:54,6,0,13
BRDA:54,6,1,13
BRDA:58,7,0,2
BRDA:58,7,1,14
BRDA:61,8,0,0
BRDA:61,8,1,2
BRDA:66,9,0,0
BRDA:66,9,1,14
BRDA:97,10,0,164
BRDA:97,10,1,363
BRDA:97,11,0,527
BRDA:97,11,1,164
BRDA:101,12,0,143
BRDA:101,12,1,21
BRDA:105,13,0,17
BRDA:105,13,1,6
BRDA:108,14,0,1
BRDA:108,14,1,16
BRDA:111,15,0,14
BRDA:111,15,1,2
BRDA:111,16,0,16
BRDA:111,16,1,14
BRDA:115,17,0,6
BRDA:115,17,1,2
BRDA:118,18,0,4
BRDA:118,18,1,2
BRDA:139,19,0,0
BRDA:146,20,0,8029
BRDA:146,20,1,26
BRDA:149,21,0,8055
BRDA:149,21,1,0
BRDA:152,22,0,101
BRDA:152,22,1,7954
BRDA:152,23,0,8055
BRDA:152,23,1,8055
BRDA:152,23,2,1158
BRDA:158,24,0,1057
BRDA:158,24,1,6897
BRDA:158,25,0,7954
BRDA:158,25,1,7954
BRDA:164,26,0,6897
BRDA:164,26,1,0
BRDA:167,27,0,6352
BRDA:167,27,1,662
BRDA:173,28,0,541
BRDA:173,28,1,4
BRDA:175,29,0,13
BRDA:175,29,1,528
BRDA:180,30,0,527
BRDA:180,30,1,5
BRDA:182,31,0,14
BRDA:182,31,1,513
BRDA:187,32,0,69
BRDA:187,32,1,449
BRDA:187,33,0,518
BRDA:187,33,1,515
BRDA:191,34,0,113
BRDA:191,34,1,336
BRDA:191,35,0,449
BRDA:191,35,1,444
BRDA:196,36,0,5
BRDA:196,36,1,331
BRDA:196,37,0,336
BRDA:196,37,1,335
BRDA:216,38,0,1
BRDA:216,38,1,0
BRDA:216,39,0,1
BRDA:216,39,1,1
BRDA:218,40,0,1
BRDA:218,40,1,0
BRDA:221,41,0,0
BRDA:221,41,1,1
BRDA:226,42,0,0
BRDA:226,42,1,0
BRDA:229,43,0,0
BRDA:229,43,1,0
BRF:88
BRH:74
end_of_record
